<?xml version="1.0" encoding="UTF-8" standalone="no"?>
<!DOCTYPE log SYSTEM "logger.dtd">
<log>
<record>
  <date>2019-03-05T15:55:32</date>
  <millis>1551781532764</millis>
  <sequence>0</sequence>
  <level>START</level>
  <class>com.kms.katalon.core.logging.XmlKeywordLogger</class>
  <method>startSuite</method>
  <thread>1</thread>
  <message>Start Test Suite : Test Suites/New Test Suite</message>
  <nestedLevel>0</nestedLevel>
  <property name="name">New Test Suite</property>
  <property name="description"></property>
  <property name="id">Test Suites/New Test Suite</property>
</record>
<record>
  <date>2019-03-05T15:55:32</date>
  <millis>1551781532783</millis>
  <sequence>1</sequence>
  <level>RUN_DATA</level>
  <class>com.kms.katalon.core.logging.XmlKeywordLogger</class>
  <method>logMessage</method>
  <thread>1</thread>
  <message>hostName = sonalid - ULTP_594.synerzipune.local</message>
  <nestedLevel>0</nestedLevel>
  <property name="hostName">sonalid - ULTP_594.synerzipune.local</property>
</record>
<record>
  <date>2019-03-05T15:55:32</date>
  <millis>1551781532785</millis>
  <sequence>2</sequence>
  <level>RUN_DATA</level>
  <class>com.kms.katalon.core.logging.XmlKeywordLogger</class>
  <method>logMessage</method>
  <thread>1</thread>
  <message>os = Windows 10 64bit</message>
  <nestedLevel>0</nestedLevel>
  <property name="os">Windows 10 64bit</property>
</record>
<record>
  <date>2019-03-05T15:55:32</date>
  <millis>1551781532786</millis>
  <sequence>3</sequence>
  <level>RUN_DATA</level>
  <class>com.kms.katalon.core.logging.XmlKeywordLogger</class>
  <method>logMessage</method>
  <thread>1</thread>
  <message>hostAddress = 172.24.4.93</message>
  <nestedLevel>0</nestedLevel>
  <property name="hostAddress">172.24.4.93</property>
</record>
<record>
  <date>2019-03-05T15:55:32</date>
  <millis>1551781532788</millis>
  <sequence>4</sequence>
  <level>RUN_DATA</level>
  <class>com.kms.katalon.core.logging.XmlKeywordLogger</class>
  <method>logMessage</method>
  <thread>1</thread>
  <message>katalonVersion = 5.10.1.1</message>
  <nestedLevel>0</nestedLevel>
  <property name="katalonVersion">5.10.1.1</property>
</record>
<record>
  <date>2019-03-05T15:55:33</date>
  <millis>1551781533324</millis>
  <sequence>5</sequence>
  <level>START</level>
  <class>com.kms.katalon.core.logging.XmlKeywordLogger</class>
  <method>startTest</method>
  <thread>1</thread>
  <message>Start Test Case : Test Cases/MercatusTestCases/ProjectTestCases/Create entity with extra assumption values in API body</message>
  <nestedLevel>1</nestedLevel>
  <property name="name">Test Cases/MercatusTestCases/ProjectTestCases/Create entity with extra assumption values in API body</property>
  <property name="description">Create entity with extra assumption values in API body</property>
  <property name="id">Test Cases/MercatusTestCases/ProjectTestCases/Create entity with extra assumption values in API body</property>
  <property name="source">E:\\API-test\\Test Cases\\MercatusTestCases\\ProjectTestCases\\Create entity with extra assumption values in API body.tc</property>
  <property name="isOptional">false</property>
</record>
<record>
  <date>2019-03-05T15:55:33</date>
  <millis>1551781533656</millis>
  <sequence>7</sequence>
  <level>START</level>
  <class>com.kms.katalon.core.logging.XmlKeywordLogger</class>
  <method>startKeyword</method>
  <thread>1</thread>
  <message>Start action : Response = sendRequest(findTestObject(\&amp;quot;Mercatus/Projects/Create Entity/Create entity with extra assumption values in API body\&amp;quot;, [\&amp;quot;OrgId\&amp;quot;:findTestData(\&amp;quot;Create Entity\&amp;quot;).getValue(1, 1), \&amp;quot;url3\&amp;quot;:findTestData(\&amp;quot;Create Entity\&amp;quot;).getValue(1, 1), \&amp;quot;Authorization\&amp;quot;:Authorization]))</message>
  <nestedLevel>1</nestedLevel>
  <property name="startLine">16</property>
  <property name="stepIndex">1</property>
</record>
<record>
  <date>2019-03-05T15:55:41</date>
  <millis>1551781541532</millis>
  <sequence>19</sequence>
  <level>INFO</level>
  <class>com.kms.katalon.core.logging.XmlKeywordLogger</class>
  <method>logMessage</method>
  <thread>1</thread>
  <message>HAR: E:\\API-test\\Reports\\New Test Suite\\20190305_155528\\requests\\main\\0.har</message>
  <nestedLevel>1</nestedLevel>
  <property name="harId">8459f6d4-73f5-494f-9b94-597fe1ad52f5</property>
</record>
<record>
  <date>2019-03-05T15:55:41</date>
  <millis>1551781541723</millis>
  <sequence>20</sequence>
  <level>PASSED</level>
  <class>com.kms.katalon.core.logging.XmlKeywordLogger</class>
  <method>logMessage</method>
  <thread>1</thread>
  <message>Send request successfully</message>
  <nestedLevel>1</nestedLevel>
</record>
<record>
  <date>2019-03-05T15:55:41</date>
  <millis>1551781541725</millis>
  <sequence>21</sequence>
  <level>END</level>
  <class>com.kms.katalon.core.logging.XmlKeywordLogger</class>
  <method>endKeyword</method>
  <thread>1</thread>
  <message>End action : Response = sendRequest(findTestObject(\&amp;quot;Mercatus/Projects/Create Entity/Create entity with extra assumption values in API body\&amp;quot;, [\&amp;quot;OrgId\&amp;quot;:findTestData(\&amp;quot;Create Entity\&amp;quot;).getValue(1, 1), \&amp;quot;url3\&amp;quot;:findTestData(\&amp;quot;Create Entity\&amp;quot;).getValue(1, 1), \&amp;quot;Authorization\&amp;quot;:Authorization]))</message>
  <nestedLevel>1</nestedLevel>
</record>
<record>
  <date>2019-03-05T15:55:41</date>
  <millis>1551781541726</millis>
  <sequence>22</sequence>
  <level>START</level>
  <class>com.kms.katalon.core.logging.XmlKeywordLogger</class>
  <method>startKeyword</method>
  <thread>1</thread>
  <message>Start action : containsString(Response, \&amp;quot;The application has encountered an error, Please retry.\&amp;quot;, false)</message>
  <nestedLevel>1</nestedLevel>
  <property name="startLine">20</property>
  <property name="stepIndex">2</property>
</record>
<record>
  <date>2019-03-05T15:55:41</date>
  <millis>1551781541741</millis>
  <sequence>25</sequence>
  <level>PASSED</level>
  <class>com.kms.katalon.core.logging.XmlKeywordLogger</class>
  <method>logMessage</method>
  <thread>1</thread>
  <message>Check contain string successfully</message>
  <nestedLevel>1</nestedLevel>
</record>
<record>
  <date>2019-03-05T15:55:41</date>
  <millis>1551781541742</millis>
  <sequence>26</sequence>
  <level>END</level>
  <class>com.kms.katalon.core.logging.XmlKeywordLogger</class>
  <method>endKeyword</method>
  <thread>1</thread>
  <message>End action : containsString(Response, \&amp;quot;The application has encountered an error, Please retry.\&amp;quot;, false)</message>
  <nestedLevel>1</nestedLevel>
</record>
<record>
  <date>2019-03-05T15:55:41</date>
  <millis>1551781541743</millis>
  <sequence>27</sequence>
  <level>PASSED</level>
  <class>com.kms.katalon.core.logging.XmlKeywordLogger</class>
  <method>logMessage</method>
  <thread>1</thread>
  <message>Test Cases/MercatusTestCases/ProjectTestCases/Create entity with extra assumption values in API body</message>
  <nestedLevel>1</nestedLevel>
</record>
<record>
  <date>2019-03-05T15:55:41</date>
  <millis>1551781541744</millis>
  <sequence>28</sequence>
  <level>START</level>
  <class>com.kms.katalon.core.logging.XmlKeywordLogger</class>
  <method>startKeyword</method>
  <thread>1</thread>
  <message>Start listener action : afterTestCase</message>
  <nestedLevel>1</nestedLevel>
</record>
<record>
  <date>2019-03-05T15:55:41</date>
  <millis>1551781541753</millis>
  <sequence>30</sequence>
  <level>START</level>
  <class>com.kms.katalon.core.logging.XmlKeywordLogger</class>
  <method>startKeyword</method>
  <thread>1</thread>
  <message>Start action : try</message>
  <nestedLevel>1</nestedLevel>
  <property name="startLine">32</property>
  <property name="stepIndex">1</property>
</record>
<record>
  <date>2019-03-05T15:55:41</date>
  <millis>1551781541758</millis>
  <sequence>31</sequence>
  <level>START</level>
  <class>com.kms.katalon.core.logging.XmlKeywordLogger</class>
  <method>startKeyword</method>
  <thread>1</thread>
  <message>Start action : tc_ids = getTestCaseVariables()[\&amp;quot;testrail_tc_id\&amp;quot;].split(\&amp;quot;,\&amp;quot;)</message>
  <nestedLevel>2</nestedLevel>
  <property name="startLine">33</property>
  <property name="stepIndex">1</property>
</record>
<record>
  <date>2019-03-05T15:55:41</date>
  <millis>1551781541781</millis>
  <sequence>32</sequence>
  <level>END</level>
  <class>com.kms.katalon.core.logging.XmlKeywordLogger</class>
  <method>endKeyword</method>
  <thread>1</thread>
  <message>End action : tc_ids = getTestCaseVariables()[\&amp;quot;testrail_tc_id\&amp;quot;].split(\&amp;quot;,\&amp;quot;)</message>
  <nestedLevel>2</nestedLevel>
</record>
<record>
  <date>2019-03-05T15:55:41</date>
  <millis>1551781541782</millis>
  <sequence>33</sequence>
  <level>END</level>
  <class>com.kms.katalon.core.logging.XmlKeywordLogger</class>
  <method>endKeyword</method>
  <thread>1</thread>
  <message>End action : try</message>
  <nestedLevel>1</nestedLevel>
</record>
<record>
  <date>2019-03-05T15:55:41</date>
  <millis>1551781541782</millis>
  <sequence>34</sequence>
  <level>START</level>
  <class>com.kms.katalon.core.logging.XmlKeywordLogger</class>
  <method>startKeyword</method>
  <thread>1</thread>
  <message>Start action : catch (NullPointerException ex)</message>
  <nestedLevel>1</nestedLevel>
  <property name="startLine">38</property>
  <property name="stepIndex">2</property>
</record>
<record>
  <date>2019-03-05T15:55:41</date>
  <millis>1551781541783</millis>
  <sequence>36</sequence>
  <level>END</level>
  <class>com.kms.katalon.core.logging.XmlKeywordLogger</class>
  <method>endKeyword</method>
  <thread>1</thread>
  <message>End action : catch (NullPointerException ex)</message>
  <nestedLevel>1</nestedLevel>
</record>
<record>
  <date>2019-03-05T15:55:41</date>
  <millis>1551781541784</millis>
  <sequence>37</sequence>
  <level>END</level>
  <class>com.kms.katalon.core.logging.XmlKeywordLogger</class>
  <method>endKeyword</method>
  <thread>1</thread>
  <message>End listener action : afterTestCase</message>
  <nestedLevel>1</nestedLevel>
</record>
<record>
  <date>2019-03-05T15:55:41</date>
  <millis>1551781541785</millis>
  <sequence>38</sequence>
  <level>END</level>
  <class>com.kms.katalon.core.logging.XmlKeywordLogger</class>
  <method>endTest</method>
  <thread>1</thread>
  <message>End Test Case : Test Cases/MercatusTestCases/ProjectTestCases/Create entity with extra assumption values in API body</message>
  <nestedLevel>0</nestedLevel>
</record>
<record>
  <date>2019-03-05T15:55:41</date>
  <millis>1551781541806</millis>
  <sequence>39</sequence>
  <level>START</level>
  <class>com.kms.katalon.core.logging.XmlKeywordLogger</class>
  <method>startTest</method>
  <thread>1</thread>
  <message>Start Test Case : Test Cases/MercatusTestCases/ProjectTestCases/Create entity with invalid-Blank entity category name</message>
  <nestedLevel>1</nestedLevel>
  <property name="name">Test Cases/MercatusTestCases/ProjectTestCases/Create entity with invalid-Blank entity category name</property>
  <property name="description">Create entity with invalid/Blank entity category name</property>
  <property name="id">Test Cases/MercatusTestCases/ProjectTestCases/Create entity with invalid-Blank entity category name</property>
  <property name="source">E:\\API-test\\Test Cases\\MercatusTestCases\\ProjectTestCases\\Create entity with invalid-Blank entity category name.tc</property>
  <property name="isOptional">false</property>
</record>
<record>
  <date>2019-03-05T15:55:42</date>
  <millis>1551781542205</millis>
  <sequence>41</sequence>
  <level>START</level>
  <class>com.kms.katalon.core.logging.XmlKeywordLogger</class>
  <method>startKeyword</method>
  <thread>1</thread>
  <message>Start action : Response = sendRequest(findTestObject(\&amp;quot;Mercatus/Projects/Create Entity/Create entity with invalid-Blank entity category name\&amp;quot;, [\&amp;quot;OrgId\&amp;quot;:findTestData(\&amp;quot;Create Entity\&amp;quot;).getValue(1, 1), \&amp;quot;url3\&amp;quot;:findTestData(\&amp;quot;Create Entity\&amp;quot;).getValue(1, 1), \&amp;quot;Authorization\&amp;quot;:Authorization]))</message>
  <nestedLevel>1</nestedLevel>
  <property name="startLine">16</property>
  <property name="stepIndex">1</property>
</record>
<record>
  <date>2019-03-05T15:55:44</date>
  <millis>1551781544368</millis>
  <sequence>53</sequence>
  <level>INFO</level>
  <class>com.kms.katalon.core.logging.XmlKeywordLogger</class>
  <method>logMessage</method>
  <thread>1</thread>
  <message>HAR: E:\\API-test\\Reports\\New Test Suite\\20190305_155528\\requests\\main\\1.har</message>
  <nestedLevel>1</nestedLevel>
  <property name="harId">8944762c-a06f-4e66-8ba3-739a5d8743ad</property>
</record>
<record>
  <date>2019-03-05T15:55:44</date>
  <millis>1551781544375</millis>
  <sequence>54</sequence>
  <level>PASSED</level>
  <class>com.kms.katalon.core.logging.XmlKeywordLogger</class>
  <method>logMessage</method>
  <thread>1</thread>
  <message>Send request successfully</message>
  <nestedLevel>1</nestedLevel>
</record>
<record>
  <date>2019-03-05T15:55:44</date>
  <millis>1551781544376</millis>
  <sequence>55</sequence>
  <level>END</level>
  <class>com.kms.katalon.core.logging.XmlKeywordLogger</class>
  <method>endKeyword</method>
  <thread>1</thread>
  <message>End action : Response = sendRequest(findTestObject(\&amp;quot;Mercatus/Projects/Create Entity/Create entity with invalid-Blank entity category name\&amp;quot;, [\&amp;quot;OrgId\&amp;quot;:findTestData(\&amp;quot;Create Entity\&amp;quot;).getValue(1, 1), \&amp;quot;url3\&amp;quot;:findTestData(\&amp;quot;Create Entity\&amp;quot;).getValue(1, 1), \&amp;quot;Authorization\&amp;quot;:Authorization]))</message>
  <nestedLevel>1</nestedLevel>
</record>
<record>
  <date>2019-03-05T15:55:44</date>
  <millis>1551781544378</millis>
  <sequence>56</sequence>
  <level>START</level>
  <class>com.kms.katalon.core.logging.XmlKeywordLogger</class>
  <method>startKeyword</method>
  <thread>1</thread>
  <message>Start action : containsString(Response, \&amp;quot;The application has encountered an error, Please retry.\&amp;quot;, false)</message>
  <nestedLevel>1</nestedLevel>
  <property name="startLine">20</property>
  <property name="stepIndex">2</property>
</record>
<record>
  <date>2019-03-05T15:55:44</date>
  <millis>1551781544379</millis>
  <sequence>59</sequence>
  <level>PASSED</level>
  <class>com.kms.katalon.core.logging.XmlKeywordLogger</class>
  <method>logMessage</method>
  <thread>1</thread>
  <message>Check contain string successfully</message>
  <nestedLevel>1</nestedLevel>
</record>
<record>
  <date>2019-03-05T15:55:44</date>
  <millis>1551781544380</millis>
  <sequence>60</sequence>
  <level>END</level>
  <class>com.kms.katalon.core.logging.XmlKeywordLogger</class>
  <method>endKeyword</method>
  <thread>1</thread>
  <message>End action : containsString(Response, \&amp;quot;The application has encountered an error, Please retry.\&amp;quot;, false)</message>
  <nestedLevel>1</nestedLevel>
</record>
<record>
  <date>2019-03-05T15:55:44</date>
  <millis>1551781544380</millis>
  <sequence>61</sequence>
  <level>PASSED</level>
  <class>com.kms.katalon.core.logging.XmlKeywordLogger</class>
  <method>logMessage</method>
  <thread>1</thread>
  <message>Test Cases/MercatusTestCases/ProjectTestCases/Create entity with invalid-Blank entity category name</message>
  <nestedLevel>1</nestedLevel>
</record>
<record>
  <date>2019-03-05T15:55:44</date>
  <millis>1551781544381</millis>
  <sequence>62</sequence>
  <level>START</level>
  <class>com.kms.katalon.core.logging.XmlKeywordLogger</class>
  <method>startKeyword</method>
  <thread>1</thread>
  <message>Start listener action : afterTestCase</message>
  <nestedLevel>1</nestedLevel>
</record>
<record>
  <date>2019-03-05T15:55:44</date>
  <millis>1551781544382</millis>
  <sequence>64</sequence>
  <level>START</level>
  <class>com.kms.katalon.core.logging.XmlKeywordLogger</class>
  <method>startKeyword</method>
  <thread>1</thread>
  <message>Start action : try</message>
  <nestedLevel>1</nestedLevel>
  <property name="startLine">32</property>
  <property name="stepIndex">1</property>
</record>
<record>
  <date>2019-03-05T15:55:44</date>
  <millis>1551781544383</millis>
  <sequence>65</sequence>
  <level>START</level>
  <class>com.kms.katalon.core.logging.XmlKeywordLogger</class>
  <method>startKeyword</method>
  <thread>1</thread>
  <message>Start action : tc_ids = getTestCaseVariables()[\&amp;quot;testrail_tc_id\&amp;quot;].split(\&amp;quot;,\&amp;quot;)</message>
  <nestedLevel>2</nestedLevel>
  <property name="startLine">33</property>
  <property name="stepIndex">1</property>
</record>
<record>
  <date>2019-03-05T15:55:44</date>
  <millis>1551781544384</millis>
  <sequence>66</sequence>
  <level>END</level>
  <class>com.kms.katalon.core.logging.XmlKeywordLogger</class>
  <method>endKeyword</method>
  <thread>1</thread>
  <message>End action : tc_ids = getTestCaseVariables()[\&amp;quot;testrail_tc_id\&amp;quot;].split(\&amp;quot;,\&amp;quot;)</message>
  <nestedLevel>2</nestedLevel>
</record>
<record>
  <date>2019-03-05T15:55:44</date>
  <millis>1551781544385</millis>
  <sequence>67</sequence>
  <level>END</level>
  <class>com.kms.katalon.core.logging.XmlKeywordLogger</class>
  <method>endKeyword</method>
  <thread>1</thread>
  <message>End action : try</message>
  <nestedLevel>1</nestedLevel>
</record>
<record>
  <date>2019-03-05T15:55:44</date>
  <millis>1551781544385</millis>
  <sequence>68</sequence>
  <level>START</level>
  <class>com.kms.katalon.core.logging.XmlKeywordLogger</class>
  <method>startKeyword</method>
  <thread>1</thread>
  <message>Start action : catch (NullPointerException ex)</message>
  <nestedLevel>1</nestedLevel>
  <property name="startLine">38</property>
  <property name="stepIndex">2</property>
</record>
<record>
  <date>2019-03-05T15:55:44</date>
  <millis>1551781544386</millis>
  <sequence>70</sequence>
  <level>END</level>
  <class>com.kms.katalon.core.logging.XmlKeywordLogger</class>
  <method>endKeyword</method>
  <thread>1</thread>
  <message>End action : catch (NullPointerException ex)</message>
  <nestedLevel>1</nestedLevel>
</record>
<record>
  <date>2019-03-05T15:55:44</date>
  <millis>1551781544386</millis>
  <sequence>71</sequence>
  <level>END</level>
  <class>com.kms.katalon.core.logging.XmlKeywordLogger</class>
  <method>endKeyword</method>
  <thread>1</thread>
  <message>End listener action : afterTestCase</message>
  <nestedLevel>1</nestedLevel>
</record>
<record>
  <date>2019-03-05T15:55:44</date>
  <millis>1551781544387</millis>
  <sequence>72</sequence>
  <level>END</level>
  <class>com.kms.katalon.core.logging.XmlKeywordLogger</class>
  <method>endTest</method>
  <thread>1</thread>
  <message>End Test Case : Test Cases/MercatusTestCases/ProjectTestCases/Create entity with invalid-Blank entity category name</message>
  <nestedLevel>0</nestedLevel>
</record>
<record>
  <date>2019-03-05T15:55:44</date>
  <millis>1551781544392</millis>
  <sequence>73</sequence>
  <level>START</level>
  <class>com.kms.katalon.core.logging.XmlKeywordLogger</class>
  <method>startTest</method>
  <thread>1</thread>
  <message>Start Test Case : Test Cases/MercatusTestCases/ProjectTestCases/Create entity without creation fields in API body</message>
  <nestedLevel>1</nestedLevel>
  <property name="name">Test Cases/MercatusTestCases/ProjectTestCases/Create entity without creation fields in API body</property>
  <property name="description">Create entity without creation fields in API body</property>
  <property name="id">Test Cases/MercatusTestCases/ProjectTestCases/Create entity without creation fields in API body</property>
  <property name="source">E:\\API-test\\Test Cases\\MercatusTestCases\\ProjectTestCases\\Create entity without creation fields in API body.tc</property>
  <property name="isOptional">false</property>
</record>
<record>
  <date>2019-03-05T15:55:44</date>
  <millis>1551781544651</millis>
  <sequence>75</sequence>
  <level>START</level>
  <class>com.kms.katalon.core.logging.XmlKeywordLogger</class>
  <method>startKeyword</method>
  <thread>1</thread>
  <message>Start action : Response = sendRequest(findTestObject(\&amp;quot;Mercatus/Projects/Create Entity/Create entity without creation fields in API body\&amp;quot;, [\&amp;quot;OrgId\&amp;quot;:findTestData(\&amp;quot;Create Entity\&amp;quot;).getValue(1, 1), \&amp;quot;url3\&amp;quot;:findTestData(\&amp;quot;Create Entity\&amp;quot;).getValue(1, 1), \&amp;quot;Authorization\&amp;quot;:Authorization]))</message>
  <nestedLevel>1</nestedLevel>
  <property name="startLine">16</property>
  <property name="stepIndex">1</property>
</record>
<record>
  <date>2019-03-05T15:55:47</date>
  <millis>1551781547842</millis>
  <sequence>87</sequence>
  <level>INFO</level>
  <class>com.kms.katalon.core.logging.XmlKeywordLogger</class>
  <method>logMessage</method>
  <thread>1</thread>
  <message>HAR: E:\\API-test\\Reports\\New Test Suite\\20190305_155528\\requests\\main\\2.har</message>
  <nestedLevel>1</nestedLevel>
  <property name="harId">5f6a24bd-69bc-4c02-816f-a7c258a251f5</property>
</record>
<record>
  <date>2019-03-05T15:55:47</date>
  <millis>1551781547847</millis>
  <sequence>88</sequence>
  <level>PASSED</level>
  <class>com.kms.katalon.core.logging.XmlKeywordLogger</class>
  <method>logMessage</method>
  <thread>1</thread>
  <message>Send request successfully</message>
  <nestedLevel>1</nestedLevel>
</record>
<record>
  <date>2019-03-05T15:55:47</date>
  <millis>1551781547848</millis>
  <sequence>89</sequence>
  <level>END</level>
  <class>com.kms.katalon.core.logging.XmlKeywordLogger</class>
  <method>endKeyword</method>
  <thread>1</thread>
  <message>End action : Response = sendRequest(findTestObject(\&amp;quot;Mercatus/Projects/Create Entity/Create entity without creation fields in API body\&amp;quot;, [\&amp;quot;OrgId\&amp;quot;:findTestData(\&amp;quot;Create Entity\&amp;quot;).getValue(1, 1), \&amp;quot;url3\&amp;quot;:findTestData(\&amp;quot;Create Entity\&amp;quot;).getValue(1, 1), \&amp;quot;Authorization\&amp;quot;:Authorization]))</message>
  <nestedLevel>1</nestedLevel>
</record>
<record>
  <date>2019-03-05T15:55:47</date>
  <millis>1551781547849</millis>
  <sequence>90</sequence>
  <level>START</level>
  <class>com.kms.katalon.core.logging.XmlKeywordLogger</class>
  <method>startKeyword</method>
  <thread>1</thread>
  <message>Start action : containsString(Response, \&amp;quot;Error while creating project data\&amp;quot;, false)</message>
  <nestedLevel>1</nestedLevel>
  <property name="startLine">20</property>
  <property name="stepIndex">2</property>
</record>
<record>
  <date>2019-03-05T15:55:47</date>
  <millis>1551781547857</millis>
  <sequence>93</sequence>
  <level>PASSED</level>
  <class>com.kms.katalon.core.logging.XmlKeywordLogger</class>
  <method>logMessage</method>
  <thread>1</thread>
  <message>Check contain string successfully</message>
  <nestedLevel>1</nestedLevel>
</record>
<record>
  <date>2019-03-05T15:55:47</date>
  <millis>1551781547857</millis>
  <sequence>94</sequence>
  <level>END</level>
  <class>com.kms.katalon.core.logging.XmlKeywordLogger</class>
  <method>endKeyword</method>
  <thread>1</thread>
  <message>End action : containsString(Response, \&amp;quot;Error while creating project data\&amp;quot;, false)</message>
  <nestedLevel>1</nestedLevel>
</record>
<record>
  <date>2019-03-05T15:55:47</date>
  <millis>1551781547860</millis>
  <sequence>95</sequence>
  <level>PASSED</level>
  <class>com.kms.katalon.core.logging.XmlKeywordLogger</class>
  <method>logMessage</method>
  <thread>1</thread>
  <message>Test Cases/MercatusTestCases/ProjectTestCases/Create entity without creation fields in API body</message>
  <nestedLevel>1</nestedLevel>
</record>
<record>
  <date>2019-03-05T15:55:47</date>
  <millis>1551781547861</millis>
  <sequence>96</sequence>
  <level>START</level>
  <class>com.kms.katalon.core.logging.XmlKeywordLogger</class>
  <method>startKeyword</method>
  <thread>1</thread>
  <message>Start listener action : afterTestCase</message>
  <nestedLevel>1</nestedLevel>
</record>
<record>
  <date>2019-03-05T15:55:47</date>
  <millis>1551781547862</millis>
  <sequence>98</sequence>
  <level>START</level>
  <class>com.kms.katalon.core.logging.XmlKeywordLogger</class>
  <method>startKeyword</method>
  <thread>1</thread>
  <message>Start action : try</message>
  <nestedLevel>1</nestedLevel>
  <property name="startLine">32</property>
  <property name="stepIndex">1</property>
</record>
<record>
  <date>2019-03-05T15:55:47</date>
  <millis>1551781547863</millis>
  <sequence>99</sequence>
  <level>START</level>
  <class>com.kms.katalon.core.logging.XmlKeywordLogger</class>
  <method>startKeyword</method>
  <thread>1</thread>
  <message>Start action : tc_ids = getTestCaseVariables()[\&amp;quot;testrail_tc_id\&amp;quot;].split(\&amp;quot;,\&amp;quot;)</message>
  <nestedLevel>2</nestedLevel>
  <property name="startLine">33</property>
  <property name="stepIndex">1</property>
</record>
<record>
  <date>2019-03-05T15:55:47</date>
  <millis>1551781547864</millis>
  <sequence>100</sequence>
  <level>END</level>
  <class>com.kms.katalon.core.logging.XmlKeywordLogger</class>
  <method>endKeyword</method>
  <thread>1</thread>
  <message>End action : tc_ids = getTestCaseVariables()[\&amp;quot;testrail_tc_id\&amp;quot;].split(\&amp;quot;,\&amp;quot;)</message>
  <nestedLevel>2</nestedLevel>
</record>
<record>
  <date>2019-03-05T15:55:47</date>
  <millis>1551781547865</millis>
  <sequence>101</sequence>
  <level>END</level>
  <class>com.kms.katalon.core.logging.XmlKeywordLogger</class>
  <method>endKeyword</method>
  <thread>1</thread>
  <message>End action : try</message>
  <nestedLevel>1</nestedLevel>
</record>
<record>
  <date>2019-03-05T15:55:47</date>
  <millis>1551781547865</millis>
  <sequence>102</sequence>
  <level>START</level>
  <class>com.kms.katalon.core.logging.XmlKeywordLogger</class>
  <method>startKeyword</method>
  <thread>1</thread>
  <message>Start action : catch (NullPointerException ex)</message>
  <nestedLevel>1</nestedLevel>
  <property name="startLine">38</property>
  <property name="stepIndex">2</property>
</record>
<record>
  <date>2019-03-05T15:55:47</date>
  <millis>1551781547866</millis>
  <sequence>104</sequence>
  <level>END</level>
  <class>com.kms.katalon.core.logging.XmlKeywordLogger</class>
  <method>endKeyword</method>
  <thread>1</thread>
  <message>End action : catch (NullPointerException ex)</message>
  <nestedLevel>1</nestedLevel>
</record>
<record>
  <date>2019-03-05T15:55:47</date>
  <millis>1551781547866</millis>
  <sequence>105</sequence>
  <level>END</level>
  <class>com.kms.katalon.core.logging.XmlKeywordLogger</class>
  <method>endKeyword</method>
  <thread>1</thread>
  <message>End listener action : afterTestCase</message>
  <nestedLevel>1</nestedLevel>
</record>
<record>
  <date>2019-03-05T15:55:47</date>
  <millis>1551781547867</millis>
  <sequence>106</sequence>
  <level>END</level>
  <class>com.kms.katalon.core.logging.XmlKeywordLogger</class>
  <method>endTest</method>
  <thread>1</thread>
  <message>End Test Case : Test Cases/MercatusTestCases/ProjectTestCases/Create entity without creation fields in API body</message>
  <nestedLevel>0</nestedLevel>
</record>
<record>
  <date>2019-03-05T15:55:47</date>
  <millis>1551781547871</millis>
  <sequence>107</sequence>
  <level>START</level>
  <class>com.kms.katalon.core.logging.XmlKeywordLogger</class>
  <method>startTest</method>
  <thread>1</thread>
  <message>Start Test Case : Test Cases/MercatusTestCases/ProjectTestCases/Create project with incorrect assumption data</message>
  <nestedLevel>1</nestedLevel>
  <property name="name">Test Cases/MercatusTestCases/ProjectTestCases/Create project with incorrect assumption data</property>
  <property name="description">Create project with incorrect assumption data</property>
  <property name="id">Test Cases/MercatusTestCases/ProjectTestCases/Create project with incorrect assumption data</property>
  <property name="source">E:\\API-test\\Test Cases\\MercatusTestCases\\ProjectTestCases\\Create project with incorrect assumption data.tc</property>
  <property name="isOptional">false</property>
</record>
<record>
  <date>2019-03-05T15:55:48</date>
  <millis>1551781548132</millis>
  <sequence>109</sequence>
  <level>START</level>
  <class>com.kms.katalon.core.logging.XmlKeywordLogger</class>
  <method>startKeyword</method>
  <thread>1</thread>
  <message>Start action : Response = sendRequest(findTestObject(\&amp;quot;Mercatus/Projects/Create Entity/Create project with incorrect assumption data\&amp;quot;, [\&amp;quot;Authorization\&amp;quot;:Authorization, \&amp;quot;url3\&amp;quot;:findTestData(\&amp;quot;Create Entity\&amp;quot;).getValue(1, 1), \&amp;quot;OrgId\&amp;quot;:findTestData(\&amp;quot;Create Entity\&amp;quot;).getValue(1, 1)]))</message>
  <nestedLevel>1</nestedLevel>
  <property name="startLine">16</property>
  <property name="stepIndex">1</property>
</record>
<record>
  <date>2019-03-05T15:55:50</date>
  <millis>1551781550293</millis>
  <sequence>121</sequence>
  <level>INFO</level>
  <class>com.kms.katalon.core.logging.XmlKeywordLogger</class>
  <method>logMessage</method>
  <thread>1</thread>
  <message>HAR: E:\\API-test\\Reports\\New Test Suite\\20190305_155528\\requests\\main\\3.har</message>
  <nestedLevel>1</nestedLevel>
  <property name="harId">20a532ae-6d6a-4d56-bf86-69f44012ff5a</property>
</record>
<record>
  <date>2019-03-05T15:55:50</date>
  <millis>1551781550297</millis>
  <sequence>122</sequence>
  <level>PASSED</level>
  <class>com.kms.katalon.core.logging.XmlKeywordLogger</class>
  <method>logMessage</method>
  <thread>1</thread>
  <message>Send request successfully</message>
  <nestedLevel>1</nestedLevel>
</record>
<record>
  <date>2019-03-05T15:55:50</date>
  <millis>1551781550299</millis>
  <sequence>123</sequence>
  <level>END</level>
  <class>com.kms.katalon.core.logging.XmlKeywordLogger</class>
  <method>endKeyword</method>
  <thread>1</thread>
  <message>End action : Response = sendRequest(findTestObject(\&amp;quot;Mercatus/Projects/Create Entity/Create project with incorrect assumption data\&amp;quot;, [\&amp;quot;Authorization\&amp;quot;:Authorization, \&amp;quot;url3\&amp;quot;:findTestData(\&amp;quot;Create Entity\&amp;quot;).getValue(1, 1), \&amp;quot;OrgId\&amp;quot;:findTestData(\&amp;quot;Create Entity\&amp;quot;).getValue(1, 1)]))</message>
  <nestedLevel>1</nestedLevel>
</record>
<record>
  <date>2019-03-05T15:55:50</date>
  <millis>1551781550300</millis>
  <sequence>124</sequence>
  <level>START</level>
  <class>com.kms.katalon.core.logging.XmlKeywordLogger</class>
  <method>startKeyword</method>
  <thread>1</thread>
  <message>Start action : containsString(Response, \&amp;quot;The application has encountered an error, Please retry.\&amp;quot;, false)</message>
  <nestedLevel>1</nestedLevel>
  <property name="startLine">20</property>
  <property name="stepIndex">2</property>
</record>
<record>
  <date>2019-03-05T15:55:50</date>
  <millis>1551781550301</millis>
  <sequence>127</sequence>
  <level>PASSED</level>
  <class>com.kms.katalon.core.logging.XmlKeywordLogger</class>
  <method>logMessage</method>
  <thread>1</thread>
  <message>Check contain string successfully</message>
  <nestedLevel>1</nestedLevel>
</record>
<record>
  <date>2019-03-05T15:55:50</date>
  <millis>1551781550301</millis>
  <sequence>128</sequence>
  <level>END</level>
  <class>com.kms.katalon.core.logging.XmlKeywordLogger</class>
  <method>endKeyword</method>
  <thread>1</thread>
  <message>End action : containsString(Response, \&amp;quot;The application has encountered an error, Please retry.\&amp;quot;, false)</message>
  <nestedLevel>1</nestedLevel>
</record>
<record>
  <date>2019-03-05T15:55:50</date>
  <millis>1551781550302</millis>
  <sequence>129</sequence>
  <level>PASSED</level>
  <class>com.kms.katalon.core.logging.XmlKeywordLogger</class>
  <method>logMessage</method>
  <thread>1</thread>
  <message>Test Cases/MercatusTestCases/ProjectTestCases/Create project with incorrect assumption data</message>
  <nestedLevel>1</nestedLevel>
</record>
<record>
  <date>2019-03-05T15:55:50</date>
  <millis>1551781550302</millis>
  <sequence>130</sequence>
  <level>START</level>
  <class>com.kms.katalon.core.logging.XmlKeywordLogger</class>
  <method>startKeyword</method>
  <thread>1</thread>
  <message>Start listener action : afterTestCase</message>
  <nestedLevel>1</nestedLevel>
</record>
<record>
  <date>2019-03-05T15:55:50</date>
  <millis>1551781550303</millis>
  <sequence>132</sequence>
  <level>START</level>
  <class>com.kms.katalon.core.logging.XmlKeywordLogger</class>
  <method>startKeyword</method>
  <thread>1</thread>
  <message>Start action : try</message>
  <nestedLevel>1</nestedLevel>
  <property name="startLine">32</property>
  <property name="stepIndex">1</property>
</record>
<record>
  <date>2019-03-05T15:55:50</date>
  <millis>1551781550304</millis>
  <sequence>133</sequence>
  <level>START</level>
  <class>com.kms.katalon.core.logging.XmlKeywordLogger</class>
  <method>startKeyword</method>
  <thread>1</thread>
  <message>Start action : tc_ids = getTestCaseVariables()[\&amp;quot;testrail_tc_id\&amp;quot;].split(\&amp;quot;,\&amp;quot;)</message>
  <nestedLevel>2</nestedLevel>
  <property name="startLine">33</property>
  <property name="stepIndex">1</property>
</record>
<record>
  <date>2019-03-05T15:55:50</date>
  <millis>1551781550305</millis>
  <sequence>134</sequence>
  <level>END</level>
  <class>com.kms.katalon.core.logging.XmlKeywordLogger</class>
  <method>endKeyword</method>
  <thread>1</thread>
  <message>End action : tc_ids = getTestCaseVariables()[\&amp;quot;testrail_tc_id\&amp;quot;].split(\&amp;quot;,\&amp;quot;)</message>
  <nestedLevel>2</nestedLevel>
</record>
<record>
  <date>2019-03-05T15:55:50</date>
  <millis>1551781550305</millis>
  <sequence>135</sequence>
  <level>END</level>
  <class>com.kms.katalon.core.logging.XmlKeywordLogger</class>
  <method>endKeyword</method>
  <thread>1</thread>
  <message>End action : try</message>
  <nestedLevel>1</nestedLevel>
</record>
<record>
  <date>2019-03-05T15:55:50</date>
  <millis>1551781550306</millis>
  <sequence>136</sequence>
  <level>START</level>
  <class>com.kms.katalon.core.logging.XmlKeywordLogger</class>
  <method>startKeyword</method>
  <thread>1</thread>
  <message>Start action : catch (NullPointerException ex)</message>
  <nestedLevel>1</nestedLevel>
  <property name="startLine">38</property>
  <property name="stepIndex">2</property>
</record>
<record>
  <date>2019-03-05T15:55:50</date>
  <millis>1551781550306</millis>
  <sequence>138</sequence>
  <level>END</level>
  <class>com.kms.katalon.core.logging.XmlKeywordLogger</class>
  <method>endKeyword</method>
  <thread>1</thread>
  <message>End action : catch (NullPointerException ex)</message>
  <nestedLevel>1</nestedLevel>
</record>
<record>
  <date>2019-03-05T15:55:50</date>
  <millis>1551781550306</millis>
  <sequence>139</sequence>
  <level>END</level>
  <class>com.kms.katalon.core.logging.XmlKeywordLogger</class>
  <method>endKeyword</method>
  <thread>1</thread>
  <message>End listener action : afterTestCase</message>
  <nestedLevel>1</nestedLevel>
</record>
<record>
  <date>2019-03-05T15:55:50</date>
  <millis>1551781550307</millis>
  <sequence>140</sequence>
  <level>END</level>
  <class>com.kms.katalon.core.logging.XmlKeywordLogger</class>
  <method>endTest</method>
  <thread>1</thread>
  <message>End Test Case : Test Cases/MercatusTestCases/ProjectTestCases/Create project with incorrect assumption data</message>
  <nestedLevel>0</nestedLevel>
</record>
<record>
  <date>2019-03-05T15:55:50</date>
  <millis>1551781550312</millis>
  <sequence>141</sequence>
  <level>START</level>
  <class>com.kms.katalon.core.logging.XmlKeywordLogger</class>
  <method>startTest</method>
  <thread>1</thread>
  <message>Start Test Case : Test Cases/MercatusTestCases/ProjectTestCases/Create project with invalid OrgId</message>
  <nestedLevel>1</nestedLevel>
  <property name="name">Test Cases/MercatusTestCases/ProjectTestCases/Create project with invalid OrgId</property>
  <property name="description">Create project with invalid OrgId</property>
  <property name="id">Test Cases/MercatusTestCases/ProjectTestCases/Create project with invalid OrgId</property>
  <property name="source">E:\\API-test\\Test Cases\\MercatusTestCases\\ProjectTestCases\\Create project with invalid OrgId.tc</property>
  <property name="isOptional">false</property>
</record>
<record>
  <date>2019-03-05T15:55:50</date>
  <millis>1551781550586</millis>
  <sequence>143</sequence>
  <level>START</level>
  <class>com.kms.katalon.core.logging.XmlKeywordLogger</class>
  <method>startKeyword</method>
  <thread>1</thread>
  <message>Start action : Response = sendRequest(findTestObject(\&amp;quot;Mercatus/Projects/Create Entity/Create project with invalid org id\&amp;quot;, [\&amp;quot;Authorization\&amp;quot;:Authorization, \&amp;quot;url3\&amp;quot;:findTestData(\&amp;quot;Create Entity\&amp;quot;).getValue(1, 1)]))</message>
  <nestedLevel>1</nestedLevel>
  <property name="startLine">16</property>
  <property name="stepIndex">1</property>
</record>
<record>
  <date>2019-03-05T15:55:52</date>
  <millis>1551781552357</millis>
  <sequence>151</sequence>
  <level>INFO</level>
  <class>com.kms.katalon.core.logging.XmlKeywordLogger</class>
  <method>logMessage</method>
  <thread>1</thread>
  <message>HAR: E:\\API-test\\Reports\\New Test Suite\\20190305_155528\\requests\\main\\4.har</message>
  <nestedLevel>1</nestedLevel>
  <property name="harId">7376e130-79fe-4a85-ad32-02b65191381d</property>
</record>
<record>
  <date>2019-03-05T15:55:52</date>
  <millis>1551781552360</millis>
  <sequence>152</sequence>
  <level>PASSED</level>
  <class>com.kms.katalon.core.logging.XmlKeywordLogger</class>
  <method>logMessage</method>
  <thread>1</thread>
  <message>Send request successfully</message>
  <nestedLevel>1</nestedLevel>
</record>
<record>
  <date>2019-03-05T15:55:52</date>
  <millis>1551781552362</millis>
  <sequence>153</sequence>
  <level>END</level>
  <class>com.kms.katalon.core.logging.XmlKeywordLogger</class>
  <method>endKeyword</method>
  <thread>1</thread>
  <message>End action : Response = sendRequest(findTestObject(\&amp;quot;Mercatus/Projects/Create Entity/Create project with invalid org id\&amp;quot;, [\&amp;quot;Authorization\&amp;quot;:Authorization, \&amp;quot;url3\&amp;quot;:findTestData(\&amp;quot;Create Entity\&amp;quot;).getValue(1, 1)]))</message>
  <nestedLevel>1</nestedLevel>
</record>
<record>
  <date>2019-03-05T15:55:52</date>
  <millis>1551781552363</millis>
  <sequence>154</sequence>
  <level>START</level>
  <class>com.kms.katalon.core.logging.XmlKeywordLogger</class>
  <method>startKeyword</method>
  <thread>1</thread>
  <message>Start action : containsString(Response, \&amp;quot;Access Denied.\&amp;quot;, false)</message>
  <nestedLevel>1</nestedLevel>
  <property name="startLine">19</property>
  <property name="stepIndex">2</property>
</record>
<record>
  <date>2019-03-05T15:55:52</date>
  <millis>1551781552364</millis>
  <sequence>157</sequence>
  <level>PASSED</level>
  <class>com.kms.katalon.core.logging.XmlKeywordLogger</class>
  <method>logMessage</method>
  <thread>1</thread>
  <message>Check contain string successfully</message>
  <nestedLevel>1</nestedLevel>
</record>
<record>
  <date>2019-03-05T15:55:52</date>
  <millis>1551781552365</millis>
  <sequence>158</sequence>
  <level>END</level>
  <class>com.kms.katalon.core.logging.XmlKeywordLogger</class>
  <method>endKeyword</method>
  <thread>1</thread>
  <message>End action : containsString(Response, \&amp;quot;Access Denied.\&amp;quot;, false)</message>
  <nestedLevel>1</nestedLevel>
</record>
<record>
  <date>2019-03-05T15:55:52</date>
  <millis>1551781552365</millis>
  <sequence>159</sequence>
  <level>PASSED</level>
  <class>com.kms.katalon.core.logging.XmlKeywordLogger</class>
  <method>logMessage</method>
  <thread>1</thread>
  <message>Test Cases/MercatusTestCases/ProjectTestCases/Create project with invalid OrgId</message>
  <nestedLevel>1</nestedLevel>
</record>
<record>
  <date>2019-03-05T15:55:52</date>
  <millis>1551781552366</millis>
  <sequence>160</sequence>
  <level>START</level>
  <class>com.kms.katalon.core.logging.XmlKeywordLogger</class>
  <method>startKeyword</method>
  <thread>1</thread>
  <message>Start listener action : afterTestCase</message>
  <nestedLevel>1</nestedLevel>
</record>
<record>
  <date>2019-03-05T15:55:52</date>
  <millis>1551781552367</millis>
  <sequence>162</sequence>
  <level>START</level>
  <class>com.kms.katalon.core.logging.XmlKeywordLogger</class>
  <method>startKeyword</method>
  <thread>1</thread>
  <message>Start action : try</message>
  <nestedLevel>1</nestedLevel>
  <property name="startLine">32</property>
  <property name="stepIndex">1</property>
</record>
<record>
  <date>2019-03-05T15:55:52</date>
  <millis>1551781552367</millis>
  <sequence>163</sequence>
  <level>START</level>
  <class>com.kms.katalon.core.logging.XmlKeywordLogger</class>
  <method>startKeyword</method>
  <thread>1</thread>
  <message>Start action : tc_ids = getTestCaseVariables()[\&amp;quot;testrail_tc_id\&amp;quot;].split(\&amp;quot;,\&amp;quot;)</message>
  <nestedLevel>2</nestedLevel>
  <property name="startLine">33</property>
  <property name="stepIndex">1</property>
</record>
<record>
  <date>2019-03-05T15:55:52</date>
  <millis>1551781552368</millis>
  <sequence>164</sequence>
  <level>END</level>
  <class>com.kms.katalon.core.logging.XmlKeywordLogger</class>
  <method>endKeyword</method>
  <thread>1</thread>
  <message>End action : tc_ids = getTestCaseVariables()[\&amp;quot;testrail_tc_id\&amp;quot;].split(\&amp;quot;,\&amp;quot;)</message>
  <nestedLevel>2</nestedLevel>
</record>
<record>
  <date>2019-03-05T15:55:52</date>
  <millis>1551781552369</millis>
  <sequence>165</sequence>
  <level>END</level>
  <class>com.kms.katalon.core.logging.XmlKeywordLogger</class>
  <method>endKeyword</method>
  <thread>1</thread>
  <message>End action : try</message>
  <nestedLevel>1</nestedLevel>
</record>
<record>
  <date>2019-03-05T15:55:52</date>
  <millis>1551781552369</millis>
  <sequence>166</sequence>
  <level>START</level>
  <class>com.kms.katalon.core.logging.XmlKeywordLogger</class>
  <method>startKeyword</method>
  <thread>1</thread>
  <message>Start action : catch (NullPointerException ex)</message>
  <nestedLevel>1</nestedLevel>
  <property name="startLine">38</property>
  <property name="stepIndex">2</property>
</record>
<record>
  <date>2019-03-05T15:55:52</date>
  <millis>1551781552370</millis>
  <sequence>168</sequence>
  <level>END</level>
  <class>com.kms.katalon.core.logging.XmlKeywordLogger</class>
  <method>endKeyword</method>
  <thread>1</thread>
  <message>End action : catch (NullPointerException ex)</message>
  <nestedLevel>1</nestedLevel>
</record>
<record>
  <date>2019-03-05T15:55:52</date>
  <millis>1551781552370</millis>
  <sequence>169</sequence>
  <level>END</level>
  <class>com.kms.katalon.core.logging.XmlKeywordLogger</class>
  <method>endKeyword</method>
  <thread>1</thread>
  <message>End listener action : afterTestCase</message>
  <nestedLevel>1</nestedLevel>
</record>
<record>
  <date>2019-03-05T15:55:52</date>
  <millis>1551781552370</millis>
  <sequence>170</sequence>
  <level>END</level>
  <class>com.kms.katalon.core.logging.XmlKeywordLogger</class>
  <method>endTest</method>
  <thread>1</thread>
  <message>End Test Case : Test Cases/MercatusTestCases/ProjectTestCases/Create project with invalid OrgId</message>
  <nestedLevel>0</nestedLevel>
</record>
<record>
  <date>2019-03-05T15:55:52</date>
  <millis>1551781552375</millis>
  <sequence>171</sequence>
  <level>START</level>
  <class>com.kms.katalon.core.logging.XmlKeywordLogger</class>
  <method>startTest</method>
  <thread>1</thread>
  <message>Start Test Case : Test Cases/MercatusTestCases/ProjectTestCases/Create project without adding data for all assumptions</message>
  <nestedLevel>1</nestedLevel>
  <property name="name">Test Cases/MercatusTestCases/ProjectTestCases/Create project without adding data for all assumptions</property>
  <property name="description">Create project without adding data for all assumptions</property>
  <property name="id">Test Cases/MercatusTestCases/ProjectTestCases/Create project without adding data for all assumptions</property>
  <property name="source">E:\\API-test\\Test Cases\\MercatusTestCases\\ProjectTestCases\\Create project without adding data for all assumptions.tc</property>
  <property name="isOptional">false</property>
</record>
<record>
  <date>2019-03-05T15:55:52</date>
  <millis>1551781552623</millis>
  <sequence>173</sequence>
  <level>START</level>
  <class>com.kms.katalon.core.logging.XmlKeywordLogger</class>
  <method>startKeyword</method>
  <thread>1</thread>
  <message>Start action : Response = sendRequest(findTestObject(\&amp;quot;Mercatus/Projects/Create Entity/Create project without adding data for all assumptions\&amp;quot;, [\&amp;quot;Authorization\&amp;quot;:Authorization, \&amp;quot;OrgId\&amp;quot;:findTestData(\&amp;quot;Create Entity\&amp;quot;).getValue(1, 1), \&amp;quot;url3\&amp;quot;:findTestData(\&amp;quot;Create Entity\&amp;quot;).getValue(1, 1)]))</message>
  <nestedLevel>1</nestedLevel>
  <property name="startLine">16</property>
  <property name="stepIndex">1</property>
</record>
<record>
  <date>2019-03-05T15:55:54</date>
  <millis>1551781554713</millis>
  <sequence>185</sequence>
  <level>INFO</level>
  <class>com.kms.katalon.core.logging.XmlKeywordLogger</class>
  <method>logMessage</method>
  <thread>1</thread>
  <message>HAR: E:\\API-test\\Reports\\New Test Suite\\20190305_155528\\requests\\main\\5.har</message>
  <nestedLevel>1</nestedLevel>
  <property name="harId">0abec3d8-1284-4c52-b565-b3ea4d5240ec</property>
</record>
<record>
  <date>2019-03-05T15:55:54</date>
  <millis>1551781554717</millis>
  <sequence>186</sequence>
  <level>PASSED</level>
  <class>com.kms.katalon.core.logging.XmlKeywordLogger</class>
  <method>logMessage</method>
  <thread>1</thread>
  <message>Send request successfully</message>
  <nestedLevel>1</nestedLevel>
</record>
<record>
  <date>2019-03-05T15:55:54</date>
  <millis>1551781554718</millis>
  <sequence>187</sequence>
  <level>END</level>
  <class>com.kms.katalon.core.logging.XmlKeywordLogger</class>
  <method>endKeyword</method>
  <thread>1</thread>
  <message>End action : Response = sendRequest(findTestObject(\&amp;quot;Mercatus/Projects/Create Entity/Create project without adding data for all assumptions\&amp;quot;, [\&amp;quot;Authorization\&amp;quot;:Authorization, \&amp;quot;OrgId\&amp;quot;:findTestData(\&amp;quot;Create Entity\&amp;quot;).getValue(1, 1), \&amp;quot;url3\&amp;quot;:findTestData(\&amp;quot;Create Entity\&amp;quot;).getValue(1, 1)]))</message>
  <nestedLevel>1</nestedLevel>
</record>
<record>
  <date>2019-03-05T15:55:54</date>
  <millis>1551781554718</millis>
  <sequence>188</sequence>
  <level>START</level>
  <class>com.kms.katalon.core.logging.XmlKeywordLogger</class>
  <method>startKeyword</method>
  <thread>1</thread>
  <message>Start action : containsString(Response, \&amp;quot;The application has encountered an error, Please retry.\&amp;quot;, false)</message>
  <nestedLevel>1</nestedLevel>
  <property name="startLine">20</property>
  <property name="stepIndex">2</property>
</record>
<record>
  <date>2019-03-05T15:55:54</date>
  <millis>1551781554719</millis>
  <sequence>191</sequence>
  <level>PASSED</level>
  <class>com.kms.katalon.core.logging.XmlKeywordLogger</class>
  <method>logMessage</method>
  <thread>1</thread>
  <message>Check contain string successfully</message>
  <nestedLevel>1</nestedLevel>
</record>
<record>
  <date>2019-03-05T15:55:54</date>
  <millis>1551781554720</millis>
  <sequence>192</sequence>
  <level>END</level>
  <class>com.kms.katalon.core.logging.XmlKeywordLogger</class>
  <method>endKeyword</method>
  <thread>1</thread>
  <message>End action : containsString(Response, \&amp;quot;The application has encountered an error, Please retry.\&amp;quot;, false)</message>
  <nestedLevel>1</nestedLevel>
</record>
<record>
  <date>2019-03-05T15:55:54</date>
  <millis>1551781554720</millis>
  <sequence>193</sequence>
  <level>PASSED</level>
  <class>com.kms.katalon.core.logging.XmlKeywordLogger</class>
  <method>logMessage</method>
  <thread>1</thread>
  <message>Test Cases/MercatusTestCases/ProjectTestCases/Create project without adding data for all assumptions</message>
  <nestedLevel>1</nestedLevel>
</record>
<record>
  <date>2019-03-05T15:55:54</date>
  <millis>1551781554720</millis>
  <sequence>194</sequence>
  <level>START</level>
  <class>com.kms.katalon.core.logging.XmlKeywordLogger</class>
  <method>startKeyword</method>
  <thread>1</thread>
  <message>Start listener action : afterTestCase</message>
  <nestedLevel>1</nestedLevel>
</record>
<record>
  <date>2019-03-05T15:55:54</date>
  <millis>1551781554721</millis>
  <sequence>196</sequence>
  <level>START</level>
  <class>com.kms.katalon.core.logging.XmlKeywordLogger</class>
  <method>startKeyword</method>
  <thread>1</thread>
  <message>Start action : try</message>
  <nestedLevel>1</nestedLevel>
  <property name="startLine">32</property>
  <property name="stepIndex">1</property>
</record>
<record>
  <date>2019-03-05T15:55:54</date>
  <millis>1551781554722</millis>
  <sequence>197</sequence>
  <level>START</level>
  <class>com.kms.katalon.core.logging.XmlKeywordLogger</class>
  <method>startKeyword</method>
  <thread>1</thread>
  <message>Start action : tc_ids = getTestCaseVariables()[\&amp;quot;testrail_tc_id\&amp;quot;].split(\&amp;quot;,\&amp;quot;)</message>
  <nestedLevel>2</nestedLevel>
  <property name="startLine">33</property>
  <property name="stepIndex">1</property>
</record>
<record>
  <date>2019-03-05T15:55:54</date>
  <millis>1551781554722</millis>
  <sequence>198</sequence>
  <level>END</level>
  <class>com.kms.katalon.core.logging.XmlKeywordLogger</class>
  <method>endKeyword</method>
  <thread>1</thread>
  <message>End action : tc_ids = getTestCaseVariables()[\&amp;quot;testrail_tc_id\&amp;quot;].split(\&amp;quot;,\&amp;quot;)</message>
  <nestedLevel>2</nestedLevel>
</record>
<record>
  <date>2019-03-05T15:55:54</date>
  <millis>1551781554723</millis>
  <sequence>199</sequence>
  <level>END</level>
  <class>com.kms.katalon.core.logging.XmlKeywordLogger</class>
  <method>endKeyword</method>
  <thread>1</thread>
  <message>End action : try</message>
  <nestedLevel>1</nestedLevel>
</record>
<record>
  <date>2019-03-05T15:55:54</date>
  <millis>1551781554723</millis>
  <sequence>200</sequence>
  <level>START</level>
  <class>com.kms.katalon.core.logging.XmlKeywordLogger</class>
  <method>startKeyword</method>
  <thread>1</thread>
  <message>Start action : catch (NullPointerException ex)</message>
  <nestedLevel>1</nestedLevel>
  <property name="startLine">38</property>
  <property name="stepIndex">2</property>
</record>
<record>
  <date>2019-03-05T15:55:54</date>
  <millis>1551781554723</millis>
  <sequence>202</sequence>
  <level>END</level>
  <class>com.kms.katalon.core.logging.XmlKeywordLogger</class>
  <method>endKeyword</method>
  <thread>1</thread>
  <message>End action : catch (NullPointerException ex)</message>
  <nestedLevel>1</nestedLevel>
</record>
<record>
  <date>2019-03-05T15:55:54</date>
  <millis>1551781554724</millis>
  <sequence>203</sequence>
  <level>END</level>
  <class>com.kms.katalon.core.logging.XmlKeywordLogger</class>
  <method>endKeyword</method>
  <thread>1</thread>
  <message>End listener action : afterTestCase</message>
  <nestedLevel>1</nestedLevel>
</record>
<record>
  <date>2019-03-05T15:55:54</date>
  <millis>1551781554724</millis>
  <sequence>204</sequence>
  <level>END</level>
  <class>com.kms.katalon.core.logging.XmlKeywordLogger</class>
  <method>endTest</method>
  <thread>1</thread>
  <message>End Test Case : Test Cases/MercatusTestCases/ProjectTestCases/Create project without adding data for all assumptions</message>
  <nestedLevel>0</nestedLevel>
</record>
<record>
  <date>2019-03-05T15:55:54</date>
  <millis>1551781554729</millis>
  <sequence>205</sequence>
  <level>START</level>
  <class>com.kms.katalon.core.logging.XmlKeywordLogger</class>
  <method>startTest</method>
  <thread>1</thread>
  <message>Start Test Case : Test Cases/MercatusTestCases/ProjectTestCases/Create project without project name</message>
  <nestedLevel>1</nestedLevel>
  <property name="name">Test Cases/MercatusTestCases/ProjectTestCases/Create project without project name</property>
  <property name="description">Create project without project name</property>
  <property name="id">Test Cases/MercatusTestCases/ProjectTestCases/Create project without project name</property>
  <property name="source">E:\\API-test\\Test Cases\\MercatusTestCases\\ProjectTestCases\\Create project without project name.tc</property>
  <property name="isOptional">false</property>
</record>
<record>
  <date>2019-03-05T15:55:54</date>
  <millis>1551781554960</millis>
  <sequence>207</sequence>
  <level>START</level>
  <class>com.kms.katalon.core.logging.XmlKeywordLogger</class>
  <method>startKeyword</method>
  <thread>1</thread>
  <message>Start action : Response = sendRequest(findTestObject(\&amp;quot;Mercatus/Projects/Create Entity/Create project without project name\&amp;quot;, [\&amp;quot;Authorization\&amp;quot;:Authorization, \&amp;quot;url3\&amp;quot;:findTestData(\&amp;quot;Create Entity\&amp;quot;).getValue(1, 1), \&amp;quot;OrgId\&amp;quot;:findTestData(\&amp;quot;Create Entity\&amp;quot;).getValue(2, 1)]))</message>
  <nestedLevel>1</nestedLevel>
  <property name="startLine">16</property>
  <property name="stepIndex">1</property>
</record>
<record>
  <date>2019-03-05T15:56:40</date>
  <millis>1551781600658</millis>
  <sequence>219</sequence>
  <level>INFO</level>
  <class>com.kms.katalon.core.logging.XmlKeywordLogger</class>
  <method>logMessage</method>
  <thread>1</thread>
  <message>HAR: E:\\API-test\\Reports\\New Test Suite\\20190305_155528\\requests\\main\\6.har</message>
  <nestedLevel>1</nestedLevel>
  <property name="harId">1dd775fe-a4dd-495e-8113-3d5e4469c786</property>
</record>
<record>
  <date>2019-03-05T15:56:40</date>
  <millis>1551781600702</millis>
  <sequence>220</sequence>
  <level>PASSED</level>
  <class>com.kms.katalon.core.logging.XmlKeywordLogger</class>
  <method>logMessage</method>
  <thread>1</thread>
  <message>Send request successfully</message>
  <nestedLevel>1</nestedLevel>
</record>
<record>
  <date>2019-03-05T15:56:40</date>
  <millis>1551781600703</millis>
  <sequence>221</sequence>
  <level>END</level>
  <class>com.kms.katalon.core.logging.XmlKeywordLogger</class>
  <method>endKeyword</method>
  <thread>1</thread>
  <message>End action : Response = sendRequest(findTestObject(\&amp;quot;Mercatus/Projects/Create Entity/Create project without project name\&amp;quot;, [\&amp;quot;Authorization\&amp;quot;:Authorization, \&amp;quot;url3\&amp;quot;:findTestData(\&amp;quot;Create Entity\&amp;quot;).getValue(1, 1), \&amp;quot;OrgId\&amp;quot;:findTestData(\&amp;quot;Create Entity\&amp;quot;).getValue(2, 1)]))</message>
  <nestedLevel>1</nestedLevel>
</record>
<record>
  <date>2019-03-05T15:56:40</date>
  <millis>1551781600703</millis>
  <sequence>222</sequence>
  <level>START</level>
  <class>com.kms.katalon.core.logging.XmlKeywordLogger</class>
  <method>startKeyword</method>
  <thread>1</thread>
  <message>Start action : verifyResponseStatusCode(Response, 200)</message>
  <nestedLevel>1</nestedLevel>
  <property name="startLine">20</property>
  <property name="stepIndex">2</property>
</record>
<record>
  <date>2019-03-05T15:56:40</date>
  <millis>1551781600737</millis>
  <sequence>224</sequence>
  <level>PASSED</level>
  <class>com.kms.katalon.core.logging.XmlKeywordLogger</class>
  <method>logMessage</method>
  <thread>1</thread>
  <message>Verify response status code successfully</message>
  <nestedLevel>1</nestedLevel>
</record>
<record>
  <date>2019-03-05T15:56:40</date>
  <millis>1551781600737</millis>
  <sequence>225</sequence>
  <level>END</level>
  <class>com.kms.katalon.core.logging.XmlKeywordLogger</class>
  <method>endKeyword</method>
  <thread>1</thread>
  <message>End action : verifyResponseStatusCode(Response, 200)</message>
  <nestedLevel>1</nestedLevel>
</record>
<record>
  <date>2019-03-05T15:56:40</date>
  <millis>1551781600738</millis>
  <sequence>226</sequence>
  <level>PASSED</level>
  <class>com.kms.katalon.core.logging.XmlKeywordLogger</class>
  <method>logMessage</method>
  <thread>1</thread>
  <message>Test Cases/MercatusTestCases/ProjectTestCases/Create project without project name</message>
  <nestedLevel>1</nestedLevel>
</record>
<record>
  <date>2019-03-05T15:56:40</date>
  <millis>1551781600738</millis>
  <sequence>227</sequence>
  <level>START</level>
  <class>com.kms.katalon.core.logging.XmlKeywordLogger</class>
  <method>startKeyword</method>
  <thread>1</thread>
  <message>Start listener action : afterTestCase</message>
  <nestedLevel>1</nestedLevel>
</record>
<record>
  <date>2019-03-05T15:56:40</date>
  <millis>1551781600738</millis>
  <sequence>229</sequence>
  <level>START</level>
  <class>com.kms.katalon.core.logging.XmlKeywordLogger</class>
  <method>startKeyword</method>
  <thread>1</thread>
  <message>Start action : try</message>
  <nestedLevel>1</nestedLevel>
  <property name="startLine">32</property>
  <property name="stepIndex">1</property>
</record>
<record>
  <date>2019-03-05T15:56:40</date>
  <millis>1551781600739</millis>
  <sequence>230</sequence>
  <level>START</level>
  <class>com.kms.katalon.core.logging.XmlKeywordLogger</class>
  <method>startKeyword</method>
  <thread>1</thread>
  <message>Start action : tc_ids = getTestCaseVariables()[\&amp;quot;testrail_tc_id\&amp;quot;].split(\&amp;quot;,\&amp;quot;)</message>
  <nestedLevel>2</nestedLevel>
  <property name="startLine">33</property>
  <property name="stepIndex">1</property>
</record>
<record>
  <date>2019-03-05T15:56:40</date>
  <millis>1551781600740</millis>
  <sequence>231</sequence>
  <level>END</level>
  <class>com.kms.katalon.core.logging.XmlKeywordLogger</class>
  <method>endKeyword</method>
  <thread>1</thread>
  <message>End action : tc_ids = getTestCaseVariables()[\&amp;quot;testrail_tc_id\&amp;quot;].split(\&amp;quot;,\&amp;quot;)</message>
  <nestedLevel>2</nestedLevel>
</record>
<record>
  <date>2019-03-05T15:56:40</date>
  <millis>1551781600740</millis>
  <sequence>232</sequence>
  <level>END</level>
  <class>com.kms.katalon.core.logging.XmlKeywordLogger</class>
  <method>endKeyword</method>
  <thread>1</thread>
  <message>End action : try</message>
  <nestedLevel>1</nestedLevel>
</record>
<record>
  <date>2019-03-05T15:56:40</date>
  <millis>1551781600740</millis>
  <sequence>233</sequence>
  <level>START</level>
  <class>com.kms.katalon.core.logging.XmlKeywordLogger</class>
  <method>startKeyword</method>
  <thread>1</thread>
  <message>Start action : catch (NullPointerException ex)</message>
  <nestedLevel>1</nestedLevel>
  <property name="startLine">38</property>
  <property name="stepIndex">2</property>
</record>
<record>
  <date>2019-03-05T15:56:40</date>
  <millis>1551781600741</millis>
  <sequence>235</sequence>
  <level>END</level>
  <class>com.kms.katalon.core.logging.XmlKeywordLogger</class>
  <method>endKeyword</method>
  <thread>1</thread>
  <message>End action : catch (NullPointerException ex)</message>
  <nestedLevel>1</nestedLevel>
</record>
<record>
  <date>2019-03-05T15:56:40</date>
  <millis>1551781600741</millis>
  <sequence>236</sequence>
  <level>END</level>
  <class>com.kms.katalon.core.logging.XmlKeywordLogger</class>
  <method>endKeyword</method>
  <thread>1</thread>
  <message>End listener action : afterTestCase</message>
  <nestedLevel>1</nestedLevel>
</record>
<record>
  <date>2019-03-05T15:56:40</date>
  <millis>1551781600741</millis>
  <sequence>237</sequence>
  <level>END</level>
  <class>com.kms.katalon.core.logging.XmlKeywordLogger</class>
  <method>endTest</method>
  <thread>1</thread>
  <message>End Test Case : Test Cases/MercatusTestCases/ProjectTestCases/Create project without project name</message>
  <nestedLevel>0</nestedLevel>
</record>
<record>
  <date>2019-03-05T15:56:40</date>
  <millis>1551781600742</millis>
  <sequence>238</sequence>
  <level>START</level>
  <class>com.kms.katalon.core.logging.XmlKeywordLogger</class>
  <method>startKeyword</method>
  <thread>1</thread>
  <message>Start listener action : afterTestSuite</message>
  <nestedLevel>0</nestedLevel>
</record>
<record>
  <date>2019-03-05T15:56:40</date>
  <millis>1551781600744</millis>
  <sequence>240</sequence>
  <level>START</level>
  <class>com.kms.katalon.core.logging.XmlKeywordLogger</class>
  <method>startKeyword</method>
  <thread>1</thread>
  <message>Start action : callTestCase(findTestCase(\&amp;quot;Test Cases/TestRail_Update_Run_With_Results\&amp;quot;), [:], CONTINUE_ON_FAILURE)</message>
  <nestedLevel>1</nestedLevel>
  <property name="startLine">54</property>
  <property name="stepIndex">1</property>
  <property name="description">push results to testrail</property>
</record>
<record>
  <date>2019-03-05T15:56:40</date>
  <millis>1551781600899</millis>
  <sequence>243</sequence>
  <level>START</level>
  <class>com.kms.katalon.core.logging.XmlKeywordLogger</class>
  <method>startTest</method>
  <thread>1</thread>
  <message>Start Test Case : Test Cases/TestRail_Update_Run_With_Results</message>
  <nestedLevel>1</nestedLevel>
  <property name="name">Test Cases/TestRail_Update_Run_With_Results</property>
  <property name="description">Handle communivation between Katalon Studio and TestRail</property>
  <property name="id">Test Cases/TestRail_Update_Run_With_Results</property>
  <property name="source">E:\\API-test\\Test Cases\\TestRail_Update_Run_With_Results.tc</property>
  <property name="isOptional">false</property>
</record>
<record>
  <date>2019-03-05T15:56:41</date>
  <millis>1551781601500</millis>
  <sequence>245</sequence>
  <level>START</level>
  <class>com.kms.katalon.core.logging.XmlKeywordLogger</class>
  <method>startKeyword</method>
  <thread>1</thread>
  <message>Start action : response = Testrail.get_tests(G_testrail_run_id)</message>
  <nestedLevel>1</nestedLevel>
  <property name="startLine">30</property>
  <property name="stepIndex">1</property>
</record>
<record>
  <date>2019-03-05T15:56:41</date>
  <millis>1551781601584</millis>
  <sequence>246</sequence>
  <level>ERROR</level>
  <class>com.kms.katalon.core.logging.XmlKeywordLogger</class>
  <method>logMessage</method>
  <thread>1</thread>
  <message>No such property: ConditionType for class: Testrail</message>
  <nestedLevel>1</nestedLevel>
</record>
<record>
  <date>2019-03-05T15:56:41</date>
  <millis>1551781601604</millis>
  <sequence>248</sequence>
  <logger>com.kms.katalon.core.logging.XmlKeywordLogger</logger>
  <level>ERROR</level>
  <class>com.kms.katalon.core.logging.XmlKeywordLogger</class>
  <method>logMessage</method>
  <thread>1</thread>
  <message>response = Testrail.get_tests(G_testrail_run_id) FAILED.\nReason:\ngroovy.lang.MissingPropertyException: No such property: ConditionType for class: Testrail\r\n\tat Testrail.get_tests(Testrail.groovy:17)\r\n\tat Testrail.invokeMethod(Testrail.groovy)\r\n\tat com.kms.katalon.core.main.CustomKeywordDelegatingMetaClass.invokeStaticMethod(CustomKeywordDelegatingMetaClass.java:49)\r\n\tat TestRail_Update_Run_With_Results.run(TestRail_Update_Run_With_Results:30)\r\n\tat com.kms.katalon.core.main.ScriptEngine.run(ScriptEngine.java:194)\r\n\tat com.kms.katalon.core.main.ScriptEngine.runScriptAsRawText(ScriptEngine.java:119)\r\n\tat com.kms.katalon.core.main.TestCaseExecutor.runScript(TestCaseExecutor.java:328)\r\n\tat com.kms.katalon.core.main.TestCaseExecutor.doExecute(TestCaseExecutor.java:319)\r\n\tat com.kms.katalon.core.main.TestCaseExecutor.processExecutionPhase(TestCaseExecutor.java:298)\r\n\tat com.kms.katalon.core.main.TestCaseExecutor.accessMainPhase(TestCaseExecutor.java:290)\r\n\tat com.kms.katalon.core.main.TestCaseExecutor.execute(TestCaseExecutor.java:224)\r\n\tat com.kms.katalon.core.main.TestCaseMain.runTestCase(TestCaseMain.java:106)\r\n\tat com.kms.katalon.core.keyword.builtin.CallTestCaseKeyword$_callTestCase_closure1.doCall(CallTestCaseKeyword.groovy:59)\r\n\tat com.kms.katalon.core.keyword.builtin.CallTestCaseKeyword$_callTestCase_closure1.call(CallTestCaseKeyword.groovy)\r\n\tat com.kms.katalon.core.keyword.internal.KeywordMain.runKeyword(KeywordMain.groovy:54)\r\n\tat com.kms.katalon.core.keyword.builtin.CallTestCaseKeyword.callTestCase(CallTestCaseKeyword.groovy:80)\r\n\tat com.kms.katalon.core.keyword.builtin.CallTestCaseKeyword.execute(CallTestCaseKeyword.groovy:44)\r\n\tat com.kms.katalon.core.keyword.internal.KeywordExecutor.executeKeywordForPlatform(KeywordExecutor.groovy:53)\r\n\tat com.kms.katalon.core.keyword.BuiltinKeywords.callTestCase(BuiltinKeywords.groovy:334)\r\n\tat QA_Testrail_Listener.afterTestSuite(QA_Testrail_Listener.groovy:54)\r\n\tat QA_Testrail_Listener.invokeMethod(QA_Testrail_Listener.groovy)\r\n\tat com.kms.katalon.core.context.internal.TestHooker.invokeMethod(TestHooker.java:132)\r\n\tat com.kms.katalon.core.context.internal.TestHooker.lambda$3(TestHooker.java:116)\r\n\tat com.kms.katalon.core.context.internal.TestHooker.invokeContextMethods(TestHooker.java:115)\r\n\tat com.kms.katalon.core.context.internal.TestListenerCollector.lambda$3(TestListenerCollector.java:60)\r\n\tat com.kms.katalon.core.context.internal.TestListenerCollector.handleListenerEvent(TestListenerCollector.java:57)\r\n\tat com.kms.katalon.core.context.internal.ExecutionEventManager.publicEvent(ExecutionEventManager.java:36)\r\n\tat com.kms.katalon.core.main.TestSuiteExecutor.execute(TestSuiteExecutor.java:89)\r\n\tat com.kms.katalon.core.main.TestCaseMain.startTestSuite(TestCaseMain.java:149)\r\n\tat com.kms.katalon.core.main.TestCaseMain$startTestSuite$0.call(Unknown Source)\r\n\tat TempTestSuite1551781528303.run(TempTestSuite1551781528303.groovy:36)\r\n</message>
  <exception>
    <message>groovy.lang.MissingPropertyException: No such property: ConditionType for class: Testrail</message>
    <frame>
      <class>Testrail</class>
      <method>get_tests</method>
      <line>17</line>
    </frame>
    <frame>
      <class>Testrail</class>
      <method>invokeMethod</method>
    </frame>
    <frame>
      <class>com.kms.katalon.core.main.CustomKeywordDelegatingMetaClass</class>
      <method>invokeStaticMethod</method>
      <line>49</line>
    </frame>
    <frame>
      <class>TestRail_Update_Run_With_Results</class>
      <method>run</method>
      <line>30</line>
    </frame>
    <frame>
      <class>com.kms.katalon.core.main.ScriptEngine</class>
      <method>run</method>
      <line>194</line>
    </frame>
    <frame>
      <class>com.kms.katalon.core.main.ScriptEngine</class>
      <method>runScriptAsRawText</method>
      <line>119</line>
    </frame>
    <frame>
      <class>com.kms.katalon.core.main.TestCaseExecutor</class>
      <method>runScript</method>
      <line>328</line>
    </frame>
    <frame>
      <class>com.kms.katalon.core.main.TestCaseExecutor</class>
      <method>doExecute</method>
      <line>319</line>
    </frame>
    <frame>
      <class>com.kms.katalon.core.main.TestCaseExecutor</class>
      <method>processExecutionPhase</method>
      <line>298</line>
    </frame>
    <frame>
      <class>com.kms.katalon.core.main.TestCaseExecutor</class>
      <method>accessMainPhase</method>
      <line>290</line>
    </frame>
    <frame>
      <class>com.kms.katalon.core.main.TestCaseExecutor</class>
      <method>execute</method>
      <line>224</line>
    </frame>
    <frame>
      <class>com.kms.katalon.core.main.TestCaseMain</class>
      <method>runTestCase</method>
      <line>106</line>
    </frame>
    <frame>
      <class>com.kms.katalon.core.keyword.builtin.CallTestCaseKeyword$_callTestCase_closure1</class>
      <method>doCall</method>
      <line>59</line>
    </frame>
    <frame>
      <class>com.kms.katalon.core.keyword.builtin.CallTestCaseKeyword$_callTestCase_closure1</class>
      <method>call</method>
    </frame>
    <frame>
      <class>com.kms.katalon.core.keyword.internal.KeywordMain</class>
      <method>runKeyword</method>
      <line>54</line>
    </frame>
    <frame>
      <class>com.kms.katalon.core.keyword.builtin.CallTestCaseKeyword</class>
      <method>callTestCase</method>
      <line>80</line>
    </frame>
    <frame>
      <class>com.kms.katalon.core.keyword.builtin.CallTestCaseKeyword</class>
      <method>execute</method>
      <line>44</line>
    </frame>
    <frame>
      <class>com.kms.katalon.core.keyword.internal.KeywordExecutor</class>
      <method>executeKeywordForPlatform</method>
      <line>53</line>
    </frame>
    <frame>
      <class>com.kms.katalon.core.keyword.BuiltinKeywords</class>
      <method>callTestCase</method>
      <line>334</line>
    </frame>
    <frame>
      <class>QA_Testrail_Listener</class>
      <method>afterTestSuite</method>
      <line>54</line>
    </frame>
    <frame>
      <class>QA_Testrail_Listener</class>
      <method>invokeMethod</method>
    </frame>
    <frame>
      <class>com.kms.katalon.core.context.internal.TestHooker</class>
      <method>invokeMethod</method>
      <line>132</line>
    </frame>
    <frame>
      <class>com.kms.katalon.core.context.internal.TestHooker</class>
      <method>lambda$3</method>
      <line>116</line>
    </frame>
    <frame>
      <class>com.kms.katalon.core.context.internal.TestHooker</class>
      <method>invokeContextMethods</method>
      <line>115</line>
    </frame>
    <frame>
      <class>com.kms.katalon.core.context.internal.TestListenerCollector</class>
      <method>lambda$3</method>
      <line>60</line>
    </frame>
    <frame>
      <class>com.kms.katalon.core.context.internal.TestListenerCollector</class>
      <method>handleListenerEvent</method>
      <line>57</line>
    </frame>
    <frame>
      <class>com.kms.katalon.core.context.internal.ExecutionEventManager</class>
      <method>publicEvent</method>
      <line>36</line>
    </frame>
    <frame>
      <class>com.kms.katalon.core.main.TestSuiteExecutor</class>
      <method>execute</method>
      <line>89</line>
    </frame>
    <frame>
      <class>com.kms.katalon.core.main.TestCaseMain</class>
      <method>startTestSuite</method>
      <line>149</line>
    </frame>
    <frame>
      <class>com.kms.katalon.core.main.TestCaseMain$startTestSuite$0</class>
      <method>call</method>
    </frame>
    <frame>
      <class>TempTestSuite1551781528303</class>
      <method>run</method>
      <line>36</line>
    </frame>
  </exception>
  <nestedLevel>0</nestedLevel>
</record>
<record>
  <date>2019-03-05T15:56:41</date>
  <millis>1551781601619</millis>
  <sequence>249</sequence>
  <level>END</level>
  <class>com.kms.katalon.core.logging.XmlKeywordLogger</class>
  <method>endKeyword</method>
  <thread>1</thread>
  <message>End action : response = Testrail.get_tests(G_testrail_run_id)</message>
  <nestedLevel>1</nestedLevel>
</record>
<record>
  <date>2019-03-05T15:56:41</date>
  <millis>1551781601622</millis>
  <sequence>251</sequence>
  <logger>com.kms.katalon.core.logging.XmlKeywordLogger</logger>
  <level>ERROR</level>
  <class>com.kms.katalon.core.logging.XmlKeywordLogger</class>
  <method>logMessage</method>
  <thread>1</thread>
  <message>Test Cases/TestRail_Update_Run_With_Results FAILED.\nReason:\ngroovy.lang.MissingPropertyException: No such property: ConditionType for class: Testrail\r\n\tat Testrail.get_tests(Testrail.groovy:17)\r\n\tat Testrail.invokeMethod(Testrail.groovy)\r\n\tat com.kms.katalon.core.main.CustomKeywordDelegatingMetaClass.invokeStaticMethod(CustomKeywordDelegatingMetaClass.java:49)\r\n\tat TestRail_Update_Run_With_Results.run(TestRail_Update_Run_With_Results:30)\r\n\tat com.kms.katalon.core.main.ScriptEngine.run(ScriptEngine.java:194)\r\n\tat com.kms.katalon.core.main.ScriptEngine.runScriptAsRawText(ScriptEngine.java:119)\r\n\tat com.kms.katalon.core.main.TestCaseExecutor.runScript(TestCaseExecutor.java:328)\r\n\tat com.kms.katalon.core.main.TestCaseExecutor.doExecute(TestCaseExecutor.java:319)\r\n\tat com.kms.katalon.core.main.TestCaseExecutor.processExecutionPhase(TestCaseExecutor.java:298)\r\n\tat com.kms.katalon.core.main.TestCaseExecutor.accessMainPhase(TestCaseExecutor.java:290)\r\n\tat com.kms.katalon.core.main.TestCaseExecutor.execute(TestCaseExecutor.java:224)\r\n\tat com.kms.katalon.core.main.TestCaseMain.runTestCase(TestCaseMain.java:106)\r\n\tat com.kms.katalon.core.keyword.builtin.CallTestCaseKeyword$_callTestCase_closure1.doCall(CallTestCaseKeyword.groovy:59)\r\n\tat com.kms.katalon.core.keyword.builtin.CallTestCaseKeyword$_callTestCase_closure1.call(CallTestCaseKeyword.groovy)\r\n\tat com.kms.katalon.core.keyword.internal.KeywordMain.runKeyword(KeywordMain.groovy:54)\r\n\tat com.kms.katalon.core.keyword.builtin.CallTestCaseKeyword.callTestCase(CallTestCaseKeyword.groovy:80)\r\n\tat com.kms.katalon.core.keyword.builtin.CallTestCaseKeyword.execute(CallTestCaseKeyword.groovy:44)\r\n\tat com.kms.katalon.core.keyword.internal.KeywordExecutor.executeKeywordForPlatform(KeywordExecutor.groovy:53)\r\n\tat com.kms.katalon.core.keyword.BuiltinKeywords.callTestCase(BuiltinKeywords.groovy:334)\r\n\tat QA_Testrail_Listener.afterTestSuite(QA_Testrail_Listener.groovy:54)\r\n\tat QA_Testrail_Listener.invokeMethod(QA_Testrail_Listener.groovy)\r\n\tat com.kms.katalon.core.context.internal.TestHooker.invokeMethod(TestHooker.java:132)\r\n\tat com.kms.katalon.core.context.internal.TestHooker.lambda$3(TestHooker.java:116)\r\n\tat com.kms.katalon.core.context.internal.TestHooker.invokeContextMethods(TestHooker.java:115)\r\n\tat com.kms.katalon.core.context.internal.TestListenerCollector.lambda$3(TestListenerCollector.java:60)\r\n\tat com.kms.katalon.core.context.internal.TestListenerCollector.handleListenerEvent(TestListenerCollector.java:57)\r\n\tat com.kms.katalon.core.context.internal.ExecutionEventManager.publicEvent(ExecutionEventManager.java:36)\r\n\tat com.kms.katalon.core.main.TestSuiteExecutor.execute(TestSuiteExecutor.java:89)\r\n\tat com.kms.katalon.core.main.TestCaseMain.startTestSuite(TestCaseMain.java:149)\r\n\tat com.kms.katalon.core.main.TestCaseMain$startTestSuite$0.call(Unknown Source)\r\n\tat TempTestSuite1551781528303.run(TempTestSuite1551781528303.groovy:36)\r\n</message>
  <exception>
    <message>groovy.lang.MissingPropertyException: No such property: ConditionType for class: Testrail</message>
    <frame>
      <class>Testrail</class>
      <method>get_tests</method>
      <line>17</line>
    </frame>
    <frame>
      <class>Testrail</class>
      <method>invokeMethod</method>
    </frame>
    <frame>
      <class>com.kms.katalon.core.main.CustomKeywordDelegatingMetaClass</class>
      <method>invokeStaticMethod</method>
      <line>49</line>
    </frame>
    <frame>
      <class>TestRail_Update_Run_With_Results</class>
      <method>run</method>
      <line>30</line>
    </frame>
    <frame>
      <class>com.kms.katalon.core.main.ScriptEngine</class>
      <method>run</method>
      <line>194</line>
    </frame>
    <frame>
      <class>com.kms.katalon.core.main.ScriptEngine</class>
      <method>runScriptAsRawText</method>
      <line>119</line>
    </frame>
    <frame>
      <class>com.kms.katalon.core.main.TestCaseExecutor</class>
      <method>runScript</method>
      <line>328</line>
    </frame>
    <frame>
      <class>com.kms.katalon.core.main.TestCaseExecutor</class>
      <method>doExecute</method>
      <line>319</line>
    </frame>
    <frame>
      <class>com.kms.katalon.core.main.TestCaseExecutor</class>
      <method>processExecutionPhase</method>
      <line>298</line>
    </frame>
    <frame>
      <class>com.kms.katalon.core.main.TestCaseExecutor</class>
      <method>accessMainPhase</method>
      <line>290</line>
    </frame>
    <frame>
      <class>com.kms.katalon.core.main.TestCaseExecutor</class>
      <method>execute</method>
      <line>224</line>
    </frame>
    <frame>
      <class>com.kms.katalon.core.main.TestCaseMain</class>
      <method>runTestCase</method>
      <line>106</line>
    </frame>
    <frame>
      <class>com.kms.katalon.core.keyword.builtin.CallTestCaseKeyword$_callTestCase_closure1</class>
      <method>doCall</method>
      <line>59</line>
    </frame>
    <frame>
      <class>com.kms.katalon.core.keyword.builtin.CallTestCaseKeyword$_callTestCase_closure1</class>
      <method>call</method>
    </frame>
    <frame>
      <class>com.kms.katalon.core.keyword.internal.KeywordMain</class>
      <method>runKeyword</method>
      <line>54</line>
    </frame>
    <frame>
      <class>com.kms.katalon.core.keyword.builtin.CallTestCaseKeyword</class>
      <method>callTestCase</method>
      <line>80</line>
    </frame>
    <frame>
      <class>com.kms.katalon.core.keyword.builtin.CallTestCaseKeyword</class>
      <method>execute</method>
      <line>44</line>
    </frame>
    <frame>
      <class>com.kms.katalon.core.keyword.internal.KeywordExecutor</class>
      <method>executeKeywordForPlatform</method>
      <line>53</line>
    </frame>
    <frame>
      <class>com.kms.katalon.core.keyword.BuiltinKeywords</class>
      <method>callTestCase</method>
      <line>334</line>
    </frame>
    <frame>
      <class>QA_Testrail_Listener</class>
      <method>afterTestSuite</method>
      <line>54</line>
    </frame>
    <frame>
      <class>QA_Testrail_Listener</class>
      <method>invokeMethod</method>
    </frame>
    <frame>
      <class>com.kms.katalon.core.context.internal.TestHooker</class>
      <method>invokeMethod</method>
      <line>132</line>
    </frame>
    <frame>
      <class>com.kms.katalon.core.context.internal.TestHooker</class>
      <method>lambda$3</method>
      <line>116</line>
    </frame>
    <frame>
      <class>com.kms.katalon.core.context.internal.TestHooker</class>
      <method>invokeContextMethods</method>
      <line>115</line>
    </frame>
    <frame>
      <class>com.kms.katalon.core.context.internal.TestListenerCollector</class>
      <method>lambda$3</method>
      <line>60</line>
    </frame>
    <frame>
      <class>com.kms.katalon.core.context.internal.TestListenerCollector</class>
      <method>handleListenerEvent</method>
      <line>57</line>
    </frame>
    <frame>
      <class>com.kms.katalon.core.context.internal.ExecutionEventManager</class>
      <method>publicEvent</method>
      <line>36</line>
    </frame>
    <frame>
      <class>com.kms.katalon.core.main.TestSuiteExecutor</class>
      <method>execute</method>
      <line>89</line>
    </frame>
    <frame>
      <class>com.kms.katalon.core.main.TestCaseMain</class>
      <method>startTestSuite</method>
      <line>149</line>
    </frame>
    <frame>
      <class>com.kms.katalon.core.main.TestCaseMain$startTestSuite$0</class>
      <method>call</method>
    </frame>
    <frame>
      <class>TempTestSuite1551781528303</class>
      <method>run</method>
      <line>36</line>
    </frame>
  </exception>
  <nestedLevel>0</nestedLevel>
</record>
<record>
  <date>2019-03-05T15:56:41</date>
  <millis>1551781601628</millis>
  <sequence>252</sequence>
  <level>END</level>
  <class>com.kms.katalon.core.logging.XmlKeywordLogger</class>
  <method>endTest</method>
  <thread>1</thread>
  <message>End Test Case : Test Cases/TestRail_Update_Run_With_Results</message>
  <nestedLevel>0</nestedLevel>
</record>
<record>
  <date>2019-03-05T15:56:41</date>
  <millis>1551781601643</millis>
  <sequence>253</sequence>
  <level>FAILED</level>
  <class>com.kms.katalon.core.logging.XmlKeywordLogger</class>
  <method>logMessage</method>
  <thread>1</thread>
  <message>Unable to call Test Case &amp;apos;Test Cases/TestRail_Update_Run_With_Results&amp;apos; (Root cause: com.kms.katalon.core.exception.StepErrorException: Call Test Case &amp;apos;Test Cases/TestRail_Update_Run_With_Results&amp;apos; failed because of error(s))</message>
  <nestedLevel>0</nestedLevel>
</record>
<record>
  <date>2019-03-05T15:56:41</date>
  <millis>1551781601647</millis>
  <sequence>255</sequence>
  <level>END</level>
  <class>com.kms.katalon.core.logging.XmlKeywordLogger</class>
  <method>endKeyword</method>
  <thread>1</thread>
  <message>End action : callTestCase(findTestCase(\&amp;quot;Test Cases/TestRail_Update_Run_With_Results\&amp;quot;), [:], CONTINUE_ON_FAILURE)</message>
  <nestedLevel>1</nestedLevel>
</record>
<record>
  <date>2019-03-05T15:56:41</date>
  <millis>1551781601648</millis>
  <sequence>256</sequence>
  <level>END</level>
  <class>com.kms.katalon.core.logging.XmlKeywordLogger</class>
  <method>endKeyword</method>
  <thread>1</thread>
  <message>End listener action : afterTestSuite</message>
  <nestedLevel>0</nestedLevel>
</record>
<record>
  <date>2019-03-05T15:56:41</date>
  <millis>1551781601742</millis>
  <sequence>257</sequence>
  <level>END</level>
  <class>com.kms.katalon.core.logging.XmlKeywordLogger</class>
  <method>endSuite</method>
  <thread>1</thread>
  <message>End Test Suite : Test Suites/New Test Suite</message>
  <nestedLevel>0</nestedLevel>
</record>
</log>