<?xml version="1.0" encoding="UTF-8" standalone="no"?>
<!DOCTYPE log SYSTEM "logger.dtd">
<log>
<record>
  <date>2019-03-05T14:36:05</date>
  <millis>1551776765268</millis>
  <sequence>0</sequence>
  <level>START</level>
  <class>com.kms.katalon.core.logging.XmlKeywordLogger</class>
  <method>startSuite</method>
  <thread>1</thread>
  <message>Start Test Suite : Test Suites/New Test Suite</message>
  <nestedLevel>0</nestedLevel>
  <property name="name">New Test Suite</property>
  <property name="description"></property>
  <property name="id">Test Suites/New Test Suite</property>
</record>
<record>
  <date>2019-03-05T14:36:05</date>
  <millis>1551776765310</millis>
  <sequence>1</sequence>
  <level>RUN_DATA</level>
  <class>com.kms.katalon.core.logging.XmlKeywordLogger</class>
  <method>logMessage</method>
  <thread>1</thread>
  <message>hostName = sonalid - ULTP_594.synerzipune.local</message>
  <nestedLevel>0</nestedLevel>
  <property name="hostName">sonalid - ULTP_594.synerzipune.local</property>
</record>
<record>
  <date>2019-03-05T14:36:05</date>
  <millis>1551776765313</millis>
  <sequence>2</sequence>
  <level>RUN_DATA</level>
  <class>com.kms.katalon.core.logging.XmlKeywordLogger</class>
  <method>logMessage</method>
  <thread>1</thread>
  <message>os = Windows 10 64bit</message>
  <nestedLevel>0</nestedLevel>
  <property name="os">Windows 10 64bit</property>
</record>
<record>
  <date>2019-03-05T14:36:05</date>
  <millis>1551776765314</millis>
  <sequence>3</sequence>
  <level>RUN_DATA</level>
  <class>com.kms.katalon.core.logging.XmlKeywordLogger</class>
  <method>logMessage</method>
  <thread>1</thread>
  <message>hostAddress = 172.24.4.93</message>
  <nestedLevel>0</nestedLevel>
  <property name="hostAddress">172.24.4.93</property>
</record>
<record>
  <date>2019-03-05T14:36:05</date>
  <millis>1551776765317</millis>
  <sequence>4</sequence>
  <level>RUN_DATA</level>
  <class>com.kms.katalon.core.logging.XmlKeywordLogger</class>
  <method>logMessage</method>
  <thread>1</thread>
  <message>katalonVersion = 5.10.1.1</message>
  <nestedLevel>0</nestedLevel>
  <property name="katalonVersion">5.10.1.1</property>
</record>
<record>
  <date>2019-03-05T14:36:05</date>
  <millis>1551776765864</millis>
  <sequence>5</sequence>
  <level>START</level>
  <class>com.kms.katalon.core.logging.XmlKeywordLogger</class>
  <method>startTest</method>
  <thread>1</thread>
  <message>Start Test Case : Test Cases/MercatusTestCases/ProjectTestCases/Create entity with extra assumption values in API body</message>
  <nestedLevel>1</nestedLevel>
  <property name="name">Test Cases/MercatusTestCases/ProjectTestCases/Create entity with extra assumption values in API body</property>
  <property name="description">Create entity with extra assumption values in API body</property>
  <property name="id">Test Cases/MercatusTestCases/ProjectTestCases/Create entity with extra assumption values in API body</property>
  <property name="source">E:\\API-test\\Test Cases\\MercatusTestCases\\ProjectTestCases\\Create entity with extra assumption values in API body.tc</property>
  <property name="isOptional">false</property>
</record>
<record>
  <date>2019-03-05T14:36:06</date>
  <millis>1551776766167</millis>
  <sequence>7</sequence>
  <level>START</level>
  <class>com.kms.katalon.core.logging.XmlKeywordLogger</class>
  <method>startKeyword</method>
  <thread>1</thread>
  <message>Start action : Response = sendRequest(findTestObject(\&amp;quot;Mercatus/Projects/Create Entity/Create entity with extra assumption values in API body\&amp;quot;, [\&amp;quot;OrgId\&amp;quot;:findTestData(\&amp;quot;Create Entity\&amp;quot;).getValue(1, 1), \&amp;quot;url3\&amp;quot;:findTestData(\&amp;quot;Create Entity\&amp;quot;).getValue(1, 1), \&amp;quot;Authorization\&amp;quot;:Authorization]))</message>
  <nestedLevel>1</nestedLevel>
  <property name="startLine">16</property>
  <property name="stepIndex">1</property>
</record>
<record>
  <date>2019-03-05T14:36:13</date>
  <millis>1551776773102</millis>
  <sequence>19</sequence>
  <level>INFO</level>
  <class>com.kms.katalon.core.logging.XmlKeywordLogger</class>
  <method>logMessage</method>
  <thread>1</thread>
  <message>HAR: E:\\API-test\\Reports\\New Test Suite\\20190305_143601\\requests\\main\\0.har</message>
  <nestedLevel>1</nestedLevel>
  <property name="harId">0611a4de-b302-42ba-b9d9-87ceea268513</property>
</record>
<record>
  <date>2019-03-05T14:36:13</date>
  <millis>1551776773275</millis>
  <sequence>20</sequence>
  <level>PASSED</level>
  <class>com.kms.katalon.core.logging.XmlKeywordLogger</class>
  <method>logMessage</method>
  <thread>1</thread>
  <message>Send request successfully</message>
  <nestedLevel>1</nestedLevel>
</record>
<record>
  <date>2019-03-05T14:36:13</date>
  <millis>1551776773278</millis>
  <sequence>21</sequence>
  <level>END</level>
  <class>com.kms.katalon.core.logging.XmlKeywordLogger</class>
  <method>endKeyword</method>
  <thread>1</thread>
  <message>End action : Response = sendRequest(findTestObject(\&amp;quot;Mercatus/Projects/Create Entity/Create entity with extra assumption values in API body\&amp;quot;, [\&amp;quot;OrgId\&amp;quot;:findTestData(\&amp;quot;Create Entity\&amp;quot;).getValue(1, 1), \&amp;quot;url3\&amp;quot;:findTestData(\&amp;quot;Create Entity\&amp;quot;).getValue(1, 1), \&amp;quot;Authorization\&amp;quot;:Authorization]))</message>
  <nestedLevel>1</nestedLevel>
</record>
<record>
  <date>2019-03-05T14:36:13</date>
  <millis>1551776773279</millis>
  <sequence>22</sequence>
  <level>START</level>
  <class>com.kms.katalon.core.logging.XmlKeywordLogger</class>
  <method>startKeyword</method>
  <thread>1</thread>
  <message>Start action : containsString(Response, \&amp;quot;The application has encountered an error, Please retry.\&amp;quot;, false)</message>
  <nestedLevel>1</nestedLevel>
  <property name="startLine">20</property>
  <property name="stepIndex">2</property>
</record>
<record>
  <date>2019-03-05T14:36:13</date>
  <millis>1551776773301</millis>
  <sequence>25</sequence>
  <level>PASSED</level>
  <class>com.kms.katalon.core.logging.XmlKeywordLogger</class>
  <method>logMessage</method>
  <thread>1</thread>
  <message>Check contain string successfully</message>
  <nestedLevel>1</nestedLevel>
</record>
<record>
  <date>2019-03-05T14:36:13</date>
  <millis>1551776773302</millis>
  <sequence>26</sequence>
  <level>END</level>
  <class>com.kms.katalon.core.logging.XmlKeywordLogger</class>
  <method>endKeyword</method>
  <thread>1</thread>
  <message>End action : containsString(Response, \&amp;quot;The application has encountered an error, Please retry.\&amp;quot;, false)</message>
  <nestedLevel>1</nestedLevel>
</record>
<record>
  <date>2019-03-05T14:36:13</date>
  <millis>1551776773303</millis>
  <sequence>27</sequence>
  <level>PASSED</level>
  <class>com.kms.katalon.core.logging.XmlKeywordLogger</class>
  <method>logMessage</method>
  <thread>1</thread>
  <message>Test Cases/MercatusTestCases/ProjectTestCases/Create entity with extra assumption values in API body</message>
  <nestedLevel>1</nestedLevel>
</record>
<record>
  <date>2019-03-05T14:36:13</date>
  <millis>1551776773303</millis>
  <sequence>28</sequence>
  <level>START</level>
  <class>com.kms.katalon.core.logging.XmlKeywordLogger</class>
  <method>startKeyword</method>
  <thread>1</thread>
  <message>Start listener action : afterTestCase</message>
  <nestedLevel>1</nestedLevel>
</record>
<record>
  <date>2019-03-05T14:36:13</date>
  <millis>1551776773318</millis>
  <sequence>30</sequence>
  <level>START</level>
  <class>com.kms.katalon.core.logging.XmlKeywordLogger</class>
  <method>startKeyword</method>
  <thread>1</thread>
  <message>Start action : try</message>
  <nestedLevel>1</nestedLevel>
  <property name="startLine">32</property>
  <property name="stepIndex">1</property>
</record>
<record>
  <date>2019-03-05T14:36:13</date>
  <millis>1551776773319</millis>
  <sequence>31</sequence>
  <level>START</level>
  <class>com.kms.katalon.core.logging.XmlKeywordLogger</class>
  <method>startKeyword</method>
  <thread>1</thread>
  <message>Start action : tc_ids = getTestCaseVariables()[\&amp;quot;testrail_tc_id\&amp;quot;].split(\&amp;quot;,\&amp;quot;)</message>
  <nestedLevel>2</nestedLevel>
  <property name="startLine">33</property>
  <property name="stepIndex">1</property>
</record>
<record>
  <date>2019-03-05T14:36:13</date>
  <millis>1551776773337</millis>
  <sequence>32</sequence>
  <level>END</level>
  <class>com.kms.katalon.core.logging.XmlKeywordLogger</class>
  <method>endKeyword</method>
  <thread>1</thread>
  <message>End action : tc_ids = getTestCaseVariables()[\&amp;quot;testrail_tc_id\&amp;quot;].split(\&amp;quot;,\&amp;quot;)</message>
  <nestedLevel>2</nestedLevel>
</record>
<record>
  <date>2019-03-05T14:36:13</date>
  <millis>1551776773338</millis>
  <sequence>33</sequence>
  <level>END</level>
  <class>com.kms.katalon.core.logging.XmlKeywordLogger</class>
  <method>endKeyword</method>
  <thread>1</thread>
  <message>End action : try</message>
  <nestedLevel>1</nestedLevel>
</record>
<record>
  <date>2019-03-05T14:36:13</date>
  <millis>1551776773338</millis>
  <sequence>34</sequence>
  <level>START</level>
  <class>com.kms.katalon.core.logging.XmlKeywordLogger</class>
  <method>startKeyword</method>
  <thread>1</thread>
  <message>Start action : catch (NullPointerException ex)</message>
  <nestedLevel>1</nestedLevel>
  <property name="startLine">38</property>
  <property name="stepIndex">2</property>
</record>
<record>
  <date>2019-03-05T14:36:13</date>
  <millis>1551776773339</millis>
  <sequence>36</sequence>
  <level>END</level>
  <class>com.kms.katalon.core.logging.XmlKeywordLogger</class>
  <method>endKeyword</method>
  <thread>1</thread>
  <message>End action : catch (NullPointerException ex)</message>
  <nestedLevel>1</nestedLevel>
</record>
<record>
  <date>2019-03-05T14:36:13</date>
  <millis>1551776773340</millis>
  <sequence>37</sequence>
  <level>END</level>
  <class>com.kms.katalon.core.logging.XmlKeywordLogger</class>
  <method>endKeyword</method>
  <thread>1</thread>
  <message>End listener action : afterTestCase</message>
  <nestedLevel>1</nestedLevel>
</record>
<record>
  <date>2019-03-05T14:36:13</date>
  <millis>1551776773341</millis>
  <sequence>38</sequence>
  <level>END</level>
  <class>com.kms.katalon.core.logging.XmlKeywordLogger</class>
  <method>endTest</method>
  <thread>1</thread>
  <message>End Test Case : Test Cases/MercatusTestCases/ProjectTestCases/Create entity with extra assumption values in API body</message>
  <nestedLevel>0</nestedLevel>
</record>
<record>
  <date>2019-03-05T14:36:13</date>
  <millis>1551776773348</millis>
  <sequence>39</sequence>
  <level>START</level>
  <class>com.kms.katalon.core.logging.XmlKeywordLogger</class>
  <method>startTest</method>
  <thread>1</thread>
  <message>Start Test Case : Test Cases/MercatusTestCases/ProjectTestCases/Create entity with invalid-Blank entity category name</message>
  <nestedLevel>1</nestedLevel>
  <property name="name">Test Cases/MercatusTestCases/ProjectTestCases/Create entity with invalid-Blank entity category name</property>
  <property name="description">Create entity with invalid/Blank entity category name</property>
  <property name="id">Test Cases/MercatusTestCases/ProjectTestCases/Create entity with invalid-Blank entity category name</property>
  <property name="source">E:\\API-test\\Test Cases\\MercatusTestCases\\ProjectTestCases\\Create entity with invalid-Blank entity category name.tc</property>
  <property name="isOptional">false</property>
</record>
<record>
  <date>2019-03-05T14:36:13</date>
  <millis>1551776773660</millis>
  <sequence>41</sequence>
  <level>START</level>
  <class>com.kms.katalon.core.logging.XmlKeywordLogger</class>
  <method>startKeyword</method>
  <thread>1</thread>
  <message>Start action : Response = sendRequest(findTestObject(\&amp;quot;Mercatus/Projects/Create Entity/Create entity with invalid-Blank entity category name\&amp;quot;, [\&amp;quot;OrgId\&amp;quot;:findTestData(\&amp;quot;Create Entity\&amp;quot;).getValue(1, 1), \&amp;quot;url3\&amp;quot;:findTestData(\&amp;quot;Create Entity\&amp;quot;).getValue(1, 1), \&amp;quot;Authorization\&amp;quot;:Authorization]))</message>
  <nestedLevel>1</nestedLevel>
  <property name="startLine">16</property>
  <property name="stepIndex">1</property>
</record>
<record>
  <date>2019-03-05T14:36:16</date>
  <millis>1551776776510</millis>
  <sequence>53</sequence>
  <level>INFO</level>
  <class>com.kms.katalon.core.logging.XmlKeywordLogger</class>
  <method>logMessage</method>
  <thread>1</thread>
  <message>HAR: E:\\API-test\\Reports\\New Test Suite\\20190305_143601\\requests\\main\\1.har</message>
  <nestedLevel>1</nestedLevel>
  <property name="harId">41ffd854-48be-4f99-bb2d-bdcedc987007</property>
</record>
<record>
  <date>2019-03-05T14:36:16</date>
  <millis>1551776776515</millis>
  <sequence>54</sequence>
  <level>PASSED</level>
  <class>com.kms.katalon.core.logging.XmlKeywordLogger</class>
  <method>logMessage</method>
  <thread>1</thread>
  <message>Send request successfully</message>
  <nestedLevel>1</nestedLevel>
</record>
<record>
  <date>2019-03-05T14:36:16</date>
  <millis>1551776776516</millis>
  <sequence>55</sequence>
  <level>END</level>
  <class>com.kms.katalon.core.logging.XmlKeywordLogger</class>
  <method>endKeyword</method>
  <thread>1</thread>
  <message>End action : Response = sendRequest(findTestObject(\&amp;quot;Mercatus/Projects/Create Entity/Create entity with invalid-Blank entity category name\&amp;quot;, [\&amp;quot;OrgId\&amp;quot;:findTestData(\&amp;quot;Create Entity\&amp;quot;).getValue(1, 1), \&amp;quot;url3\&amp;quot;:findTestData(\&amp;quot;Create Entity\&amp;quot;).getValue(1, 1), \&amp;quot;Authorization\&amp;quot;:Authorization]))</message>
  <nestedLevel>1</nestedLevel>
</record>
<record>
  <date>2019-03-05T14:36:16</date>
  <millis>1551776776517</millis>
  <sequence>56</sequence>
  <level>START</level>
  <class>com.kms.katalon.core.logging.XmlKeywordLogger</class>
  <method>startKeyword</method>
  <thread>1</thread>
  <message>Start action : containsString(Response, \&amp;quot;The application has encountered an error, Please retry.\&amp;quot;, false)</message>
  <nestedLevel>1</nestedLevel>
  <property name="startLine">20</property>
  <property name="stepIndex">2</property>
</record>
<record>
  <date>2019-03-05T14:36:16</date>
  <millis>1551776776518</millis>
  <sequence>59</sequence>
  <level>PASSED</level>
  <class>com.kms.katalon.core.logging.XmlKeywordLogger</class>
  <method>logMessage</method>
  <thread>1</thread>
  <message>Check contain string successfully</message>
  <nestedLevel>1</nestedLevel>
</record>
<record>
  <date>2019-03-05T14:36:16</date>
  <millis>1551776776519</millis>
  <sequence>60</sequence>
  <level>END</level>
  <class>com.kms.katalon.core.logging.XmlKeywordLogger</class>
  <method>endKeyword</method>
  <thread>1</thread>
  <message>End action : containsString(Response, \&amp;quot;The application has encountered an error, Please retry.\&amp;quot;, false)</message>
  <nestedLevel>1</nestedLevel>
</record>
<record>
  <date>2019-03-05T14:36:16</date>
  <millis>1551776776519</millis>
  <sequence>61</sequence>
  <level>PASSED</level>
  <class>com.kms.katalon.core.logging.XmlKeywordLogger</class>
  <method>logMessage</method>
  <thread>1</thread>
  <message>Test Cases/MercatusTestCases/ProjectTestCases/Create entity with invalid-Blank entity category name</message>
  <nestedLevel>1</nestedLevel>
</record>
<record>
  <date>2019-03-05T14:36:16</date>
  <millis>1551776776520</millis>
  <sequence>62</sequence>
  <level>START</level>
  <class>com.kms.katalon.core.logging.XmlKeywordLogger</class>
  <method>startKeyword</method>
  <thread>1</thread>
  <message>Start listener action : afterTestCase</message>
  <nestedLevel>1</nestedLevel>
</record>
<record>
  <date>2019-03-05T14:36:16</date>
  <millis>1551776776522</millis>
  <sequence>64</sequence>
  <level>START</level>
  <class>com.kms.katalon.core.logging.XmlKeywordLogger</class>
  <method>startKeyword</method>
  <thread>1</thread>
  <message>Start action : try</message>
  <nestedLevel>1</nestedLevel>
  <property name="startLine">32</property>
  <property name="stepIndex">1</property>
</record>
<record>
  <date>2019-03-05T14:36:16</date>
  <millis>1551776776522</millis>
  <sequence>65</sequence>
  <level>START</level>
  <class>com.kms.katalon.core.logging.XmlKeywordLogger</class>
  <method>startKeyword</method>
  <thread>1</thread>
  <message>Start action : tc_ids = getTestCaseVariables()[\&amp;quot;testrail_tc_id\&amp;quot;].split(\&amp;quot;,\&amp;quot;)</message>
  <nestedLevel>2</nestedLevel>
  <property name="startLine">33</property>
  <property name="stepIndex">1</property>
</record>
<record>
  <date>2019-03-05T14:36:16</date>
  <millis>1551776776523</millis>
  <sequence>66</sequence>
  <level>END</level>
  <class>com.kms.katalon.core.logging.XmlKeywordLogger</class>
  <method>endKeyword</method>
  <thread>1</thread>
  <message>End action : tc_ids = getTestCaseVariables()[\&amp;quot;testrail_tc_id\&amp;quot;].split(\&amp;quot;,\&amp;quot;)</message>
  <nestedLevel>2</nestedLevel>
</record>
<record>
  <date>2019-03-05T14:36:16</date>
  <millis>1551776776524</millis>
  <sequence>67</sequence>
  <level>END</level>
  <class>com.kms.katalon.core.logging.XmlKeywordLogger</class>
  <method>endKeyword</method>
  <thread>1</thread>
  <message>End action : try</message>
  <nestedLevel>1</nestedLevel>
</record>
<record>
  <date>2019-03-05T14:36:16</date>
  <millis>1551776776525</millis>
  <sequence>68</sequence>
  <level>START</level>
  <class>com.kms.katalon.core.logging.XmlKeywordLogger</class>
  <method>startKeyword</method>
  <thread>1</thread>
  <message>Start action : catch (NullPointerException ex)</message>
  <nestedLevel>1</nestedLevel>
  <property name="startLine">38</property>
  <property name="stepIndex">2</property>
</record>
<record>
  <date>2019-03-05T14:36:16</date>
  <millis>1551776776525</millis>
  <sequence>70</sequence>
  <level>END</level>
  <class>com.kms.katalon.core.logging.XmlKeywordLogger</class>
  <method>endKeyword</method>
  <thread>1</thread>
  <message>End action : catch (NullPointerException ex)</message>
  <nestedLevel>1</nestedLevel>
</record>
<record>
  <date>2019-03-05T14:36:16</date>
  <millis>1551776776526</millis>
  <sequence>71</sequence>
  <level>END</level>
  <class>com.kms.katalon.core.logging.XmlKeywordLogger</class>
  <method>endKeyword</method>
  <thread>1</thread>
  <message>End listener action : afterTestCase</message>
  <nestedLevel>1</nestedLevel>
</record>
<record>
  <date>2019-03-05T14:36:16</date>
  <millis>1551776776526</millis>
  <sequence>72</sequence>
  <level>END</level>
  <class>com.kms.katalon.core.logging.XmlKeywordLogger</class>
  <method>endTest</method>
  <thread>1</thread>
  <message>End Test Case : Test Cases/MercatusTestCases/ProjectTestCases/Create entity with invalid-Blank entity category name</message>
  <nestedLevel>0</nestedLevel>
</record>
<record>
  <date>2019-03-05T14:36:16</date>
  <millis>1551776776531</millis>
  <sequence>73</sequence>
  <level>START</level>
  <class>com.kms.katalon.core.logging.XmlKeywordLogger</class>
  <method>startTest</method>
  <thread>1</thread>
  <message>Start Test Case : Test Cases/MercatusTestCases/ProjectTestCases/Create entity without creation fields in API body</message>
  <nestedLevel>1</nestedLevel>
  <property name="name">Test Cases/MercatusTestCases/ProjectTestCases/Create entity without creation fields in API body</property>
  <property name="description">Create entity without creation fields in API body</property>
  <property name="id">Test Cases/MercatusTestCases/ProjectTestCases/Create entity without creation fields in API body</property>
  <property name="source">E:\\API-test\\Test Cases\\MercatusTestCases\\ProjectTestCases\\Create entity without creation fields in API body.tc</property>
  <property name="isOptional">false</property>
</record>
<record>
  <date>2019-03-05T14:36:16</date>
  <millis>1551776776763</millis>
  <sequence>75</sequence>
  <level>START</level>
  <class>com.kms.katalon.core.logging.XmlKeywordLogger</class>
  <method>startKeyword</method>
  <thread>1</thread>
  <message>Start action : Response = sendRequest(findTestObject(\&amp;quot;Mercatus/Projects/Create Entity/Create entity without creation fields in API body\&amp;quot;, [\&amp;quot;OrgId\&amp;quot;:findTestData(\&amp;quot;Create Entity\&amp;quot;).getValue(1, 1), \&amp;quot;url3\&amp;quot;:findTestData(\&amp;quot;Create Entity\&amp;quot;).getValue(1, 1), \&amp;quot;Authorization\&amp;quot;:Authorization]))</message>
  <nestedLevel>1</nestedLevel>
  <property name="startLine">16</property>
  <property name="stepIndex">1</property>
</record>
<record>
  <date>2019-03-05T14:36:19</date>
  <millis>1551776779528</millis>
  <sequence>87</sequence>
  <level>INFO</level>
  <class>com.kms.katalon.core.logging.XmlKeywordLogger</class>
  <method>logMessage</method>
  <thread>1</thread>
  <message>HAR: E:\\API-test\\Reports\\New Test Suite\\20190305_143601\\requests\\main\\2.har</message>
  <nestedLevel>1</nestedLevel>
  <property name="harId">b6a50c3c-d2ca-4937-82f9-00e3169fd89c</property>
</record>
<record>
  <date>2019-03-05T14:36:19</date>
  <millis>1551776779532</millis>
  <sequence>88</sequence>
  <level>PASSED</level>
  <class>com.kms.katalon.core.logging.XmlKeywordLogger</class>
  <method>logMessage</method>
  <thread>1</thread>
  <message>Send request successfully</message>
  <nestedLevel>1</nestedLevel>
</record>
<record>
  <date>2019-03-05T14:36:19</date>
  <millis>1551776779533</millis>
  <sequence>89</sequence>
  <level>END</level>
  <class>com.kms.katalon.core.logging.XmlKeywordLogger</class>
  <method>endKeyword</method>
  <thread>1</thread>
  <message>End action : Response = sendRequest(findTestObject(\&amp;quot;Mercatus/Projects/Create Entity/Create entity without creation fields in API body\&amp;quot;, [\&amp;quot;OrgId\&amp;quot;:findTestData(\&amp;quot;Create Entity\&amp;quot;).getValue(1, 1), \&amp;quot;url3\&amp;quot;:findTestData(\&amp;quot;Create Entity\&amp;quot;).getValue(1, 1), \&amp;quot;Authorization\&amp;quot;:Authorization]))</message>
  <nestedLevel>1</nestedLevel>
</record>
<record>
  <date>2019-03-05T14:36:19</date>
  <millis>1551776779533</millis>
  <sequence>90</sequence>
  <level>START</level>
  <class>com.kms.katalon.core.logging.XmlKeywordLogger</class>
  <method>startKeyword</method>
  <thread>1</thread>
  <message>Start action : containsString(Response, \&amp;quot;Error while creating project data\&amp;quot;, false)</message>
  <nestedLevel>1</nestedLevel>
  <property name="startLine">20</property>
  <property name="stepIndex">2</property>
</record>
<record>
  <date>2019-03-05T14:36:19</date>
  <millis>1551776779534</millis>
  <sequence>93</sequence>
  <level>PASSED</level>
  <class>com.kms.katalon.core.logging.XmlKeywordLogger</class>
  <method>logMessage</method>
  <thread>1</thread>
  <message>Check contain string successfully</message>
  <nestedLevel>1</nestedLevel>
</record>
<record>
  <date>2019-03-05T14:36:19</date>
  <millis>1551776779539</millis>
  <sequence>94</sequence>
  <level>END</level>
  <class>com.kms.katalon.core.logging.XmlKeywordLogger</class>
  <method>endKeyword</method>
  <thread>1</thread>
  <message>End action : containsString(Response, \&amp;quot;Error while creating project data\&amp;quot;, false)</message>
  <nestedLevel>1</nestedLevel>
</record>
<record>
  <date>2019-03-05T14:36:19</date>
  <millis>1551776779540</millis>
  <sequence>95</sequence>
  <level>PASSED</level>
  <class>com.kms.katalon.core.logging.XmlKeywordLogger</class>
  <method>logMessage</method>
  <thread>1</thread>
  <message>Test Cases/MercatusTestCases/ProjectTestCases/Create entity without creation fields in API body</message>
  <nestedLevel>1</nestedLevel>
</record>
<record>
  <date>2019-03-05T14:36:19</date>
  <millis>1551776779541</millis>
  <sequence>96</sequence>
  <level>START</level>
  <class>com.kms.katalon.core.logging.XmlKeywordLogger</class>
  <method>startKeyword</method>
  <thread>1</thread>
  <message>Start listener action : afterTestCase</message>
  <nestedLevel>1</nestedLevel>
</record>
<record>
  <date>2019-03-05T14:36:19</date>
  <millis>1551776779541</millis>
  <sequence>98</sequence>
  <level>START</level>
  <class>com.kms.katalon.core.logging.XmlKeywordLogger</class>
  <method>startKeyword</method>
  <thread>1</thread>
  <message>Start action : try</message>
  <nestedLevel>1</nestedLevel>
  <property name="startLine">32</property>
  <property name="stepIndex">1</property>
</record>
<record>
  <date>2019-03-05T14:36:19</date>
  <millis>1551776779542</millis>
  <sequence>99</sequence>
  <level>START</level>
  <class>com.kms.katalon.core.logging.XmlKeywordLogger</class>
  <method>startKeyword</method>
  <thread>1</thread>
  <message>Start action : tc_ids = getTestCaseVariables()[\&amp;quot;testrail_tc_id\&amp;quot;].split(\&amp;quot;,\&amp;quot;)</message>
  <nestedLevel>2</nestedLevel>
  <property name="startLine">33</property>
  <property name="stepIndex">1</property>
</record>
<record>
  <date>2019-03-05T14:36:19</date>
  <millis>1551776779544</millis>
  <sequence>100</sequence>
  <level>END</level>
  <class>com.kms.katalon.core.logging.XmlKeywordLogger</class>
  <method>endKeyword</method>
  <thread>1</thread>
  <message>End action : tc_ids = getTestCaseVariables()[\&amp;quot;testrail_tc_id\&amp;quot;].split(\&amp;quot;,\&amp;quot;)</message>
  <nestedLevel>2</nestedLevel>
</record>
<record>
  <date>2019-03-05T14:36:19</date>
  <millis>1551776779544</millis>
  <sequence>101</sequence>
  <level>END</level>
  <class>com.kms.katalon.core.logging.XmlKeywordLogger</class>
  <method>endKeyword</method>
  <thread>1</thread>
  <message>End action : try</message>
  <nestedLevel>1</nestedLevel>
</record>
<record>
  <date>2019-03-05T14:36:19</date>
  <millis>1551776779545</millis>
  <sequence>102</sequence>
  <level>START</level>
  <class>com.kms.katalon.core.logging.XmlKeywordLogger</class>
  <method>startKeyword</method>
  <thread>1</thread>
  <message>Start action : catch (NullPointerException ex)</message>
  <nestedLevel>1</nestedLevel>
  <property name="startLine">38</property>
  <property name="stepIndex">2</property>
</record>
<record>
  <date>2019-03-05T14:36:19</date>
  <millis>1551776779545</millis>
  <sequence>104</sequence>
  <level>END</level>
  <class>com.kms.katalon.core.logging.XmlKeywordLogger</class>
  <method>endKeyword</method>
  <thread>1</thread>
  <message>End action : catch (NullPointerException ex)</message>
  <nestedLevel>1</nestedLevel>
</record>
<record>
  <date>2019-03-05T14:36:19</date>
  <millis>1551776779546</millis>
  <sequence>105</sequence>
  <level>END</level>
  <class>com.kms.katalon.core.logging.XmlKeywordLogger</class>
  <method>endKeyword</method>
  <thread>1</thread>
  <message>End listener action : afterTestCase</message>
  <nestedLevel>1</nestedLevel>
</record>
<record>
  <date>2019-03-05T14:36:19</date>
  <millis>1551776779546</millis>
  <sequence>106</sequence>
  <level>END</level>
  <class>com.kms.katalon.core.logging.XmlKeywordLogger</class>
  <method>endTest</method>
  <thread>1</thread>
  <message>End Test Case : Test Cases/MercatusTestCases/ProjectTestCases/Create entity without creation fields in API body</message>
  <nestedLevel>0</nestedLevel>
</record>
<record>
  <date>2019-03-05T14:36:19</date>
  <millis>1551776779551</millis>
  <sequence>107</sequence>
  <level>START</level>
  <class>com.kms.katalon.core.logging.XmlKeywordLogger</class>
  <method>startTest</method>
  <thread>1</thread>
  <message>Start Test Case : Test Cases/MercatusTestCases/ProjectTestCases/Create project with incorrect assumption data</message>
  <nestedLevel>1</nestedLevel>
  <property name="name">Test Cases/MercatusTestCases/ProjectTestCases/Create project with incorrect assumption data</property>
  <property name="description">Create project with incorrect assumption data</property>
  <property name="id">Test Cases/MercatusTestCases/ProjectTestCases/Create project with incorrect assumption data</property>
  <property name="source">E:\\API-test\\Test Cases\\MercatusTestCases\\ProjectTestCases\\Create project with incorrect assumption data.tc</property>
  <property name="isOptional">false</property>
</record>
<record>
  <date>2019-03-05T14:36:19</date>
  <millis>1551776779815</millis>
  <sequence>109</sequence>
  <level>START</level>
  <class>com.kms.katalon.core.logging.XmlKeywordLogger</class>
  <method>startKeyword</method>
  <thread>1</thread>
  <message>Start action : Response = sendRequest(findTestObject(\&amp;quot;Mercatus/Projects/Create Entity/Create project with incorrect assumption data\&amp;quot;, [\&amp;quot;Authorization\&amp;quot;:Authorization, \&amp;quot;url3\&amp;quot;:findTestData(\&amp;quot;Create Entity\&amp;quot;).getValue(1, 1), \&amp;quot;OrgId\&amp;quot;:findTestData(\&amp;quot;Create Entity\&amp;quot;).getValue(1, 1)]))</message>
  <nestedLevel>1</nestedLevel>
  <property name="startLine">16</property>
  <property name="stepIndex">1</property>
</record>
<record>
  <date>2019-03-05T14:36:22</date>
  <millis>1551776782099</millis>
  <sequence>121</sequence>
  <level>INFO</level>
  <class>com.kms.katalon.core.logging.XmlKeywordLogger</class>
  <method>logMessage</method>
  <thread>1</thread>
  <message>HAR: E:\\API-test\\Reports\\New Test Suite\\20190305_143601\\requests\\main\\3.har</message>
  <nestedLevel>1</nestedLevel>
  <property name="harId">3849109e-2957-47d6-a42b-0d2289ea6582</property>
</record>
<record>
  <date>2019-03-05T14:36:22</date>
  <millis>1551776782104</millis>
  <sequence>122</sequence>
  <level>PASSED</level>
  <class>com.kms.katalon.core.logging.XmlKeywordLogger</class>
  <method>logMessage</method>
  <thread>1</thread>
  <message>Send request successfully</message>
  <nestedLevel>1</nestedLevel>
</record>
<record>
  <date>2019-03-05T14:36:22</date>
  <millis>1551776782105</millis>
  <sequence>123</sequence>
  <level>END</level>
  <class>com.kms.katalon.core.logging.XmlKeywordLogger</class>
  <method>endKeyword</method>
  <thread>1</thread>
  <message>End action : Response = sendRequest(findTestObject(\&amp;quot;Mercatus/Projects/Create Entity/Create project with incorrect assumption data\&amp;quot;, [\&amp;quot;Authorization\&amp;quot;:Authorization, \&amp;quot;url3\&amp;quot;:findTestData(\&amp;quot;Create Entity\&amp;quot;).getValue(1, 1), \&amp;quot;OrgId\&amp;quot;:findTestData(\&amp;quot;Create Entity\&amp;quot;).getValue(1, 1)]))</message>
  <nestedLevel>1</nestedLevel>
</record>
<record>
  <date>2019-03-05T14:36:22</date>
  <millis>1551776782106</millis>
  <sequence>124</sequence>
  <level>START</level>
  <class>com.kms.katalon.core.logging.XmlKeywordLogger</class>
  <method>startKeyword</method>
  <thread>1</thread>
  <message>Start action : containsString(Response, \&amp;quot;The application has encountered an error, Please retry.\&amp;quot;, false)</message>
  <nestedLevel>1</nestedLevel>
  <property name="startLine">20</property>
  <property name="stepIndex">2</property>
</record>
<record>
  <date>2019-03-05T14:36:22</date>
  <millis>1551776782107</millis>
  <sequence>127</sequence>
  <level>PASSED</level>
  <class>com.kms.katalon.core.logging.XmlKeywordLogger</class>
  <method>logMessage</method>
  <thread>1</thread>
  <message>Check contain string successfully</message>
  <nestedLevel>1</nestedLevel>
</record>
<record>
  <date>2019-03-05T14:36:22</date>
  <millis>1551776782108</millis>
  <sequence>128</sequence>
  <level>END</level>
  <class>com.kms.katalon.core.logging.XmlKeywordLogger</class>
  <method>endKeyword</method>
  <thread>1</thread>
  <message>End action : containsString(Response, \&amp;quot;The application has encountered an error, Please retry.\&amp;quot;, false)</message>
  <nestedLevel>1</nestedLevel>
</record>
<record>
  <date>2019-03-05T14:36:22</date>
  <millis>1551776782108</millis>
  <sequence>129</sequence>
  <level>PASSED</level>
  <class>com.kms.katalon.core.logging.XmlKeywordLogger</class>
  <method>logMessage</method>
  <thread>1</thread>
  <message>Test Cases/MercatusTestCases/ProjectTestCases/Create project with incorrect assumption data</message>
  <nestedLevel>1</nestedLevel>
</record>
<record>
  <date>2019-03-05T14:36:22</date>
  <millis>1551776782109</millis>
  <sequence>130</sequence>
  <level>START</level>
  <class>com.kms.katalon.core.logging.XmlKeywordLogger</class>
  <method>startKeyword</method>
  <thread>1</thread>
  <message>Start listener action : afterTestCase</message>
  <nestedLevel>1</nestedLevel>
</record>
<record>
  <date>2019-03-05T14:36:22</date>
  <millis>1551776782109</millis>
  <sequence>132</sequence>
  <level>START</level>
  <class>com.kms.katalon.core.logging.XmlKeywordLogger</class>
  <method>startKeyword</method>
  <thread>1</thread>
  <message>Start action : try</message>
  <nestedLevel>1</nestedLevel>
  <property name="startLine">32</property>
  <property name="stepIndex">1</property>
</record>
<record>
  <date>2019-03-05T14:36:22</date>
  <millis>1551776782111</millis>
  <sequence>133</sequence>
  <level>START</level>
  <class>com.kms.katalon.core.logging.XmlKeywordLogger</class>
  <method>startKeyword</method>
  <thread>1</thread>
  <message>Start action : tc_ids = getTestCaseVariables()[\&amp;quot;testrail_tc_id\&amp;quot;].split(\&amp;quot;,\&amp;quot;)</message>
  <nestedLevel>2</nestedLevel>
  <property name="startLine">33</property>
  <property name="stepIndex">1</property>
</record>
<record>
  <date>2019-03-05T14:36:22</date>
  <millis>1551776782112</millis>
  <sequence>134</sequence>
  <level>END</level>
  <class>com.kms.katalon.core.logging.XmlKeywordLogger</class>
  <method>endKeyword</method>
  <thread>1</thread>
  <message>End action : tc_ids = getTestCaseVariables()[\&amp;quot;testrail_tc_id\&amp;quot;].split(\&amp;quot;,\&amp;quot;)</message>
  <nestedLevel>2</nestedLevel>
</record>
<record>
  <date>2019-03-05T14:36:22</date>
  <millis>1551776782112</millis>
  <sequence>135</sequence>
  <level>END</level>
  <class>com.kms.katalon.core.logging.XmlKeywordLogger</class>
  <method>endKeyword</method>
  <thread>1</thread>
  <message>End action : try</message>
  <nestedLevel>1</nestedLevel>
</record>
<record>
  <date>2019-03-05T14:36:22</date>
  <millis>1551776782113</millis>
  <sequence>136</sequence>
  <level>START</level>
  <class>com.kms.katalon.core.logging.XmlKeywordLogger</class>
  <method>startKeyword</method>
  <thread>1</thread>
  <message>Start action : catch (NullPointerException ex)</message>
  <nestedLevel>1</nestedLevel>
  <property name="startLine">38</property>
  <property name="stepIndex">2</property>
</record>
<record>
  <date>2019-03-05T14:36:22</date>
  <millis>1551776782113</millis>
  <sequence>138</sequence>
  <level>END</level>
  <class>com.kms.katalon.core.logging.XmlKeywordLogger</class>
  <method>endKeyword</method>
  <thread>1</thread>
  <message>End action : catch (NullPointerException ex)</message>
  <nestedLevel>1</nestedLevel>
</record>
<record>
  <date>2019-03-05T14:36:22</date>
  <millis>1551776782114</millis>
  <sequence>139</sequence>
  <level>END</level>
  <class>com.kms.katalon.core.logging.XmlKeywordLogger</class>
  <method>endKeyword</method>
  <thread>1</thread>
  <message>End listener action : afterTestCase</message>
  <nestedLevel>1</nestedLevel>
</record>
<record>
  <date>2019-03-05T14:36:22</date>
  <millis>1551776782114</millis>
  <sequence>140</sequence>
  <level>END</level>
  <class>com.kms.katalon.core.logging.XmlKeywordLogger</class>
  <method>endTest</method>
  <thread>1</thread>
  <message>End Test Case : Test Cases/MercatusTestCases/ProjectTestCases/Create project with incorrect assumption data</message>
  <nestedLevel>0</nestedLevel>
</record>
<record>
  <date>2019-03-05T14:36:22</date>
  <millis>1551776782118</millis>
  <sequence>141</sequence>
  <level>START</level>
  <class>com.kms.katalon.core.logging.XmlKeywordLogger</class>
  <method>startTest</method>
  <thread>1</thread>
  <message>Start Test Case : Test Cases/MercatusTestCases/ProjectTestCases/Create project with invalid OrgId</message>
  <nestedLevel>1</nestedLevel>
  <property name="name">Test Cases/MercatusTestCases/ProjectTestCases/Create project with invalid OrgId</property>
  <property name="description">Create project with invalid OrgId</property>
  <property name="id">Test Cases/MercatusTestCases/ProjectTestCases/Create project with invalid OrgId</property>
  <property name="source">E:\\API-test\\Test Cases\\MercatusTestCases\\ProjectTestCases\\Create project with invalid OrgId.tc</property>
  <property name="isOptional">false</property>
</record>
<record>
  <date>2019-03-05T14:36:22</date>
  <millis>1551776782349</millis>
  <sequence>143</sequence>
  <level>START</level>
  <class>com.kms.katalon.core.logging.XmlKeywordLogger</class>
  <method>startKeyword</method>
  <thread>1</thread>
  <message>Start action : Response = sendRequest(findTestObject(\&amp;quot;Mercatus/Projects/Create Entity/Create project with invalid org id\&amp;quot;, [\&amp;quot;Authorization\&amp;quot;:Authorization, \&amp;quot;url3\&amp;quot;:findTestData(\&amp;quot;Create Entity\&amp;quot;).getValue(1, 1)]))</message>
  <nestedLevel>1</nestedLevel>
  <property name="startLine">16</property>
  <property name="stepIndex">1</property>
</record>
<record>
  <date>2019-03-05T14:36:24</date>
  <millis>1551776784798</millis>
  <sequence>151</sequence>
  <level>INFO</level>
  <class>com.kms.katalon.core.logging.XmlKeywordLogger</class>
  <method>logMessage</method>
  <thread>1</thread>
  <message>HAR: E:\\API-test\\Reports\\New Test Suite\\20190305_143601\\requests\\main\\4.har</message>
  <nestedLevel>1</nestedLevel>
  <property name="harId">e7ac4ecd-a8ba-4467-b7dc-b6bba9327fac</property>
</record>
<record>
  <date>2019-03-05T14:36:24</date>
  <millis>1551776784801</millis>
  <sequence>152</sequence>
  <level>PASSED</level>
  <class>com.kms.katalon.core.logging.XmlKeywordLogger</class>
  <method>logMessage</method>
  <thread>1</thread>
  <message>Send request successfully</message>
  <nestedLevel>1</nestedLevel>
</record>
<record>
  <date>2019-03-05T14:36:24</date>
  <millis>1551776784801</millis>
  <sequence>153</sequence>
  <level>END</level>
  <class>com.kms.katalon.core.logging.XmlKeywordLogger</class>
  <method>endKeyword</method>
  <thread>1</thread>
  <message>End action : Response = sendRequest(findTestObject(\&amp;quot;Mercatus/Projects/Create Entity/Create project with invalid org id\&amp;quot;, [\&amp;quot;Authorization\&amp;quot;:Authorization, \&amp;quot;url3\&amp;quot;:findTestData(\&amp;quot;Create Entity\&amp;quot;).getValue(1, 1)]))</message>
  <nestedLevel>1</nestedLevel>
</record>
<record>
  <date>2019-03-05T14:36:24</date>
  <millis>1551776784802</millis>
  <sequence>154</sequence>
  <level>START</level>
  <class>com.kms.katalon.core.logging.XmlKeywordLogger</class>
  <method>startKeyword</method>
  <thread>1</thread>
  <message>Start action : containsString(Response, \&amp;quot;Access Denied.\&amp;quot;, false)</message>
  <nestedLevel>1</nestedLevel>
  <property name="startLine">19</property>
  <property name="stepIndex">2</property>
</record>
<record>
  <date>2019-03-05T14:36:24</date>
  <millis>1551776784803</millis>
  <sequence>157</sequence>
  <level>PASSED</level>
  <class>com.kms.katalon.core.logging.XmlKeywordLogger</class>
  <method>logMessage</method>
  <thread>1</thread>
  <message>Check contain string successfully</message>
  <nestedLevel>1</nestedLevel>
</record>
<record>
  <date>2019-03-05T14:36:24</date>
  <millis>1551776784803</millis>
  <sequence>158</sequence>
  <level>END</level>
  <class>com.kms.katalon.core.logging.XmlKeywordLogger</class>
  <method>endKeyword</method>
  <thread>1</thread>
  <message>End action : containsString(Response, \&amp;quot;Access Denied.\&amp;quot;, false)</message>
  <nestedLevel>1</nestedLevel>
</record>
<record>
  <date>2019-03-05T14:36:24</date>
  <millis>1551776784804</millis>
  <sequence>159</sequence>
  <level>PASSED</level>
  <class>com.kms.katalon.core.logging.XmlKeywordLogger</class>
  <method>logMessage</method>
  <thread>1</thread>
  <message>Test Cases/MercatusTestCases/ProjectTestCases/Create project with invalid OrgId</message>
  <nestedLevel>1</nestedLevel>
</record>
<record>
  <date>2019-03-05T14:36:24</date>
  <millis>1551776784805</millis>
  <sequence>160</sequence>
  <level>START</level>
  <class>com.kms.katalon.core.logging.XmlKeywordLogger</class>
  <method>startKeyword</method>
  <thread>1</thread>
  <message>Start listener action : afterTestCase</message>
  <nestedLevel>1</nestedLevel>
</record>
<record>
  <date>2019-03-05T14:36:24</date>
  <millis>1551776784805</millis>
  <sequence>162</sequence>
  <level>START</level>
  <class>com.kms.katalon.core.logging.XmlKeywordLogger</class>
  <method>startKeyword</method>
  <thread>1</thread>
  <message>Start action : try</message>
  <nestedLevel>1</nestedLevel>
  <property name="startLine">32</property>
  <property name="stepIndex">1</property>
</record>
<record>
  <date>2019-03-05T14:36:24</date>
  <millis>1551776784806</millis>
  <sequence>163</sequence>
  <level>START</level>
  <class>com.kms.katalon.core.logging.XmlKeywordLogger</class>
  <method>startKeyword</method>
  <thread>1</thread>
  <message>Start action : tc_ids = getTestCaseVariables()[\&amp;quot;testrail_tc_id\&amp;quot;].split(\&amp;quot;,\&amp;quot;)</message>
  <nestedLevel>2</nestedLevel>
  <property name="startLine">33</property>
  <property name="stepIndex">1</property>
</record>
<record>
  <date>2019-03-05T14:36:24</date>
  <millis>1551776784808</millis>
  <sequence>164</sequence>
  <level>END</level>
  <class>com.kms.katalon.core.logging.XmlKeywordLogger</class>
  <method>endKeyword</method>
  <thread>1</thread>
  <message>End action : tc_ids = getTestCaseVariables()[\&amp;quot;testrail_tc_id\&amp;quot;].split(\&amp;quot;,\&amp;quot;)</message>
  <nestedLevel>2</nestedLevel>
</record>
<record>
  <date>2019-03-05T14:36:24</date>
  <millis>1551776784808</millis>
  <sequence>165</sequence>
  <level>END</level>
  <class>com.kms.katalon.core.logging.XmlKeywordLogger</class>
  <method>endKeyword</method>
  <thread>1</thread>
  <message>End action : try</message>
  <nestedLevel>1</nestedLevel>
</record>
<record>
  <date>2019-03-05T14:36:24</date>
  <millis>1551776784808</millis>
  <sequence>166</sequence>
  <level>START</level>
  <class>com.kms.katalon.core.logging.XmlKeywordLogger</class>
  <method>startKeyword</method>
  <thread>1</thread>
  <message>Start action : catch (NullPointerException ex)</message>
  <nestedLevel>1</nestedLevel>
  <property name="startLine">38</property>
  <property name="stepIndex">2</property>
</record>
<record>
  <date>2019-03-05T14:36:24</date>
  <millis>1551776784809</millis>
  <sequence>168</sequence>
  <level>END</level>
  <class>com.kms.katalon.core.logging.XmlKeywordLogger</class>
  <method>endKeyword</method>
  <thread>1</thread>
  <message>End action : catch (NullPointerException ex)</message>
  <nestedLevel>1</nestedLevel>
</record>
<record>
  <date>2019-03-05T14:36:24</date>
  <millis>1551776784809</millis>
  <sequence>169</sequence>
  <level>END</level>
  <class>com.kms.katalon.core.logging.XmlKeywordLogger</class>
  <method>endKeyword</method>
  <thread>1</thread>
  <message>End listener action : afterTestCase</message>
  <nestedLevel>1</nestedLevel>
</record>
<record>
  <date>2019-03-05T14:36:24</date>
  <millis>1551776784810</millis>
  <sequence>170</sequence>
  <level>END</level>
  <class>com.kms.katalon.core.logging.XmlKeywordLogger</class>
  <method>endTest</method>
  <thread>1</thread>
  <message>End Test Case : Test Cases/MercatusTestCases/ProjectTestCases/Create project with invalid OrgId</message>
  <nestedLevel>0</nestedLevel>
</record>
<record>
  <date>2019-03-05T14:36:24</date>
  <millis>1551776784815</millis>
  <sequence>171</sequence>
  <level>START</level>
  <class>com.kms.katalon.core.logging.XmlKeywordLogger</class>
  <method>startTest</method>
  <thread>1</thread>
  <message>Start Test Case : Test Cases/MercatusTestCases/ProjectTestCases/Create project without adding data for all assumptions</message>
  <nestedLevel>1</nestedLevel>
  <property name="name">Test Cases/MercatusTestCases/ProjectTestCases/Create project without adding data for all assumptions</property>
  <property name="description">Create project without adding data for all assumptions</property>
  <property name="id">Test Cases/MercatusTestCases/ProjectTestCases/Create project without adding data for all assumptions</property>
  <property name="source">E:\\API-test\\Test Cases\\MercatusTestCases\\ProjectTestCases\\Create project without adding data for all assumptions.tc</property>
  <property name="isOptional">false</property>
</record>
<record>
  <date>2019-03-05T14:36:25</date>
  <millis>1551776785050</millis>
  <sequence>173</sequence>
  <level>START</level>
  <class>com.kms.katalon.core.logging.XmlKeywordLogger</class>
  <method>startKeyword</method>
  <thread>1</thread>
  <message>Start action : Response = sendRequest(findTestObject(\&amp;quot;Mercatus/Projects/Create Entity/Create project without adding data for all assumptions\&amp;quot;, [\&amp;quot;Authorization\&amp;quot;:Authorization, \&amp;quot;OrgId\&amp;quot;:findTestData(\&amp;quot;Create Entity\&amp;quot;).getValue(1, 1), \&amp;quot;url3\&amp;quot;:findTestData(\&amp;quot;Create Entity\&amp;quot;).getValue(1, 1)]))</message>
  <nestedLevel>1</nestedLevel>
  <property name="startLine">16</property>
  <property name="stepIndex">1</property>
</record>
<record>
  <date>2019-03-05T14:36:27</date>
  <millis>1551776787001</millis>
  <sequence>185</sequence>
  <level>INFO</level>
  <class>com.kms.katalon.core.logging.XmlKeywordLogger</class>
  <method>logMessage</method>
  <thread>1</thread>
  <message>HAR: E:\\API-test\\Reports\\New Test Suite\\20190305_143601\\requests\\main\\5.har</message>
  <nestedLevel>1</nestedLevel>
  <property name="harId">589c35c3-0eb6-4c7d-9df3-ffa4890a866c</property>
</record>
<record>
  <date>2019-03-05T14:36:27</date>
  <millis>1551776787004</millis>
  <sequence>186</sequence>
  <level>PASSED</level>
  <class>com.kms.katalon.core.logging.XmlKeywordLogger</class>
  <method>logMessage</method>
  <thread>1</thread>
  <message>Send request successfully</message>
  <nestedLevel>1</nestedLevel>
</record>
<record>
  <date>2019-03-05T14:36:27</date>
  <millis>1551776787005</millis>
  <sequence>187</sequence>
  <level>END</level>
  <class>com.kms.katalon.core.logging.XmlKeywordLogger</class>
  <method>endKeyword</method>
  <thread>1</thread>
  <message>End action : Response = sendRequest(findTestObject(\&amp;quot;Mercatus/Projects/Create Entity/Create project without adding data for all assumptions\&amp;quot;, [\&amp;quot;Authorization\&amp;quot;:Authorization, \&amp;quot;OrgId\&amp;quot;:findTestData(\&amp;quot;Create Entity\&amp;quot;).getValue(1, 1), \&amp;quot;url3\&amp;quot;:findTestData(\&amp;quot;Create Entity\&amp;quot;).getValue(1, 1)]))</message>
  <nestedLevel>1</nestedLevel>
</record>
<record>
  <date>2019-03-05T14:36:27</date>
  <millis>1551776787006</millis>
  <sequence>188</sequence>
  <level>START</level>
  <class>com.kms.katalon.core.logging.XmlKeywordLogger</class>
  <method>startKeyword</method>
  <thread>1</thread>
  <message>Start action : containsString(Response, \&amp;quot;The application has encountered an error, Please retry.\&amp;quot;, false)</message>
  <nestedLevel>1</nestedLevel>
  <property name="startLine">20</property>
  <property name="stepIndex">2</property>
</record>
<record>
  <date>2019-03-05T14:36:27</date>
  <millis>1551776787006</millis>
  <sequence>191</sequence>
  <level>PASSED</level>
  <class>com.kms.katalon.core.logging.XmlKeywordLogger</class>
  <method>logMessage</method>
  <thread>1</thread>
  <message>Check contain string successfully</message>
  <nestedLevel>1</nestedLevel>
</record>
<record>
  <date>2019-03-05T14:36:27</date>
  <millis>1551776787007</millis>
  <sequence>192</sequence>
  <level>END</level>
  <class>com.kms.katalon.core.logging.XmlKeywordLogger</class>
  <method>endKeyword</method>
  <thread>1</thread>
  <message>End action : containsString(Response, \&amp;quot;The application has encountered an error, Please retry.\&amp;quot;, false)</message>
  <nestedLevel>1</nestedLevel>
</record>
<record>
  <date>2019-03-05T14:36:27</date>
  <millis>1551776787007</millis>
  <sequence>193</sequence>
  <level>PASSED</level>
  <class>com.kms.katalon.core.logging.XmlKeywordLogger</class>
  <method>logMessage</method>
  <thread>1</thread>
  <message>Test Cases/MercatusTestCases/ProjectTestCases/Create project without adding data for all assumptions</message>
  <nestedLevel>1</nestedLevel>
</record>
<record>
  <date>2019-03-05T14:36:27</date>
  <millis>1551776787008</millis>
  <sequence>194</sequence>
  <level>START</level>
  <class>com.kms.katalon.core.logging.XmlKeywordLogger</class>
  <method>startKeyword</method>
  <thread>1</thread>
  <message>Start listener action : afterTestCase</message>
  <nestedLevel>1</nestedLevel>
</record>
<record>
  <date>2019-03-05T14:36:27</date>
  <millis>1551776787008</millis>
  <sequence>196</sequence>
  <level>START</level>
  <class>com.kms.katalon.core.logging.XmlKeywordLogger</class>
  <method>startKeyword</method>
  <thread>1</thread>
  <message>Start action : try</message>
  <nestedLevel>1</nestedLevel>
  <property name="startLine">32</property>
  <property name="stepIndex">1</property>
</record>
<record>
  <date>2019-03-05T14:36:27</date>
  <millis>1551776787008</millis>
  <sequence>197</sequence>
  <level>START</level>
  <class>com.kms.katalon.core.logging.XmlKeywordLogger</class>
  <method>startKeyword</method>
  <thread>1</thread>
  <message>Start action : tc_ids = getTestCaseVariables()[\&amp;quot;testrail_tc_id\&amp;quot;].split(\&amp;quot;,\&amp;quot;)</message>
  <nestedLevel>2</nestedLevel>
  <property name="startLine">33</property>
  <property name="stepIndex">1</property>
</record>
<record>
  <date>2019-03-05T14:36:27</date>
  <millis>1551776787009</millis>
  <sequence>198</sequence>
  <level>END</level>
  <class>com.kms.katalon.core.logging.XmlKeywordLogger</class>
  <method>endKeyword</method>
  <thread>1</thread>
  <message>End action : tc_ids = getTestCaseVariables()[\&amp;quot;testrail_tc_id\&amp;quot;].split(\&amp;quot;,\&amp;quot;)</message>
  <nestedLevel>2</nestedLevel>
</record>
<record>
  <date>2019-03-05T14:36:27</date>
  <millis>1551776787009</millis>
  <sequence>199</sequence>
  <level>END</level>
  <class>com.kms.katalon.core.logging.XmlKeywordLogger</class>
  <method>endKeyword</method>
  <thread>1</thread>
  <message>End action : try</message>
  <nestedLevel>1</nestedLevel>
</record>
<record>
  <date>2019-03-05T14:36:27</date>
  <millis>1551776787009</millis>
  <sequence>200</sequence>
  <level>START</level>
  <class>com.kms.katalon.core.logging.XmlKeywordLogger</class>
  <method>startKeyword</method>
  <thread>1</thread>
  <message>Start action : catch (NullPointerException ex)</message>
  <nestedLevel>1</nestedLevel>
  <property name="startLine">38</property>
  <property name="stepIndex">2</property>
</record>
<record>
  <date>2019-03-05T14:36:27</date>
  <millis>1551776787010</millis>
  <sequence>202</sequence>
  <level>END</level>
  <class>com.kms.katalon.core.logging.XmlKeywordLogger</class>
  <method>endKeyword</method>
  <thread>1</thread>
  <message>End action : catch (NullPointerException ex)</message>
  <nestedLevel>1</nestedLevel>
</record>
<record>
  <date>2019-03-05T14:36:27</date>
  <millis>1551776787010</millis>
  <sequence>203</sequence>
  <level>END</level>
  <class>com.kms.katalon.core.logging.XmlKeywordLogger</class>
  <method>endKeyword</method>
  <thread>1</thread>
  <message>End listener action : afterTestCase</message>
  <nestedLevel>1</nestedLevel>
</record>
<record>
  <date>2019-03-05T14:36:27</date>
  <millis>1551776787011</millis>
  <sequence>204</sequence>
  <level>END</level>
  <class>com.kms.katalon.core.logging.XmlKeywordLogger</class>
  <method>endTest</method>
  <thread>1</thread>
  <message>End Test Case : Test Cases/MercatusTestCases/ProjectTestCases/Create project without adding data for all assumptions</message>
  <nestedLevel>0</nestedLevel>
</record>
<record>
  <date>2019-03-05T14:36:27</date>
  <millis>1551776787014</millis>
  <sequence>205</sequence>
  <level>START</level>
  <class>com.kms.katalon.core.logging.XmlKeywordLogger</class>
  <method>startTest</method>
  <thread>1</thread>
  <message>Start Test Case : Test Cases/MercatusTestCases/ProjectTestCases/Create project without project name</message>
  <nestedLevel>1</nestedLevel>
  <property name="name">Test Cases/MercatusTestCases/ProjectTestCases/Create project without project name</property>
  <property name="description">Create project without project name</property>
  <property name="id">Test Cases/MercatusTestCases/ProjectTestCases/Create project without project name</property>
  <property name="source">E:\\API-test\\Test Cases\\MercatusTestCases\\ProjectTestCases\\Create project without project name.tc</property>
  <property name="isOptional">false</property>
</record>
<record>
  <date>2019-03-05T14:36:27</date>
  <millis>1551776787223</millis>
  <sequence>207</sequence>
  <level>START</level>
  <class>com.kms.katalon.core.logging.XmlKeywordLogger</class>
  <method>startKeyword</method>
  <thread>1</thread>
  <message>Start action : Response = sendRequest(findTestObject(\&amp;quot;Mercatus/Projects/Create Entity/Create project without project name\&amp;quot;, [\&amp;quot;Authorization\&amp;quot;:Authorization, \&amp;quot;url3\&amp;quot;:findTestData(\&amp;quot;Create Entity\&amp;quot;).getValue(1, 1), \&amp;quot;OrgId\&amp;quot;:findTestData(\&amp;quot;Create Entity\&amp;quot;).getValue(2, 1)]))</message>
  <nestedLevel>1</nestedLevel>
  <property name="startLine">16</property>
  <property name="stepIndex">1</property>
</record>
<record>
  <date>2019-03-05T14:36:37</date>
  <millis>1551776797381</millis>
  <sequence>219</sequence>
  <level>INFO</level>
  <class>com.kms.katalon.core.logging.XmlKeywordLogger</class>
  <method>logMessage</method>
  <thread>1</thread>
  <message>HAR: E:\\API-test\\Reports\\New Test Suite\\20190305_143601\\requests\\main\\6.har</message>
  <nestedLevel>1</nestedLevel>
  <property name="harId">3b56f19f-de69-4804-85d1-fd47a3f51653</property>
</record>
<record>
  <date>2019-03-05T14:36:37</date>
  <millis>1551776797428</millis>
  <sequence>220</sequence>
  <level>PASSED</level>
  <class>com.kms.katalon.core.logging.XmlKeywordLogger</class>
  <method>logMessage</method>
  <thread>1</thread>
  <message>Send request successfully</message>
  <nestedLevel>1</nestedLevel>
</record>
<record>
  <date>2019-03-05T14:36:37</date>
  <millis>1551776797429</millis>
  <sequence>221</sequence>
  <level>END</level>
  <class>com.kms.katalon.core.logging.XmlKeywordLogger</class>
  <method>endKeyword</method>
  <thread>1</thread>
  <message>End action : Response = sendRequest(findTestObject(\&amp;quot;Mercatus/Projects/Create Entity/Create project without project name\&amp;quot;, [\&amp;quot;Authorization\&amp;quot;:Authorization, \&amp;quot;url3\&amp;quot;:findTestData(\&amp;quot;Create Entity\&amp;quot;).getValue(1, 1), \&amp;quot;OrgId\&amp;quot;:findTestData(\&amp;quot;Create Entity\&amp;quot;).getValue(2, 1)]))</message>
  <nestedLevel>1</nestedLevel>
</record>
<record>
  <date>2019-03-05T14:36:37</date>
  <millis>1551776797429</millis>
  <sequence>222</sequence>
  <level>START</level>
  <class>com.kms.katalon.core.logging.XmlKeywordLogger</class>
  <method>startKeyword</method>
  <thread>1</thread>
  <message>Start action : verifyResponseStatusCode(Response, 200)</message>
  <nestedLevel>1</nestedLevel>
  <property name="startLine">20</property>
  <property name="stepIndex">2</property>
</record>
<record>
  <date>2019-03-05T14:36:37</date>
  <millis>1551776797449</millis>
  <sequence>224</sequence>
  <level>PASSED</level>
  <class>com.kms.katalon.core.logging.XmlKeywordLogger</class>
  <method>logMessage</method>
  <thread>1</thread>
  <message>Verify response status code successfully</message>
  <nestedLevel>1</nestedLevel>
</record>
<record>
  <date>2019-03-05T14:36:37</date>
  <millis>1551776797450</millis>
  <sequence>225</sequence>
  <level>END</level>
  <class>com.kms.katalon.core.logging.XmlKeywordLogger</class>
  <method>endKeyword</method>
  <thread>1</thread>
  <message>End action : verifyResponseStatusCode(Response, 200)</message>
  <nestedLevel>1</nestedLevel>
</record>
<record>
  <date>2019-03-05T14:36:37</date>
  <millis>1551776797450</millis>
  <sequence>226</sequence>
  <level>PASSED</level>
  <class>com.kms.katalon.core.logging.XmlKeywordLogger</class>
  <method>logMessage</method>
  <thread>1</thread>
  <message>Test Cases/MercatusTestCases/ProjectTestCases/Create project without project name</message>
  <nestedLevel>1</nestedLevel>
</record>
<record>
  <date>2019-03-05T14:36:37</date>
  <millis>1551776797451</millis>
  <sequence>227</sequence>
  <level>START</level>
  <class>com.kms.katalon.core.logging.XmlKeywordLogger</class>
  <method>startKeyword</method>
  <thread>1</thread>
  <message>Start listener action : afterTestCase</message>
  <nestedLevel>1</nestedLevel>
</record>
<record>
  <date>2019-03-05T14:36:37</date>
  <millis>1551776797451</millis>
  <sequence>229</sequence>
  <level>START</level>
  <class>com.kms.katalon.core.logging.XmlKeywordLogger</class>
  <method>startKeyword</method>
  <thread>1</thread>
  <message>Start action : try</message>
  <nestedLevel>1</nestedLevel>
  <property name="startLine">32</property>
  <property name="stepIndex">1</property>
</record>
<record>
  <date>2019-03-05T14:36:37</date>
  <millis>1551776797455</millis>
  <sequence>230</sequence>
  <level>START</level>
  <class>com.kms.katalon.core.logging.XmlKeywordLogger</class>
  <method>startKeyword</method>
  <thread>1</thread>
  <message>Start action : tc_ids = getTestCaseVariables()[\&amp;quot;testrail_tc_id\&amp;quot;].split(\&amp;quot;,\&amp;quot;)</message>
  <nestedLevel>2</nestedLevel>
  <property name="startLine">33</property>
  <property name="stepIndex">1</property>
</record>
<record>
  <date>2019-03-05T14:36:37</date>
  <millis>1551776797458</millis>
  <sequence>231</sequence>
  <level>END</level>
  <class>com.kms.katalon.core.logging.XmlKeywordLogger</class>
  <method>endKeyword</method>
  <thread>1</thread>
  <message>End action : tc_ids = getTestCaseVariables()[\&amp;quot;testrail_tc_id\&amp;quot;].split(\&amp;quot;,\&amp;quot;)</message>
  <nestedLevel>2</nestedLevel>
</record>
<record>
  <date>2019-03-05T14:36:37</date>
  <millis>1551776797458</millis>
  <sequence>232</sequence>
  <level>END</level>
  <class>com.kms.katalon.core.logging.XmlKeywordLogger</class>
  <method>endKeyword</method>
  <thread>1</thread>
  <message>End action : try</message>
  <nestedLevel>1</nestedLevel>
</record>
<record>
  <date>2019-03-05T14:36:37</date>
  <millis>1551776797460</millis>
  <sequence>233</sequence>
  <level>START</level>
  <class>com.kms.katalon.core.logging.XmlKeywordLogger</class>
  <method>startKeyword</method>
  <thread>1</thread>
  <message>Start action : catch (NullPointerException ex)</message>
  <nestedLevel>1</nestedLevel>
  <property name="startLine">38</property>
  <property name="stepIndex">2</property>
</record>
<record>
  <date>2019-03-05T14:36:37</date>
  <millis>1551776797462</millis>
  <sequence>235</sequence>
  <level>END</level>
  <class>com.kms.katalon.core.logging.XmlKeywordLogger</class>
  <method>endKeyword</method>
  <thread>1</thread>
  <message>End action : catch (NullPointerException ex)</message>
  <nestedLevel>1</nestedLevel>
</record>
<record>
  <date>2019-03-05T14:36:37</date>
  <millis>1551776797462</millis>
  <sequence>236</sequence>
  <level>END</level>
  <class>com.kms.katalon.core.logging.XmlKeywordLogger</class>
  <method>endKeyword</method>
  <thread>1</thread>
  <message>End listener action : afterTestCase</message>
  <nestedLevel>1</nestedLevel>
</record>
<record>
  <date>2019-03-05T14:36:37</date>
  <millis>1551776797464</millis>
  <sequence>237</sequence>
  <level>END</level>
  <class>com.kms.katalon.core.logging.XmlKeywordLogger</class>
  <method>endTest</method>
  <thread>1</thread>
  <message>End Test Case : Test Cases/MercatusTestCases/ProjectTestCases/Create project without project name</message>
  <nestedLevel>0</nestedLevel>
</record>
<record>
  <date>2019-03-05T14:36:37</date>
  <millis>1551776797464</millis>
  <sequence>238</sequence>
  <level>START</level>
  <class>com.kms.katalon.core.logging.XmlKeywordLogger</class>
  <method>startKeyword</method>
  <thread>1</thread>
  <message>Start listener action : afterTestSuite</message>
  <nestedLevel>0</nestedLevel>
</record>
<record>
  <date>2019-03-05T14:36:37</date>
  <millis>1551776797471</millis>
  <sequence>240</sequence>
  <level>START</level>
  <class>com.kms.katalon.core.logging.XmlKeywordLogger</class>
  <method>startKeyword</method>
  <thread>1</thread>
  <message>Start action : callTestCase(findTestCase(\&amp;quot;Test Cases/TestRail_Update_Run_With_Results\&amp;quot;), [:], CONTINUE_ON_FAILURE)</message>
  <nestedLevel>1</nestedLevel>
  <property name="startLine">54</property>
  <property name="stepIndex">1</property>
  <property name="description">push results to testrail</property>
</record>
<record>
  <date>2019-03-05T14:36:37</date>
  <millis>1551776797592</millis>
  <sequence>243</sequence>
  <level>START</level>
  <class>com.kms.katalon.core.logging.XmlKeywordLogger</class>
  <method>startTest</method>
  <thread>1</thread>
  <message>Start Test Case : Test Cases/TestRail_Update_Run_With_Results</message>
  <nestedLevel>1</nestedLevel>
  <property name="name">Test Cases/TestRail_Update_Run_With_Results</property>
  <property name="description">Handle communivation between Katalon Studio and TestRail</property>
  <property name="id">Test Cases/TestRail_Update_Run_With_Results</property>
  <property name="source">E:\\API-test\\Test Cases\\TestRail_Update_Run_With_Results.tc</property>
  <property name="isOptional">false</property>
</record>
<record>
  <date>2019-03-05T14:36:38</date>
  <millis>1551776798177</millis>
  <sequence>245</sequence>
  <level>START</level>
  <class>com.kms.katalon.core.logging.XmlKeywordLogger</class>
  <method>startKeyword</method>
  <thread>1</thread>
  <message>Start action : response = Testrail.get_tests(G_testrail_run_id)</message>
  <nestedLevel>1</nestedLevel>
  <property name="startLine">30</property>
  <property name="stepIndex">1</property>
</record>
<record>
  <date>2019-03-05T14:36:38</date>
  <millis>1551776798289</millis>
  <sequence>246</sequence>
  <level>ERROR</level>
  <class>com.kms.katalon.core.logging.XmlKeywordLogger</class>
  <method>logMessage</method>
  <thread>1</thread>
  <message>No signature of method: static CustomKeywords.get_tests() is applicable for argument types: (java.lang.String, Testrail$_closure1) values: [4592, Testrail$_closure1@5fb65013]\nPossible solutions: getClass()</message>
  <nestedLevel>1</nestedLevel>
</record>
<record>
  <date>2019-03-05T14:36:38</date>
  <millis>1551776798342</millis>
  <sequence>248</sequence>
  <logger>com.kms.katalon.core.logging.XmlKeywordLogger</logger>
  <level>ERROR</level>
  <class>com.kms.katalon.core.logging.XmlKeywordLogger</class>
  <method>logMessage</method>
  <thread>1</thread>
  <message>response = Testrail.get_tests(G_testrail_run_id) FAILED.\nReason:\ngroovy.lang.MissingMethodException: No signature of method: static CustomKeywords.get_tests() is applicable for argument types: (java.lang.String, Testrail$_closure1) values: [4592, Testrail$_closure1@5fb65013]\nPossible solutions: getClass()\r\n\tat Testrail.&amp;lt;init&amp;gt;(Testrail.groovy:99)\r\n\tat com.kms.katalon.core.main.CustomKeywordDelegatingMetaClass.invokeStaticMethod(CustomKeywordDelegatingMetaClass.java:45)\r\n\tat TestRail_Update_Run_With_Results.run(TestRail_Update_Run_With_Results:30)\r\n\tat com.kms.katalon.core.main.ScriptEngine.run(ScriptEngine.java:194)\r\n\tat com.kms.katalon.core.main.ScriptEngine.runScriptAsRawText(ScriptEngine.java:119)\r\n\tat com.kms.katalon.core.main.TestCaseExecutor.runScript(TestCaseExecutor.java:328)\r\n\tat com.kms.katalon.core.main.TestCaseExecutor.doExecute(TestCaseExecutor.java:319)\r\n\tat com.kms.katalon.core.main.TestCaseExecutor.processExecutionPhase(TestCaseExecutor.java:298)\r\n\tat com.kms.katalon.core.main.TestCaseExecutor.accessMainPhase(TestCaseExecutor.java:290)\r\n\tat com.kms.katalon.core.main.TestCaseExecutor.execute(TestCaseExecutor.java:224)\r\n\tat com.kms.katalon.core.main.TestCaseMain.runTestCase(TestCaseMain.java:106)\r\n\tat com.kms.katalon.core.keyword.builtin.CallTestCaseKeyword$_callTestCase_closure1.doCall(CallTestCaseKeyword.groovy:59)\r\n\tat com.kms.katalon.core.keyword.builtin.CallTestCaseKeyword$_callTestCase_closure1.call(CallTestCaseKeyword.groovy)\r\n\tat com.kms.katalon.core.keyword.internal.KeywordMain.runKeyword(KeywordMain.groovy:54)\r\n\tat com.kms.katalon.core.keyword.builtin.CallTestCaseKeyword.callTestCase(CallTestCaseKeyword.groovy:80)\r\n\tat com.kms.katalon.core.keyword.builtin.CallTestCaseKeyword.execute(CallTestCaseKeyword.groovy:44)\r\n\tat com.kms.katalon.core.keyword.internal.KeywordExecutor.executeKeywordForPlatform(KeywordExecutor.groovy:53)\r\n\tat com.kms.katalon.core.keyword.BuiltinKeywords.callTestCase(BuiltinKeywords.groovy:334)\r\n\tat QA_Testrail_Listener.afterTestSuite(QA_Testrail_Listener.groovy:54)\r\n\tat QA_Testrail_Listener.invokeMethod(QA_Testrail_Listener.groovy)\r\n\tat com.kms.katalon.core.context.internal.TestHooker.invokeMethod(TestHooker.java:132)\r\n\tat com.kms.katalon.core.context.internal.TestHooker.lambda$3(TestHooker.java:116)\r\n\tat com.kms.katalon.core.context.internal.TestHooker.invokeContextMethods(TestHooker.java:115)\r\n\tat com.kms.katalon.core.context.internal.TestListenerCollector.lambda$3(TestListenerCollector.java:60)\r\n\tat com.kms.katalon.core.context.internal.TestListenerCollector.handleListenerEvent(TestListenerCollector.java:57)\r\n\tat com.kms.katalon.core.context.internal.ExecutionEventManager.publicEvent(ExecutionEventManager.java:36)\r\n\tat com.kms.katalon.core.main.TestSuiteExecutor.execute(TestSuiteExecutor.java:89)\r\n\tat com.kms.katalon.core.main.TestCaseMain.startTestSuite(TestCaseMain.java:149)\r\n\tat com.kms.katalon.core.main.TestCaseMain$startTestSuite$0.call(Unknown Source)\r\n\tat TempTestSuite1551776761662.run(TempTestSuite1551776761662.groovy:36)\r\n</message>
  <exception>
    <message>groovy.lang.MissingMethodException: No signature of method: static CustomKeywords.get_tests() is applicable for argument types: (java.lang.String, Testrail$_closure1) values: [4592, Testrail$_closure1@5fb65013]
Possible solutions: getClass()</message>
    <frame>
      <class>Testrail</class>
      <method>&lt;init&gt;</method>
      <line>99</line>
    </frame>
    <frame>
      <class>com.kms.katalon.core.main.CustomKeywordDelegatingMetaClass</class>
      <method>invokeStaticMethod</method>
      <line>45</line>
    </frame>
    <frame>
      <class>TestRail_Update_Run_With_Results</class>
      <method>run</method>
      <line>30</line>
    </frame>
    <frame>
      <class>com.kms.katalon.core.main.ScriptEngine</class>
      <method>run</method>
      <line>194</line>
    </frame>
    <frame>
      <class>com.kms.katalon.core.main.ScriptEngine</class>
      <method>runScriptAsRawText</method>
      <line>119</line>
    </frame>
    <frame>
      <class>com.kms.katalon.core.main.TestCaseExecutor</class>
      <method>runScript</method>
      <line>328</line>
    </frame>
    <frame>
      <class>com.kms.katalon.core.main.TestCaseExecutor</class>
      <method>doExecute</method>
      <line>319</line>
    </frame>
    <frame>
      <class>com.kms.katalon.core.main.TestCaseExecutor</class>
      <method>processExecutionPhase</method>
      <line>298</line>
    </frame>
    <frame>
      <class>com.kms.katalon.core.main.TestCaseExecutor</class>
      <method>accessMainPhase</method>
      <line>290</line>
    </frame>
    <frame>
      <class>com.kms.katalon.core.main.TestCaseExecutor</class>
      <method>execute</method>
      <line>224</line>
    </frame>
    <frame>
      <class>com.kms.katalon.core.main.TestCaseMain</class>
      <method>runTestCase</method>
      <line>106</line>
    </frame>
    <frame>
      <class>com.kms.katalon.core.keyword.builtin.CallTestCaseKeyword$_callTestCase_closure1</class>
      <method>doCall</method>
      <line>59</line>
    </frame>
    <frame>
      <class>com.kms.katalon.core.keyword.builtin.CallTestCaseKeyword$_callTestCase_closure1</class>
      <method>call</method>
    </frame>
    <frame>
      <class>com.kms.katalon.core.keyword.internal.KeywordMain</class>
      <method>runKeyword</method>
      <line>54</line>
    </frame>
    <frame>
      <class>com.kms.katalon.core.keyword.builtin.CallTestCaseKeyword</class>
      <method>callTestCase</method>
      <line>80</line>
    </frame>
    <frame>
      <class>com.kms.katalon.core.keyword.builtin.CallTestCaseKeyword</class>
      <method>execute</method>
      <line>44</line>
    </frame>
    <frame>
      <class>com.kms.katalon.core.keyword.internal.KeywordExecutor</class>
      <method>executeKeywordForPlatform</method>
      <line>53</line>
    </frame>
    <frame>
      <class>com.kms.katalon.core.keyword.BuiltinKeywords</class>
      <method>callTestCase</method>
      <line>334</line>
    </frame>
    <frame>
      <class>QA_Testrail_Listener</class>
      <method>afterTestSuite</method>
      <line>54</line>
    </frame>
    <frame>
      <class>QA_Testrail_Listener</class>
      <method>invokeMethod</method>
    </frame>
    <frame>
      <class>com.kms.katalon.core.context.internal.TestHooker</class>
      <method>invokeMethod</method>
      <line>132</line>
    </frame>
    <frame>
      <class>com.kms.katalon.core.context.internal.TestHooker</class>
      <method>lambda$3</method>
      <line>116</line>
    </frame>
    <frame>
      <class>com.kms.katalon.core.context.internal.TestHooker</class>
      <method>invokeContextMethods</method>
      <line>115</line>
    </frame>
    <frame>
      <class>com.kms.katalon.core.context.internal.TestListenerCollector</class>
      <method>lambda$3</method>
      <line>60</line>
    </frame>
    <frame>
      <class>com.kms.katalon.core.context.internal.TestListenerCollector</class>
      <method>handleListenerEvent</method>
      <line>57</line>
    </frame>
    <frame>
      <class>com.kms.katalon.core.context.internal.ExecutionEventManager</class>
      <method>publicEvent</method>
      <line>36</line>
    </frame>
    <frame>
      <class>com.kms.katalon.core.main.TestSuiteExecutor</class>
      <method>execute</method>
      <line>89</line>
    </frame>
    <frame>
      <class>com.kms.katalon.core.main.TestCaseMain</class>
      <method>startTestSuite</method>
      <line>149</line>
    </frame>
    <frame>
      <class>com.kms.katalon.core.main.TestCaseMain$startTestSuite$0</class>
      <method>call</method>
    </frame>
    <frame>
      <class>TempTestSuite1551776761662</class>
      <method>run</method>
      <line>36</line>
    </frame>
  </exception>
  <nestedLevel>0</nestedLevel>
</record>
<record>
  <date>2019-03-05T14:36:38</date>
  <millis>1551776798357</millis>
  <sequence>249</sequence>
  <level>END</level>
  <class>com.kms.katalon.core.logging.XmlKeywordLogger</class>
  <method>endKeyword</method>
  <thread>1</thread>
  <message>End action : response = Testrail.get_tests(G_testrail_run_id)</message>
  <nestedLevel>1</nestedLevel>
</record>
<record>
  <date>2019-03-05T14:36:38</date>
  <millis>1551776798366</millis>
  <sequence>251</sequence>
  <logger>com.kms.katalon.core.logging.XmlKeywordLogger</logger>
  <level>ERROR</level>
  <class>com.kms.katalon.core.logging.XmlKeywordLogger</class>
  <method>logMessage</method>
  <thread>1</thread>
  <message>Test Cases/TestRail_Update_Run_With_Results FAILED.\nReason:\ngroovy.lang.MissingMethodException: No signature of method: static CustomKeywords.get_tests() is applicable for argument types: (java.lang.String, Testrail$_closure1) values: [4592, Testrail$_closure1@5fb65013]\nPossible solutions: getClass()\r\n\tat Testrail.&amp;lt;init&amp;gt;(Testrail.groovy:99)\r\n\tat com.kms.katalon.core.main.CustomKeywordDelegatingMetaClass.invokeStaticMethod(CustomKeywordDelegatingMetaClass.java:45)\r\n\tat TestRail_Update_Run_With_Results.run(TestRail_Update_Run_With_Results:30)\r\n\tat com.kms.katalon.core.main.ScriptEngine.run(ScriptEngine.java:194)\r\n\tat com.kms.katalon.core.main.ScriptEngine.runScriptAsRawText(ScriptEngine.java:119)\r\n\tat com.kms.katalon.core.main.TestCaseExecutor.runScript(TestCaseExecutor.java:328)\r\n\tat com.kms.katalon.core.main.TestCaseExecutor.doExecute(TestCaseExecutor.java:319)\r\n\tat com.kms.katalon.core.main.TestCaseExecutor.processExecutionPhase(TestCaseExecutor.java:298)\r\n\tat com.kms.katalon.core.main.TestCaseExecutor.accessMainPhase(TestCaseExecutor.java:290)\r\n\tat com.kms.katalon.core.main.TestCaseExecutor.execute(TestCaseExecutor.java:224)\r\n\tat com.kms.katalon.core.main.TestCaseMain.runTestCase(TestCaseMain.java:106)\r\n\tat com.kms.katalon.core.keyword.builtin.CallTestCaseKeyword$_callTestCase_closure1.doCall(CallTestCaseKeyword.groovy:59)\r\n\tat com.kms.katalon.core.keyword.builtin.CallTestCaseKeyword$_callTestCase_closure1.call(CallTestCaseKeyword.groovy)\r\n\tat com.kms.katalon.core.keyword.internal.KeywordMain.runKeyword(KeywordMain.groovy:54)\r\n\tat com.kms.katalon.core.keyword.builtin.CallTestCaseKeyword.callTestCase(CallTestCaseKeyword.groovy:80)\r\n\tat com.kms.katalon.core.keyword.builtin.CallTestCaseKeyword.execute(CallTestCaseKeyword.groovy:44)\r\n\tat com.kms.katalon.core.keyword.internal.KeywordExecutor.executeKeywordForPlatform(KeywordExecutor.groovy:53)\r\n\tat com.kms.katalon.core.keyword.BuiltinKeywords.callTestCase(BuiltinKeywords.groovy:334)\r\n\tat QA_Testrail_Listener.afterTestSuite(QA_Testrail_Listener.groovy:54)\r\n\tat QA_Testrail_Listener.invokeMethod(QA_Testrail_Listener.groovy)\r\n\tat com.kms.katalon.core.context.internal.TestHooker.invokeMethod(TestHooker.java:132)\r\n\tat com.kms.katalon.core.context.internal.TestHooker.lambda$3(TestHooker.java:116)\r\n\tat com.kms.katalon.core.context.internal.TestHooker.invokeContextMethods(TestHooker.java:115)\r\n\tat com.kms.katalon.core.context.internal.TestListenerCollector.lambda$3(TestListenerCollector.java:60)\r\n\tat com.kms.katalon.core.context.internal.TestListenerCollector.handleListenerEvent(TestListenerCollector.java:57)\r\n\tat com.kms.katalon.core.context.internal.ExecutionEventManager.publicEvent(ExecutionEventManager.java:36)\r\n\tat com.kms.katalon.core.main.TestSuiteExecutor.execute(TestSuiteExecutor.java:89)\r\n\tat com.kms.katalon.core.main.TestCaseMain.startTestSuite(TestCaseMain.java:149)\r\n\tat com.kms.katalon.core.main.TestCaseMain$startTestSuite$0.call(Unknown Source)\r\n\tat TempTestSuite1551776761662.run(TempTestSuite1551776761662.groovy:36)\r\n</message>
  <exception>
    <message>groovy.lang.MissingMethodException: No signature of method: static CustomKeywords.get_tests() is applicable for argument types: (java.lang.String, Testrail$_closure1) values: [4592, Testrail$_closure1@5fb65013]
Possible solutions: getClass()</message>
    <frame>
      <class>Testrail</class>
      <method>&lt;init&gt;</method>
      <line>99</line>
    </frame>
    <frame>
      <class>com.kms.katalon.core.main.CustomKeywordDelegatingMetaClass</class>
      <method>invokeStaticMethod</method>
      <line>45</line>
    </frame>
    <frame>
      <class>TestRail_Update_Run_With_Results</class>
      <method>run</method>
      <line>30</line>
    </frame>
    <frame>
      <class>com.kms.katalon.core.main.ScriptEngine</class>
      <method>run</method>
      <line>194</line>
    </frame>
    <frame>
      <class>com.kms.katalon.core.main.ScriptEngine</class>
      <method>runScriptAsRawText</method>
      <line>119</line>
    </frame>
    <frame>
      <class>com.kms.katalon.core.main.TestCaseExecutor</class>
      <method>runScript</method>
      <line>328</line>
    </frame>
    <frame>
      <class>com.kms.katalon.core.main.TestCaseExecutor</class>
      <method>doExecute</method>
      <line>319</line>
    </frame>
    <frame>
      <class>com.kms.katalon.core.main.TestCaseExecutor</class>
      <method>processExecutionPhase</method>
      <line>298</line>
    </frame>
    <frame>
      <class>com.kms.katalon.core.main.TestCaseExecutor</class>
      <method>accessMainPhase</method>
      <line>290</line>
    </frame>
    <frame>
      <class>com.kms.katalon.core.main.TestCaseExecutor</class>
      <method>execute</method>
      <line>224</line>
    </frame>
    <frame>
      <class>com.kms.katalon.core.main.TestCaseMain</class>
      <method>runTestCase</method>
      <line>106</line>
    </frame>
    <frame>
      <class>com.kms.katalon.core.keyword.builtin.CallTestCaseKeyword$_callTestCase_closure1</class>
      <method>doCall</method>
      <line>59</line>
    </frame>
    <frame>
      <class>com.kms.katalon.core.keyword.builtin.CallTestCaseKeyword$_callTestCase_closure1</class>
      <method>call</method>
    </frame>
    <frame>
      <class>com.kms.katalon.core.keyword.internal.KeywordMain</class>
      <method>runKeyword</method>
      <line>54</line>
    </frame>
    <frame>
      <class>com.kms.katalon.core.keyword.builtin.CallTestCaseKeyword</class>
      <method>callTestCase</method>
      <line>80</line>
    </frame>
    <frame>
      <class>com.kms.katalon.core.keyword.builtin.CallTestCaseKeyword</class>
      <method>execute</method>
      <line>44</line>
    </frame>
    <frame>
      <class>com.kms.katalon.core.keyword.internal.KeywordExecutor</class>
      <method>executeKeywordForPlatform</method>
      <line>53</line>
    </frame>
    <frame>
      <class>com.kms.katalon.core.keyword.BuiltinKeywords</class>
      <method>callTestCase</method>
      <line>334</line>
    </frame>
    <frame>
      <class>QA_Testrail_Listener</class>
      <method>afterTestSuite</method>
      <line>54</line>
    </frame>
    <frame>
      <class>QA_Testrail_Listener</class>
      <method>invokeMethod</method>
    </frame>
    <frame>
      <class>com.kms.katalon.core.context.internal.TestHooker</class>
      <method>invokeMethod</method>
      <line>132</line>
    </frame>
    <frame>
      <class>com.kms.katalon.core.context.internal.TestHooker</class>
      <method>lambda$3</method>
      <line>116</line>
    </frame>
    <frame>
      <class>com.kms.katalon.core.context.internal.TestHooker</class>
      <method>invokeContextMethods</method>
      <line>115</line>
    </frame>
    <frame>
      <class>com.kms.katalon.core.context.internal.TestListenerCollector</class>
      <method>lambda$3</method>
      <line>60</line>
    </frame>
    <frame>
      <class>com.kms.katalon.core.context.internal.TestListenerCollector</class>
      <method>handleListenerEvent</method>
      <line>57</line>
    </frame>
    <frame>
      <class>com.kms.katalon.core.context.internal.ExecutionEventManager</class>
      <method>publicEvent</method>
      <line>36</line>
    </frame>
    <frame>
      <class>com.kms.katalon.core.main.TestSuiteExecutor</class>
      <method>execute</method>
      <line>89</line>
    </frame>
    <frame>
      <class>com.kms.katalon.core.main.TestCaseMain</class>
      <method>startTestSuite</method>
      <line>149</line>
    </frame>
    <frame>
      <class>com.kms.katalon.core.main.TestCaseMain$startTestSuite$0</class>
      <method>call</method>
    </frame>
    <frame>
      <class>TempTestSuite1551776761662</class>
      <method>run</method>
      <line>36</line>
    </frame>
  </exception>
  <nestedLevel>0</nestedLevel>
</record>
<record>
  <date>2019-03-05T14:36:38</date>
  <millis>1551776798386</millis>
  <sequence>252</sequence>
  <level>END</level>
  <class>com.kms.katalon.core.logging.XmlKeywordLogger</class>
  <method>endTest</method>
  <thread>1</thread>
  <message>End Test Case : Test Cases/TestRail_Update_Run_With_Results</message>
  <nestedLevel>0</nestedLevel>
</record>
<record>
  <date>2019-03-05T14:36:38</date>
  <millis>1551776798397</millis>
  <sequence>253</sequence>
  <level>FAILED</level>
  <class>com.kms.katalon.core.logging.XmlKeywordLogger</class>
  <method>logMessage</method>
  <thread>1</thread>
  <message>Unable to call Test Case &amp;apos;Test Cases/TestRail_Update_Run_With_Results&amp;apos; (Root cause: com.kms.katalon.core.exception.StepErrorException: Call Test Case &amp;apos;Test Cases/TestRail_Update_Run_With_Results&amp;apos; failed because of error(s))</message>
  <nestedLevel>0</nestedLevel>
</record>
<record>
  <date>2019-03-05T14:36:38</date>
  <millis>1551776798398</millis>
  <sequence>255</sequence>
  <level>END</level>
  <class>com.kms.katalon.core.logging.XmlKeywordLogger</class>
  <method>endKeyword</method>
  <thread>1</thread>
  <message>End action : callTestCase(findTestCase(\&amp;quot;Test Cases/TestRail_Update_Run_With_Results\&amp;quot;), [:], CONTINUE_ON_FAILURE)</message>
  <nestedLevel>1</nestedLevel>
</record>
<record>
  <date>2019-03-05T14:36:38</date>
  <millis>1551776798398</millis>
  <sequence>256</sequence>
  <level>END</level>
  <class>com.kms.katalon.core.logging.XmlKeywordLogger</class>
  <method>endKeyword</method>
  <thread>1</thread>
  <message>End listener action : afterTestSuite</message>
  <nestedLevel>0</nestedLevel>
</record>
<record>
  <date>2019-03-05T14:36:38</date>
  <millis>1551776798532</millis>
  <sequence>257</sequence>
  <level>END</level>
  <class>com.kms.katalon.core.logging.XmlKeywordLogger</class>
  <method>endSuite</method>
  <thread>1</thread>
  <message>End Test Suite : Test Suites/New Test Suite</message>
  <nestedLevel>0</nestedLevel>
</record>
</log>