<?xml version="1.0" encoding="UTF-8" standalone="no"?>
<!DOCTYPE log SYSTEM "logger.dtd">
<log>
<record>
  <date>2019-03-05T16:08:20</date>
  <millis>1551782300641</millis>
  <sequence>0</sequence>
  <level>START</level>
  <class>com.kms.katalon.core.logging.XmlKeywordLogger</class>
  <method>startSuite</method>
  <thread>1</thread>
  <message>Start Test Suite : Test Suites/New Test Suite</message>
  <nestedLevel>0</nestedLevel>
  <property name="name">New Test Suite</property>
  <property name="description"></property>
  <property name="id">Test Suites/New Test Suite</property>
</record>
<record>
  <date>2019-03-05T16:08:20</date>
  <millis>1551782300702</millis>
  <sequence>1</sequence>
  <level>RUN_DATA</level>
  <class>com.kms.katalon.core.logging.XmlKeywordLogger</class>
  <method>logMessage</method>
  <thread>1</thread>
  <message>hostName = sonalid - ULTP_594.synerzipune.local</message>
  <nestedLevel>0</nestedLevel>
  <property name="hostName">sonalid - ULTP_594.synerzipune.local</property>
</record>
<record>
  <date>2019-03-05T16:08:20</date>
  <millis>1551782300985</millis>
  <sequence>2</sequence>
  <level>RUN_DATA</level>
  <class>com.kms.katalon.core.logging.XmlKeywordLogger</class>
  <method>logMessage</method>
  <thread>1</thread>
  <message>os = Windows 10 64bit</message>
  <nestedLevel>0</nestedLevel>
  <property name="os">Windows 10 64bit</property>
</record>
<record>
  <date>2019-03-05T16:08:20</date>
  <millis>1551782300987</millis>
  <sequence>3</sequence>
  <level>RUN_DATA</level>
  <class>com.kms.katalon.core.logging.XmlKeywordLogger</class>
  <method>logMessage</method>
  <thread>1</thread>
  <message>hostAddress = 172.24.4.93</message>
  <nestedLevel>0</nestedLevel>
  <property name="hostAddress">172.24.4.93</property>
</record>
<record>
  <date>2019-03-05T16:08:20</date>
  <millis>1551782300989</millis>
  <sequence>4</sequence>
  <level>RUN_DATA</level>
  <class>com.kms.katalon.core.logging.XmlKeywordLogger</class>
  <method>logMessage</method>
  <thread>1</thread>
  <message>katalonVersion = 5.10.1.1</message>
  <nestedLevel>0</nestedLevel>
  <property name="katalonVersion">5.10.1.1</property>
</record>
<record>
  <date>2019-03-05T16:08:21</date>
  <millis>1551782301668</millis>
  <sequence>5</sequence>
  <level>START</level>
  <class>com.kms.katalon.core.logging.XmlKeywordLogger</class>
  <method>startTest</method>
  <thread>1</thread>
  <message>Start Test Case : Test Cases/MercatusTestCases/ProjectTestCases/Create entity with extra assumption values in API body</message>
  <nestedLevel>1</nestedLevel>
  <property name="name">Test Cases/MercatusTestCases/ProjectTestCases/Create entity with extra assumption values in API body</property>
  <property name="description">Create entity with extra assumption values in API body</property>
  <property name="id">Test Cases/MercatusTestCases/ProjectTestCases/Create entity with extra assumption values in API body</property>
  <property name="source">E:\\API-test\\Test Cases\\MercatusTestCases\\ProjectTestCases\\Create entity with extra assumption values in API body.tc</property>
  <property name="isOptional">false</property>
</record>
<record>
  <date>2019-03-05T16:08:22</date>
  <millis>1551782302035</millis>
  <sequence>7</sequence>
  <level>START</level>
  <class>com.kms.katalon.core.logging.XmlKeywordLogger</class>
  <method>startKeyword</method>
  <thread>1</thread>
  <message>Start action : Response = sendRequest(findTestObject(\&amp;quot;Mercatus/Projects/Create Entity/Create entity with extra assumption values in API body\&amp;quot;, [\&amp;quot;OrgId\&amp;quot;:findTestData(\&amp;quot;Create Entity\&amp;quot;).getValue(1, 1), \&amp;quot;url3\&amp;quot;:findTestData(\&amp;quot;Create Entity\&amp;quot;).getValue(1, 1), \&amp;quot;Authorization\&amp;quot;:Authorization]))</message>
  <nestedLevel>1</nestedLevel>
  <property name="startLine">16</property>
  <property name="stepIndex">1</property>
</record>
<record>
  <date>2019-03-05T16:08:29</date>
  <millis>1551782309847</millis>
  <sequence>19</sequence>
  <level>INFO</level>
  <class>com.kms.katalon.core.logging.XmlKeywordLogger</class>
  <method>logMessage</method>
  <thread>1</thread>
  <message>HAR: E:\\API-test\\Reports\\New Test Suite\\20190305_160815\\requests\\main\\0.har</message>
  <nestedLevel>1</nestedLevel>
  <property name="harId">0a5cb8f8-2d8a-4ec6-8a6d-2cf6262bf931</property>
</record>
<record>
  <date>2019-03-05T16:08:30</date>
  <millis>1551782310031</millis>
  <sequence>20</sequence>
  <level>PASSED</level>
  <class>com.kms.katalon.core.logging.XmlKeywordLogger</class>
  <method>logMessage</method>
  <thread>1</thread>
  <message>Send request successfully</message>
  <nestedLevel>1</nestedLevel>
</record>
<record>
  <date>2019-03-05T16:08:30</date>
  <millis>1551782310034</millis>
  <sequence>21</sequence>
  <level>END</level>
  <class>com.kms.katalon.core.logging.XmlKeywordLogger</class>
  <method>endKeyword</method>
  <thread>1</thread>
  <message>End action : Response = sendRequest(findTestObject(\&amp;quot;Mercatus/Projects/Create Entity/Create entity with extra assumption values in API body\&amp;quot;, [\&amp;quot;OrgId\&amp;quot;:findTestData(\&amp;quot;Create Entity\&amp;quot;).getValue(1, 1), \&amp;quot;url3\&amp;quot;:findTestData(\&amp;quot;Create Entity\&amp;quot;).getValue(1, 1), \&amp;quot;Authorization\&amp;quot;:Authorization]))</message>
  <nestedLevel>1</nestedLevel>
</record>
<record>
  <date>2019-03-05T16:08:30</date>
  <millis>1551782310037</millis>
  <sequence>22</sequence>
  <level>START</level>
  <class>com.kms.katalon.core.logging.XmlKeywordLogger</class>
  <method>startKeyword</method>
  <thread>1</thread>
  <message>Start action : containsString(Response, \&amp;quot;The application has encountered an error, Please retry.\&amp;quot;, false)</message>
  <nestedLevel>1</nestedLevel>
  <property name="startLine">20</property>
  <property name="stepIndex">2</property>
</record>
<record>
  <date>2019-03-05T16:08:30</date>
  <millis>1551782310056</millis>
  <sequence>25</sequence>
  <level>PASSED</level>
  <class>com.kms.katalon.core.logging.XmlKeywordLogger</class>
  <method>logMessage</method>
  <thread>1</thread>
  <message>Check contain string successfully</message>
  <nestedLevel>1</nestedLevel>
</record>
<record>
  <date>2019-03-05T16:08:30</date>
  <millis>1551782310057</millis>
  <sequence>26</sequence>
  <level>END</level>
  <class>com.kms.katalon.core.logging.XmlKeywordLogger</class>
  <method>endKeyword</method>
  <thread>1</thread>
  <message>End action : containsString(Response, \&amp;quot;The application has encountered an error, Please retry.\&amp;quot;, false)</message>
  <nestedLevel>1</nestedLevel>
</record>
<record>
  <date>2019-03-05T16:08:30</date>
  <millis>1551782310058</millis>
  <sequence>27</sequence>
  <level>PASSED</level>
  <class>com.kms.katalon.core.logging.XmlKeywordLogger</class>
  <method>logMessage</method>
  <thread>1</thread>
  <message>Test Cases/MercatusTestCases/ProjectTestCases/Create entity with extra assumption values in API body</message>
  <nestedLevel>1</nestedLevel>
</record>
<record>
  <date>2019-03-05T16:08:30</date>
  <millis>1551782310060</millis>
  <sequence>28</sequence>
  <level>START</level>
  <class>com.kms.katalon.core.logging.XmlKeywordLogger</class>
  <method>startKeyword</method>
  <thread>1</thread>
  <message>Start listener action : afterTestCase</message>
  <nestedLevel>1</nestedLevel>
</record>
<record>
  <date>2019-03-05T16:08:30</date>
  <millis>1551782310069</millis>
  <sequence>30</sequence>
  <level>START</level>
  <class>com.kms.katalon.core.logging.XmlKeywordLogger</class>
  <method>startKeyword</method>
  <thread>1</thread>
  <message>Start action : try</message>
  <nestedLevel>1</nestedLevel>
  <property name="startLine">32</property>
  <property name="stepIndex">1</property>
</record>
<record>
  <date>2019-03-05T16:08:30</date>
  <millis>1551782310072</millis>
  <sequence>31</sequence>
  <level>START</level>
  <class>com.kms.katalon.core.logging.XmlKeywordLogger</class>
  <method>startKeyword</method>
  <thread>1</thread>
  <message>Start action : tc_ids = getTestCaseVariables()[\&amp;quot;testrail_tc_id\&amp;quot;].split(\&amp;quot;,\&amp;quot;)</message>
  <nestedLevel>2</nestedLevel>
  <property name="startLine">33</property>
  <property name="stepIndex">1</property>
</record>
<record>
  <date>2019-03-05T16:08:30</date>
  <millis>1551782310094</millis>
  <sequence>32</sequence>
  <level>END</level>
  <class>com.kms.katalon.core.logging.XmlKeywordLogger</class>
  <method>endKeyword</method>
  <thread>1</thread>
  <message>End action : tc_ids = getTestCaseVariables()[\&amp;quot;testrail_tc_id\&amp;quot;].split(\&amp;quot;,\&amp;quot;)</message>
  <nestedLevel>2</nestedLevel>
</record>
<record>
  <date>2019-03-05T16:08:30</date>
  <millis>1551782310095</millis>
  <sequence>33</sequence>
  <level>END</level>
  <class>com.kms.katalon.core.logging.XmlKeywordLogger</class>
  <method>endKeyword</method>
  <thread>1</thread>
  <message>End action : try</message>
  <nestedLevel>1</nestedLevel>
</record>
<record>
  <date>2019-03-05T16:08:30</date>
  <millis>1551782310096</millis>
  <sequence>34</sequence>
  <level>START</level>
  <class>com.kms.katalon.core.logging.XmlKeywordLogger</class>
  <method>startKeyword</method>
  <thread>1</thread>
  <message>Start action : catch (NullPointerException ex)</message>
  <nestedLevel>1</nestedLevel>
  <property name="startLine">38</property>
  <property name="stepIndex">2</property>
</record>
<record>
  <date>2019-03-05T16:08:30</date>
  <millis>1551782310099</millis>
  <sequence>36</sequence>
  <level>END</level>
  <class>com.kms.katalon.core.logging.XmlKeywordLogger</class>
  <method>endKeyword</method>
  <thread>1</thread>
  <message>End action : catch (NullPointerException ex)</message>
  <nestedLevel>1</nestedLevel>
</record>
<record>
  <date>2019-03-05T16:08:30</date>
  <millis>1551782310100</millis>
  <sequence>37</sequence>
  <level>END</level>
  <class>com.kms.katalon.core.logging.XmlKeywordLogger</class>
  <method>endKeyword</method>
  <thread>1</thread>
  <message>End listener action : afterTestCase</message>
  <nestedLevel>1</nestedLevel>
</record>
<record>
  <date>2019-03-05T16:08:30</date>
  <millis>1551782310100</millis>
  <sequence>38</sequence>
  <level>END</level>
  <class>com.kms.katalon.core.logging.XmlKeywordLogger</class>
  <method>endTest</method>
  <thread>1</thread>
  <message>End Test Case : Test Cases/MercatusTestCases/ProjectTestCases/Create entity with extra assumption values in API body</message>
  <nestedLevel>0</nestedLevel>
</record>
<record>
  <date>2019-03-05T16:08:30</date>
  <millis>1551782310113</millis>
  <sequence>39</sequence>
  <level>START</level>
  <class>com.kms.katalon.core.logging.XmlKeywordLogger</class>
  <method>startTest</method>
  <thread>1</thread>
  <message>Start Test Case : Test Cases/MercatusTestCases/ProjectTestCases/Create entity with invalid-Blank entity category name</message>
  <nestedLevel>1</nestedLevel>
  <property name="name">Test Cases/MercatusTestCases/ProjectTestCases/Create entity with invalid-Blank entity category name</property>
  <property name="description">Create entity with invalid/Blank entity category name</property>
  <property name="id">Test Cases/MercatusTestCases/ProjectTestCases/Create entity with invalid-Blank entity category name</property>
  <property name="source">E:\\API-test\\Test Cases\\MercatusTestCases\\ProjectTestCases\\Create entity with invalid-Blank entity category name.tc</property>
  <property name="isOptional">false</property>
</record>
<record>
  <date>2019-03-05T16:08:30</date>
  <millis>1551782310469</millis>
  <sequence>41</sequence>
  <level>START</level>
  <class>com.kms.katalon.core.logging.XmlKeywordLogger</class>
  <method>startKeyword</method>
  <thread>1</thread>
  <message>Start action : Response = sendRequest(findTestObject(\&amp;quot;Mercatus/Projects/Create Entity/Create entity with invalid-Blank entity category name\&amp;quot;, [\&amp;quot;OrgId\&amp;quot;:findTestData(\&amp;quot;Create Entity\&amp;quot;).getValue(1, 1), \&amp;quot;url3\&amp;quot;:findTestData(\&amp;quot;Create Entity\&amp;quot;).getValue(1, 1), \&amp;quot;Authorization\&amp;quot;:Authorization]))</message>
  <nestedLevel>1</nestedLevel>
  <property name="startLine">16</property>
  <property name="stepIndex">1</property>
</record>
<record>
  <date>2019-03-05T16:08:32</date>
  <millis>1551782312586</millis>
  <sequence>53</sequence>
  <level>INFO</level>
  <class>com.kms.katalon.core.logging.XmlKeywordLogger</class>
  <method>logMessage</method>
  <thread>1</thread>
  <message>HAR: E:\\API-test\\Reports\\New Test Suite\\20190305_160815\\requests\\main\\1.har</message>
  <nestedLevel>1</nestedLevel>
  <property name="harId">d05fcf73-5558-4e3d-b5e2-fe80350ad7df</property>
</record>
<record>
  <date>2019-03-05T16:08:32</date>
  <millis>1551782312594</millis>
  <sequence>54</sequence>
  <level>PASSED</level>
  <class>com.kms.katalon.core.logging.XmlKeywordLogger</class>
  <method>logMessage</method>
  <thread>1</thread>
  <message>Send request successfully</message>
  <nestedLevel>1</nestedLevel>
</record>
<record>
  <date>2019-03-05T16:08:32</date>
  <millis>1551782312595</millis>
  <sequence>55</sequence>
  <level>END</level>
  <class>com.kms.katalon.core.logging.XmlKeywordLogger</class>
  <method>endKeyword</method>
  <thread>1</thread>
  <message>End action : Response = sendRequest(findTestObject(\&amp;quot;Mercatus/Projects/Create Entity/Create entity with invalid-Blank entity category name\&amp;quot;, [\&amp;quot;OrgId\&amp;quot;:findTestData(\&amp;quot;Create Entity\&amp;quot;).getValue(1, 1), \&amp;quot;url3\&amp;quot;:findTestData(\&amp;quot;Create Entity\&amp;quot;).getValue(1, 1), \&amp;quot;Authorization\&amp;quot;:Authorization]))</message>
  <nestedLevel>1</nestedLevel>
</record>
<record>
  <date>2019-03-05T16:08:32</date>
  <millis>1551782312596</millis>
  <sequence>56</sequence>
  <level>START</level>
  <class>com.kms.katalon.core.logging.XmlKeywordLogger</class>
  <method>startKeyword</method>
  <thread>1</thread>
  <message>Start action : containsString(Response, \&amp;quot;The application has encountered an error, Please retry.\&amp;quot;, false)</message>
  <nestedLevel>1</nestedLevel>
  <property name="startLine">20</property>
  <property name="stepIndex">2</property>
</record>
<record>
  <date>2019-03-05T16:08:32</date>
  <millis>1551782312597</millis>
  <sequence>59</sequence>
  <level>PASSED</level>
  <class>com.kms.katalon.core.logging.XmlKeywordLogger</class>
  <method>logMessage</method>
  <thread>1</thread>
  <message>Check contain string successfully</message>
  <nestedLevel>1</nestedLevel>
</record>
<record>
  <date>2019-03-05T16:08:32</date>
  <millis>1551782312598</millis>
  <sequence>60</sequence>
  <level>END</level>
  <class>com.kms.katalon.core.logging.XmlKeywordLogger</class>
  <method>endKeyword</method>
  <thread>1</thread>
  <message>End action : containsString(Response, \&amp;quot;The application has encountered an error, Please retry.\&amp;quot;, false)</message>
  <nestedLevel>1</nestedLevel>
</record>
<record>
  <date>2019-03-05T16:08:32</date>
  <millis>1551782312598</millis>
  <sequence>61</sequence>
  <level>PASSED</level>
  <class>com.kms.katalon.core.logging.XmlKeywordLogger</class>
  <method>logMessage</method>
  <thread>1</thread>
  <message>Test Cases/MercatusTestCases/ProjectTestCases/Create entity with invalid-Blank entity category name</message>
  <nestedLevel>1</nestedLevel>
</record>
<record>
  <date>2019-03-05T16:08:32</date>
  <millis>1551782312599</millis>
  <sequence>62</sequence>
  <level>START</level>
  <class>com.kms.katalon.core.logging.XmlKeywordLogger</class>
  <method>startKeyword</method>
  <thread>1</thread>
  <message>Start listener action : afterTestCase</message>
  <nestedLevel>1</nestedLevel>
</record>
<record>
  <date>2019-03-05T16:08:32</date>
  <millis>1551782312600</millis>
  <sequence>64</sequence>
  <level>START</level>
  <class>com.kms.katalon.core.logging.XmlKeywordLogger</class>
  <method>startKeyword</method>
  <thread>1</thread>
  <message>Start action : try</message>
  <nestedLevel>1</nestedLevel>
  <property name="startLine">32</property>
  <property name="stepIndex">1</property>
</record>
<record>
  <date>2019-03-05T16:08:32</date>
  <millis>1551782312601</millis>
  <sequence>65</sequence>
  <level>START</level>
  <class>com.kms.katalon.core.logging.XmlKeywordLogger</class>
  <method>startKeyword</method>
  <thread>1</thread>
  <message>Start action : tc_ids = getTestCaseVariables()[\&amp;quot;testrail_tc_id\&amp;quot;].split(\&amp;quot;,\&amp;quot;)</message>
  <nestedLevel>2</nestedLevel>
  <property name="startLine">33</property>
  <property name="stepIndex">1</property>
</record>
<record>
  <date>2019-03-05T16:08:32</date>
  <millis>1551782312602</millis>
  <sequence>66</sequence>
  <level>END</level>
  <class>com.kms.katalon.core.logging.XmlKeywordLogger</class>
  <method>endKeyword</method>
  <thread>1</thread>
  <message>End action : tc_ids = getTestCaseVariables()[\&amp;quot;testrail_tc_id\&amp;quot;].split(\&amp;quot;,\&amp;quot;)</message>
  <nestedLevel>2</nestedLevel>
</record>
<record>
  <date>2019-03-05T16:08:32</date>
  <millis>1551782312603</millis>
  <sequence>67</sequence>
  <level>END</level>
  <class>com.kms.katalon.core.logging.XmlKeywordLogger</class>
  <method>endKeyword</method>
  <thread>1</thread>
  <message>End action : try</message>
  <nestedLevel>1</nestedLevel>
</record>
<record>
  <date>2019-03-05T16:08:32</date>
  <millis>1551782312603</millis>
  <sequence>68</sequence>
  <level>START</level>
  <class>com.kms.katalon.core.logging.XmlKeywordLogger</class>
  <method>startKeyword</method>
  <thread>1</thread>
  <message>Start action : catch (NullPointerException ex)</message>
  <nestedLevel>1</nestedLevel>
  <property name="startLine">38</property>
  <property name="stepIndex">2</property>
</record>
<record>
  <date>2019-03-05T16:08:32</date>
  <millis>1551782312604</millis>
  <sequence>70</sequence>
  <level>END</level>
  <class>com.kms.katalon.core.logging.XmlKeywordLogger</class>
  <method>endKeyword</method>
  <thread>1</thread>
  <message>End action : catch (NullPointerException ex)</message>
  <nestedLevel>1</nestedLevel>
</record>
<record>
  <date>2019-03-05T16:08:32</date>
  <millis>1551782312604</millis>
  <sequence>71</sequence>
  <level>END</level>
  <class>com.kms.katalon.core.logging.XmlKeywordLogger</class>
  <method>endKeyword</method>
  <thread>1</thread>
  <message>End listener action : afterTestCase</message>
  <nestedLevel>1</nestedLevel>
</record>
<record>
  <date>2019-03-05T16:08:32</date>
  <millis>1551782312605</millis>
  <sequence>72</sequence>
  <level>END</level>
  <class>com.kms.katalon.core.logging.XmlKeywordLogger</class>
  <method>endTest</method>
  <thread>1</thread>
  <message>End Test Case : Test Cases/MercatusTestCases/ProjectTestCases/Create entity with invalid-Blank entity category name</message>
  <nestedLevel>0</nestedLevel>
</record>
<record>
  <date>2019-03-05T16:08:32</date>
  <millis>1551782312610</millis>
  <sequence>73</sequence>
  <level>START</level>
  <class>com.kms.katalon.core.logging.XmlKeywordLogger</class>
  <method>startTest</method>
  <thread>1</thread>
  <message>Start Test Case : Test Cases/MercatusTestCases/ProjectTestCases/Create entity without creation fields in API body</message>
  <nestedLevel>1</nestedLevel>
  <property name="name">Test Cases/MercatusTestCases/ProjectTestCases/Create entity without creation fields in API body</property>
  <property name="description">Create entity without creation fields in API body</property>
  <property name="id">Test Cases/MercatusTestCases/ProjectTestCases/Create entity without creation fields in API body</property>
  <property name="source">E:\\API-test\\Test Cases\\MercatusTestCases\\ProjectTestCases\\Create entity without creation fields in API body.tc</property>
  <property name="isOptional">false</property>
</record>
<record>
  <date>2019-03-05T16:08:32</date>
  <millis>1551782312891</millis>
  <sequence>75</sequence>
  <level>START</level>
  <class>com.kms.katalon.core.logging.XmlKeywordLogger</class>
  <method>startKeyword</method>
  <thread>1</thread>
  <message>Start action : Response = sendRequest(findTestObject(\&amp;quot;Mercatus/Projects/Create Entity/Create entity without creation fields in API body\&amp;quot;, [\&amp;quot;OrgId\&amp;quot;:findTestData(\&amp;quot;Create Entity\&amp;quot;).getValue(1, 1), \&amp;quot;url3\&amp;quot;:findTestData(\&amp;quot;Create Entity\&amp;quot;).getValue(1, 1), \&amp;quot;Authorization\&amp;quot;:Authorization]))</message>
  <nestedLevel>1</nestedLevel>
  <property name="startLine">16</property>
  <property name="stepIndex">1</property>
</record>
<record>
  <date>2019-03-05T16:08:36</date>
  <millis>1551782316715</millis>
  <sequence>87</sequence>
  <level>INFO</level>
  <class>com.kms.katalon.core.logging.XmlKeywordLogger</class>
  <method>logMessage</method>
  <thread>1</thread>
  <message>HAR: E:\\API-test\\Reports\\New Test Suite\\20190305_160815\\requests\\main\\2.har</message>
  <nestedLevel>1</nestedLevel>
  <property name="harId">5cd790a5-82f0-4cbc-a7e7-f86d342966b6</property>
</record>
<record>
  <date>2019-03-05T16:08:36</date>
  <millis>1551782316718</millis>
  <sequence>88</sequence>
  <level>PASSED</level>
  <class>com.kms.katalon.core.logging.XmlKeywordLogger</class>
  <method>logMessage</method>
  <thread>1</thread>
  <message>Send request successfully</message>
  <nestedLevel>1</nestedLevel>
</record>
<record>
  <date>2019-03-05T16:08:36</date>
  <millis>1551782316719</millis>
  <sequence>89</sequence>
  <level>END</level>
  <class>com.kms.katalon.core.logging.XmlKeywordLogger</class>
  <method>endKeyword</method>
  <thread>1</thread>
  <message>End action : Response = sendRequest(findTestObject(\&amp;quot;Mercatus/Projects/Create Entity/Create entity without creation fields in API body\&amp;quot;, [\&amp;quot;OrgId\&amp;quot;:findTestData(\&amp;quot;Create Entity\&amp;quot;).getValue(1, 1), \&amp;quot;url3\&amp;quot;:findTestData(\&amp;quot;Create Entity\&amp;quot;).getValue(1, 1), \&amp;quot;Authorization\&amp;quot;:Authorization]))</message>
  <nestedLevel>1</nestedLevel>
</record>
<record>
  <date>2019-03-05T16:08:36</date>
  <millis>1551782316720</millis>
  <sequence>90</sequence>
  <level>START</level>
  <class>com.kms.katalon.core.logging.XmlKeywordLogger</class>
  <method>startKeyword</method>
  <thread>1</thread>
  <message>Start action : containsString(Response, \&amp;quot;Error while creating project data\&amp;quot;, false)</message>
  <nestedLevel>1</nestedLevel>
  <property name="startLine">20</property>
  <property name="stepIndex">2</property>
</record>
<record>
  <date>2019-03-05T16:08:36</date>
  <millis>1551782316721</millis>
  <sequence>93</sequence>
  <level>PASSED</level>
  <class>com.kms.katalon.core.logging.XmlKeywordLogger</class>
  <method>logMessage</method>
  <thread>1</thread>
  <message>Check contain string successfully</message>
  <nestedLevel>1</nestedLevel>
</record>
<record>
  <date>2019-03-05T16:08:36</date>
  <millis>1551782316722</millis>
  <sequence>94</sequence>
  <level>END</level>
  <class>com.kms.katalon.core.logging.XmlKeywordLogger</class>
  <method>endKeyword</method>
  <thread>1</thread>
  <message>End action : containsString(Response, \&amp;quot;Error while creating project data\&amp;quot;, false)</message>
  <nestedLevel>1</nestedLevel>
</record>
<record>
  <date>2019-03-05T16:08:36</date>
  <millis>1551782316722</millis>
  <sequence>95</sequence>
  <level>PASSED</level>
  <class>com.kms.katalon.core.logging.XmlKeywordLogger</class>
  <method>logMessage</method>
  <thread>1</thread>
  <message>Test Cases/MercatusTestCases/ProjectTestCases/Create entity without creation fields in API body</message>
  <nestedLevel>1</nestedLevel>
</record>
<record>
  <date>2019-03-05T16:08:36</date>
  <millis>1551782316723</millis>
  <sequence>96</sequence>
  <level>START</level>
  <class>com.kms.katalon.core.logging.XmlKeywordLogger</class>
  <method>startKeyword</method>
  <thread>1</thread>
  <message>Start listener action : afterTestCase</message>
  <nestedLevel>1</nestedLevel>
</record>
<record>
  <date>2019-03-05T16:08:36</date>
  <millis>1551782316723</millis>
  <sequence>98</sequence>
  <level>START</level>
  <class>com.kms.katalon.core.logging.XmlKeywordLogger</class>
  <method>startKeyword</method>
  <thread>1</thread>
  <message>Start action : try</message>
  <nestedLevel>1</nestedLevel>
  <property name="startLine">32</property>
  <property name="stepIndex">1</property>
</record>
<record>
  <date>2019-03-05T16:08:36</date>
  <millis>1551782316724</millis>
  <sequence>99</sequence>
  <level>START</level>
  <class>com.kms.katalon.core.logging.XmlKeywordLogger</class>
  <method>startKeyword</method>
  <thread>1</thread>
  <message>Start action : tc_ids = getTestCaseVariables()[\&amp;quot;testrail_tc_id\&amp;quot;].split(\&amp;quot;,\&amp;quot;)</message>
  <nestedLevel>2</nestedLevel>
  <property name="startLine">33</property>
  <property name="stepIndex">1</property>
</record>
<record>
  <date>2019-03-05T16:08:36</date>
  <millis>1551782316725</millis>
  <sequence>100</sequence>
  <level>END</level>
  <class>com.kms.katalon.core.logging.XmlKeywordLogger</class>
  <method>endKeyword</method>
  <thread>1</thread>
  <message>End action : tc_ids = getTestCaseVariables()[\&amp;quot;testrail_tc_id\&amp;quot;].split(\&amp;quot;,\&amp;quot;)</message>
  <nestedLevel>2</nestedLevel>
</record>
<record>
  <date>2019-03-05T16:08:36</date>
  <millis>1551782316725</millis>
  <sequence>101</sequence>
  <level>END</level>
  <class>com.kms.katalon.core.logging.XmlKeywordLogger</class>
  <method>endKeyword</method>
  <thread>1</thread>
  <message>End action : try</message>
  <nestedLevel>1</nestedLevel>
</record>
<record>
  <date>2019-03-05T16:08:36</date>
  <millis>1551782316726</millis>
  <sequence>102</sequence>
  <level>START</level>
  <class>com.kms.katalon.core.logging.XmlKeywordLogger</class>
  <method>startKeyword</method>
  <thread>1</thread>
  <message>Start action : catch (NullPointerException ex)</message>
  <nestedLevel>1</nestedLevel>
  <property name="startLine">38</property>
  <property name="stepIndex">2</property>
</record>
<record>
  <date>2019-03-05T16:08:36</date>
  <millis>1551782316727</millis>
  <sequence>104</sequence>
  <level>END</level>
  <class>com.kms.katalon.core.logging.XmlKeywordLogger</class>
  <method>endKeyword</method>
  <thread>1</thread>
  <message>End action : catch (NullPointerException ex)</message>
  <nestedLevel>1</nestedLevel>
</record>
<record>
  <date>2019-03-05T16:08:36</date>
  <millis>1551782316728</millis>
  <sequence>105</sequence>
  <level>END</level>
  <class>com.kms.katalon.core.logging.XmlKeywordLogger</class>
  <method>endKeyword</method>
  <thread>1</thread>
  <message>End listener action : afterTestCase</message>
  <nestedLevel>1</nestedLevel>
</record>
<record>
  <date>2019-03-05T16:08:36</date>
  <millis>1551782316728</millis>
  <sequence>106</sequence>
  <level>END</level>
  <class>com.kms.katalon.core.logging.XmlKeywordLogger</class>
  <method>endTest</method>
  <thread>1</thread>
  <message>End Test Case : Test Cases/MercatusTestCases/ProjectTestCases/Create entity without creation fields in API body</message>
  <nestedLevel>0</nestedLevel>
</record>
<record>
  <date>2019-03-05T16:08:36</date>
  <millis>1551782316734</millis>
  <sequence>107</sequence>
  <level>START</level>
  <class>com.kms.katalon.core.logging.XmlKeywordLogger</class>
  <method>startTest</method>
  <thread>1</thread>
  <message>Start Test Case : Test Cases/MercatusTestCases/ProjectTestCases/Create project with incorrect assumption data</message>
  <nestedLevel>1</nestedLevel>
  <property name="name">Test Cases/MercatusTestCases/ProjectTestCases/Create project with incorrect assumption data</property>
  <property name="description">Create project with incorrect assumption data</property>
  <property name="id">Test Cases/MercatusTestCases/ProjectTestCases/Create project with incorrect assumption data</property>
  <property name="source">E:\\API-test\\Test Cases\\MercatusTestCases\\ProjectTestCases\\Create project with incorrect assumption data.tc</property>
  <property name="isOptional">false</property>
</record>
<record>
  <date>2019-03-05T16:08:37</date>
  <millis>1551782317159</millis>
  <sequence>109</sequence>
  <level>START</level>
  <class>com.kms.katalon.core.logging.XmlKeywordLogger</class>
  <method>startKeyword</method>
  <thread>1</thread>
  <message>Start action : Response = sendRequest(findTestObject(\&amp;quot;Mercatus/Projects/Create Entity/Create project with incorrect assumption data\&amp;quot;, [\&amp;quot;Authorization\&amp;quot;:Authorization, \&amp;quot;url3\&amp;quot;:findTestData(\&amp;quot;Create Entity\&amp;quot;).getValue(1, 1), \&amp;quot;OrgId\&amp;quot;:findTestData(\&amp;quot;Create Entity\&amp;quot;).getValue(1, 1)]))</message>
  <nestedLevel>1</nestedLevel>
  <property name="startLine">16</property>
  <property name="stepIndex">1</property>
</record>
<record>
  <date>2019-03-05T16:08:39</date>
  <millis>1551782319168</millis>
  <sequence>121</sequence>
  <level>INFO</level>
  <class>com.kms.katalon.core.logging.XmlKeywordLogger</class>
  <method>logMessage</method>
  <thread>1</thread>
  <message>HAR: E:\\API-test\\Reports\\New Test Suite\\20190305_160815\\requests\\main\\3.har</message>
  <nestedLevel>1</nestedLevel>
  <property name="harId">361c9aa5-b8b0-44a0-95e3-546697c763f9</property>
</record>
<record>
  <date>2019-03-05T16:08:39</date>
  <millis>1551782319171</millis>
  <sequence>122</sequence>
  <level>PASSED</level>
  <class>com.kms.katalon.core.logging.XmlKeywordLogger</class>
  <method>logMessage</method>
  <thread>1</thread>
  <message>Send request successfully</message>
  <nestedLevel>1</nestedLevel>
</record>
<record>
  <date>2019-03-05T16:08:39</date>
  <millis>1551782319172</millis>
  <sequence>123</sequence>
  <level>END</level>
  <class>com.kms.katalon.core.logging.XmlKeywordLogger</class>
  <method>endKeyword</method>
  <thread>1</thread>
  <message>End action : Response = sendRequest(findTestObject(\&amp;quot;Mercatus/Projects/Create Entity/Create project with incorrect assumption data\&amp;quot;, [\&amp;quot;Authorization\&amp;quot;:Authorization, \&amp;quot;url3\&amp;quot;:findTestData(\&amp;quot;Create Entity\&amp;quot;).getValue(1, 1), \&amp;quot;OrgId\&amp;quot;:findTestData(\&amp;quot;Create Entity\&amp;quot;).getValue(1, 1)]))</message>
  <nestedLevel>1</nestedLevel>
</record>
<record>
  <date>2019-03-05T16:08:39</date>
  <millis>1551782319173</millis>
  <sequence>124</sequence>
  <level>START</level>
  <class>com.kms.katalon.core.logging.XmlKeywordLogger</class>
  <method>startKeyword</method>
  <thread>1</thread>
  <message>Start action : containsString(Response, \&amp;quot;The application has encountered an error, Please retry.\&amp;quot;, false)</message>
  <nestedLevel>1</nestedLevel>
  <property name="startLine">20</property>
  <property name="stepIndex">2</property>
</record>
<record>
  <date>2019-03-05T16:08:39</date>
  <millis>1551782319174</millis>
  <sequence>127</sequence>
  <level>PASSED</level>
  <class>com.kms.katalon.core.logging.XmlKeywordLogger</class>
  <method>logMessage</method>
  <thread>1</thread>
  <message>Check contain string successfully</message>
  <nestedLevel>1</nestedLevel>
</record>
<record>
  <date>2019-03-05T16:08:39</date>
  <millis>1551782319174</millis>
  <sequence>128</sequence>
  <level>END</level>
  <class>com.kms.katalon.core.logging.XmlKeywordLogger</class>
  <method>endKeyword</method>
  <thread>1</thread>
  <message>End action : containsString(Response, \&amp;quot;The application has encountered an error, Please retry.\&amp;quot;, false)</message>
  <nestedLevel>1</nestedLevel>
</record>
<record>
  <date>2019-03-05T16:08:39</date>
  <millis>1551782319175</millis>
  <sequence>129</sequence>
  <level>PASSED</level>
  <class>com.kms.katalon.core.logging.XmlKeywordLogger</class>
  <method>logMessage</method>
  <thread>1</thread>
  <message>Test Cases/MercatusTestCases/ProjectTestCases/Create project with incorrect assumption data</message>
  <nestedLevel>1</nestedLevel>
</record>
<record>
  <date>2019-03-05T16:08:39</date>
  <millis>1551782319175</millis>
  <sequence>130</sequence>
  <level>START</level>
  <class>com.kms.katalon.core.logging.XmlKeywordLogger</class>
  <method>startKeyword</method>
  <thread>1</thread>
  <message>Start listener action : afterTestCase</message>
  <nestedLevel>1</nestedLevel>
</record>
<record>
  <date>2019-03-05T16:08:39</date>
  <millis>1551782319176</millis>
  <sequence>132</sequence>
  <level>START</level>
  <class>com.kms.katalon.core.logging.XmlKeywordLogger</class>
  <method>startKeyword</method>
  <thread>1</thread>
  <message>Start action : try</message>
  <nestedLevel>1</nestedLevel>
  <property name="startLine">32</property>
  <property name="stepIndex">1</property>
</record>
<record>
  <date>2019-03-05T16:08:39</date>
  <millis>1551782319178</millis>
  <sequence>133</sequence>
  <level>START</level>
  <class>com.kms.katalon.core.logging.XmlKeywordLogger</class>
  <method>startKeyword</method>
  <thread>1</thread>
  <message>Start action : tc_ids = getTestCaseVariables()[\&amp;quot;testrail_tc_id\&amp;quot;].split(\&amp;quot;,\&amp;quot;)</message>
  <nestedLevel>2</nestedLevel>
  <property name="startLine">33</property>
  <property name="stepIndex">1</property>
</record>
<record>
  <date>2019-03-05T16:08:39</date>
  <millis>1551782319179</millis>
  <sequence>134</sequence>
  <level>END</level>
  <class>com.kms.katalon.core.logging.XmlKeywordLogger</class>
  <method>endKeyword</method>
  <thread>1</thread>
  <message>End action : tc_ids = getTestCaseVariables()[\&amp;quot;testrail_tc_id\&amp;quot;].split(\&amp;quot;,\&amp;quot;)</message>
  <nestedLevel>2</nestedLevel>
</record>
<record>
  <date>2019-03-05T16:08:39</date>
  <millis>1551782319179</millis>
  <sequence>135</sequence>
  <level>END</level>
  <class>com.kms.katalon.core.logging.XmlKeywordLogger</class>
  <method>endKeyword</method>
  <thread>1</thread>
  <message>End action : try</message>
  <nestedLevel>1</nestedLevel>
</record>
<record>
  <date>2019-03-05T16:08:39</date>
  <millis>1551782319180</millis>
  <sequence>136</sequence>
  <level>START</level>
  <class>com.kms.katalon.core.logging.XmlKeywordLogger</class>
  <method>startKeyword</method>
  <thread>1</thread>
  <message>Start action : catch (NullPointerException ex)</message>
  <nestedLevel>1</nestedLevel>
  <property name="startLine">38</property>
  <property name="stepIndex">2</property>
</record>
<record>
  <date>2019-03-05T16:08:39</date>
  <millis>1551782319180</millis>
  <sequence>138</sequence>
  <level>END</level>
  <class>com.kms.katalon.core.logging.XmlKeywordLogger</class>
  <method>endKeyword</method>
  <thread>1</thread>
  <message>End action : catch (NullPointerException ex)</message>
  <nestedLevel>1</nestedLevel>
</record>
<record>
  <date>2019-03-05T16:08:39</date>
  <millis>1551782319181</millis>
  <sequence>139</sequence>
  <level>END</level>
  <class>com.kms.katalon.core.logging.XmlKeywordLogger</class>
  <method>endKeyword</method>
  <thread>1</thread>
  <message>End listener action : afterTestCase</message>
  <nestedLevel>1</nestedLevel>
</record>
<record>
  <date>2019-03-05T16:08:39</date>
  <millis>1551782319181</millis>
  <sequence>140</sequence>
  <level>END</level>
  <class>com.kms.katalon.core.logging.XmlKeywordLogger</class>
  <method>endTest</method>
  <thread>1</thread>
  <message>End Test Case : Test Cases/MercatusTestCases/ProjectTestCases/Create project with incorrect assumption data</message>
  <nestedLevel>0</nestedLevel>
</record>
<record>
  <date>2019-03-05T16:08:39</date>
  <millis>1551782319185</millis>
  <sequence>141</sequence>
  <level>START</level>
  <class>com.kms.katalon.core.logging.XmlKeywordLogger</class>
  <method>startTest</method>
  <thread>1</thread>
  <message>Start Test Case : Test Cases/MercatusTestCases/ProjectTestCases/Create project with invalid OrgId</message>
  <nestedLevel>1</nestedLevel>
  <property name="name">Test Cases/MercatusTestCases/ProjectTestCases/Create project with invalid OrgId</property>
  <property name="description">Create project with invalid OrgId</property>
  <property name="id">Test Cases/MercatusTestCases/ProjectTestCases/Create project with invalid OrgId</property>
  <property name="source">E:\\API-test\\Test Cases\\MercatusTestCases\\ProjectTestCases\\Create project with invalid OrgId.tc</property>
  <property name="isOptional">false</property>
</record>
<record>
  <date>2019-03-05T16:08:39</date>
  <millis>1551782319425</millis>
  <sequence>143</sequence>
  <level>START</level>
  <class>com.kms.katalon.core.logging.XmlKeywordLogger</class>
  <method>startKeyword</method>
  <thread>1</thread>
  <message>Start action : Response = sendRequest(findTestObject(\&amp;quot;Mercatus/Projects/Create Entity/Create project with invalid org id\&amp;quot;, [\&amp;quot;Authorization\&amp;quot;:Authorization, \&amp;quot;url3\&amp;quot;:findTestData(\&amp;quot;Create Entity\&amp;quot;).getValue(1, 1)]))</message>
  <nestedLevel>1</nestedLevel>
  <property name="startLine">16</property>
  <property name="stepIndex">1</property>
</record>
<record>
  <date>2019-03-05T16:08:41</date>
  <millis>1551782321316</millis>
  <sequence>151</sequence>
  <level>INFO</level>
  <class>com.kms.katalon.core.logging.XmlKeywordLogger</class>
  <method>logMessage</method>
  <thread>1</thread>
  <message>HAR: E:\\API-test\\Reports\\New Test Suite\\20190305_160815\\requests\\main\\4.har</message>
  <nestedLevel>1</nestedLevel>
  <property name="harId">7e3ba41d-6e42-422e-88b0-e8572c4330bd</property>
</record>
<record>
  <date>2019-03-05T16:08:41</date>
  <millis>1551782321318</millis>
  <sequence>152</sequence>
  <level>PASSED</level>
  <class>com.kms.katalon.core.logging.XmlKeywordLogger</class>
  <method>logMessage</method>
  <thread>1</thread>
  <message>Send request successfully</message>
  <nestedLevel>1</nestedLevel>
</record>
<record>
  <date>2019-03-05T16:08:41</date>
  <millis>1551782321319</millis>
  <sequence>153</sequence>
  <level>END</level>
  <class>com.kms.katalon.core.logging.XmlKeywordLogger</class>
  <method>endKeyword</method>
  <thread>1</thread>
  <message>End action : Response = sendRequest(findTestObject(\&amp;quot;Mercatus/Projects/Create Entity/Create project with invalid org id\&amp;quot;, [\&amp;quot;Authorization\&amp;quot;:Authorization, \&amp;quot;url3\&amp;quot;:findTestData(\&amp;quot;Create Entity\&amp;quot;).getValue(1, 1)]))</message>
  <nestedLevel>1</nestedLevel>
</record>
<record>
  <date>2019-03-05T16:08:41</date>
  <millis>1551782321319</millis>
  <sequence>154</sequence>
  <level>START</level>
  <class>com.kms.katalon.core.logging.XmlKeywordLogger</class>
  <method>startKeyword</method>
  <thread>1</thread>
  <message>Start action : containsString(Response, \&amp;quot;Access Denied.\&amp;quot;, false)</message>
  <nestedLevel>1</nestedLevel>
  <property name="startLine">19</property>
  <property name="stepIndex">2</property>
</record>
<record>
  <date>2019-03-05T16:08:41</date>
  <millis>1551782321320</millis>
  <sequence>157</sequence>
  <level>PASSED</level>
  <class>com.kms.katalon.core.logging.XmlKeywordLogger</class>
  <method>logMessage</method>
  <thread>1</thread>
  <message>Check contain string successfully</message>
  <nestedLevel>1</nestedLevel>
</record>
<record>
  <date>2019-03-05T16:08:41</date>
  <millis>1551782321321</millis>
  <sequence>158</sequence>
  <level>END</level>
  <class>com.kms.katalon.core.logging.XmlKeywordLogger</class>
  <method>endKeyword</method>
  <thread>1</thread>
  <message>End action : containsString(Response, \&amp;quot;Access Denied.\&amp;quot;, false)</message>
  <nestedLevel>1</nestedLevel>
</record>
<record>
  <date>2019-03-05T16:08:41</date>
  <millis>1551782321321</millis>
  <sequence>159</sequence>
  <level>PASSED</level>
  <class>com.kms.katalon.core.logging.XmlKeywordLogger</class>
  <method>logMessage</method>
  <thread>1</thread>
  <message>Test Cases/MercatusTestCases/ProjectTestCases/Create project with invalid OrgId</message>
  <nestedLevel>1</nestedLevel>
</record>
<record>
  <date>2019-03-05T16:08:41</date>
  <millis>1551782321322</millis>
  <sequence>160</sequence>
  <level>START</level>
  <class>com.kms.katalon.core.logging.XmlKeywordLogger</class>
  <method>startKeyword</method>
  <thread>1</thread>
  <message>Start listener action : afterTestCase</message>
  <nestedLevel>1</nestedLevel>
</record>
<record>
  <date>2019-03-05T16:08:41</date>
  <millis>1551782321322</millis>
  <sequence>162</sequence>
  <level>START</level>
  <class>com.kms.katalon.core.logging.XmlKeywordLogger</class>
  <method>startKeyword</method>
  <thread>1</thread>
  <message>Start action : try</message>
  <nestedLevel>1</nestedLevel>
  <property name="startLine">32</property>
  <property name="stepIndex">1</property>
</record>
<record>
  <date>2019-03-05T16:08:41</date>
  <millis>1551782321323</millis>
  <sequence>163</sequence>
  <level>START</level>
  <class>com.kms.katalon.core.logging.XmlKeywordLogger</class>
  <method>startKeyword</method>
  <thread>1</thread>
  <message>Start action : tc_ids = getTestCaseVariables()[\&amp;quot;testrail_tc_id\&amp;quot;].split(\&amp;quot;,\&amp;quot;)</message>
  <nestedLevel>2</nestedLevel>
  <property name="startLine">33</property>
  <property name="stepIndex">1</property>
</record>
<record>
  <date>2019-03-05T16:08:41</date>
  <millis>1551782321324</millis>
  <sequence>164</sequence>
  <level>END</level>
  <class>com.kms.katalon.core.logging.XmlKeywordLogger</class>
  <method>endKeyword</method>
  <thread>1</thread>
  <message>End action : tc_ids = getTestCaseVariables()[\&amp;quot;testrail_tc_id\&amp;quot;].split(\&amp;quot;,\&amp;quot;)</message>
  <nestedLevel>2</nestedLevel>
</record>
<record>
  <date>2019-03-05T16:08:41</date>
  <millis>1551782321325</millis>
  <sequence>165</sequence>
  <level>END</level>
  <class>com.kms.katalon.core.logging.XmlKeywordLogger</class>
  <method>endKeyword</method>
  <thread>1</thread>
  <message>End action : try</message>
  <nestedLevel>1</nestedLevel>
</record>
<record>
  <date>2019-03-05T16:08:41</date>
  <millis>1551782321325</millis>
  <sequence>166</sequence>
  <level>START</level>
  <class>com.kms.katalon.core.logging.XmlKeywordLogger</class>
  <method>startKeyword</method>
  <thread>1</thread>
  <message>Start action : catch (NullPointerException ex)</message>
  <nestedLevel>1</nestedLevel>
  <property name="startLine">38</property>
  <property name="stepIndex">2</property>
</record>
<record>
  <date>2019-03-05T16:08:41</date>
  <millis>1551782321326</millis>
  <sequence>168</sequence>
  <level>END</level>
  <class>com.kms.katalon.core.logging.XmlKeywordLogger</class>
  <method>endKeyword</method>
  <thread>1</thread>
  <message>End action : catch (NullPointerException ex)</message>
  <nestedLevel>1</nestedLevel>
</record>
<record>
  <date>2019-03-05T16:08:41</date>
  <millis>1551782321326</millis>
  <sequence>169</sequence>
  <level>END</level>
  <class>com.kms.katalon.core.logging.XmlKeywordLogger</class>
  <method>endKeyword</method>
  <thread>1</thread>
  <message>End listener action : afterTestCase</message>
  <nestedLevel>1</nestedLevel>
</record>
<record>
  <date>2019-03-05T16:08:41</date>
  <millis>1551782321327</millis>
  <sequence>170</sequence>
  <level>END</level>
  <class>com.kms.katalon.core.logging.XmlKeywordLogger</class>
  <method>endTest</method>
  <thread>1</thread>
  <message>End Test Case : Test Cases/MercatusTestCases/ProjectTestCases/Create project with invalid OrgId</message>
  <nestedLevel>0</nestedLevel>
</record>
<record>
  <date>2019-03-05T16:08:41</date>
  <millis>1551782321332</millis>
  <sequence>171</sequence>
  <level>START</level>
  <class>com.kms.katalon.core.logging.XmlKeywordLogger</class>
  <method>startTest</method>
  <thread>1</thread>
  <message>Start Test Case : Test Cases/MercatusTestCases/ProjectTestCases/Create project without adding data for all assumptions</message>
  <nestedLevel>1</nestedLevel>
  <property name="name">Test Cases/MercatusTestCases/ProjectTestCases/Create project without adding data for all assumptions</property>
  <property name="description">Create project without adding data for all assumptions</property>
  <property name="id">Test Cases/MercatusTestCases/ProjectTestCases/Create project without adding data for all assumptions</property>
  <property name="source">E:\\API-test\\Test Cases\\MercatusTestCases\\ProjectTestCases\\Create project without adding data for all assumptions.tc</property>
  <property name="isOptional">false</property>
</record>
<record>
  <date>2019-03-05T16:08:41</date>
  <millis>1551782321569</millis>
  <sequence>173</sequence>
  <level>START</level>
  <class>com.kms.katalon.core.logging.XmlKeywordLogger</class>
  <method>startKeyword</method>
  <thread>1</thread>
  <message>Start action : Response = sendRequest(findTestObject(\&amp;quot;Mercatus/Projects/Create Entity/Create project without adding data for all assumptions\&amp;quot;, [\&amp;quot;Authorization\&amp;quot;:Authorization, \&amp;quot;OrgId\&amp;quot;:findTestData(\&amp;quot;Create Entity\&amp;quot;).getValue(1, 1), \&amp;quot;url3\&amp;quot;:findTestData(\&amp;quot;Create Entity\&amp;quot;).getValue(1, 1)]))</message>
  <nestedLevel>1</nestedLevel>
  <property name="startLine">16</property>
  <property name="stepIndex">1</property>
</record>
<record>
  <date>2019-03-05T16:08:43</date>
  <millis>1551782323345</millis>
  <sequence>185</sequence>
  <level>INFO</level>
  <class>com.kms.katalon.core.logging.XmlKeywordLogger</class>
  <method>logMessage</method>
  <thread>1</thread>
  <message>HAR: E:\\API-test\\Reports\\New Test Suite\\20190305_160815\\requests\\main\\5.har</message>
  <nestedLevel>1</nestedLevel>
  <property name="harId">523840e9-855b-4adc-b98f-49051aa4f06d</property>
</record>
<record>
  <date>2019-03-05T16:08:43</date>
  <millis>1551782323348</millis>
  <sequence>186</sequence>
  <level>PASSED</level>
  <class>com.kms.katalon.core.logging.XmlKeywordLogger</class>
  <method>logMessage</method>
  <thread>1</thread>
  <message>Send request successfully</message>
  <nestedLevel>1</nestedLevel>
</record>
<record>
  <date>2019-03-05T16:08:43</date>
  <millis>1551782323349</millis>
  <sequence>187</sequence>
  <level>END</level>
  <class>com.kms.katalon.core.logging.XmlKeywordLogger</class>
  <method>endKeyword</method>
  <thread>1</thread>
  <message>End action : Response = sendRequest(findTestObject(\&amp;quot;Mercatus/Projects/Create Entity/Create project without adding data for all assumptions\&amp;quot;, [\&amp;quot;Authorization\&amp;quot;:Authorization, \&amp;quot;OrgId\&amp;quot;:findTestData(\&amp;quot;Create Entity\&amp;quot;).getValue(1, 1), \&amp;quot;url3\&amp;quot;:findTestData(\&amp;quot;Create Entity\&amp;quot;).getValue(1, 1)]))</message>
  <nestedLevel>1</nestedLevel>
</record>
<record>
  <date>2019-03-05T16:08:43</date>
  <millis>1551782323350</millis>
  <sequence>188</sequence>
  <level>START</level>
  <class>com.kms.katalon.core.logging.XmlKeywordLogger</class>
  <method>startKeyword</method>
  <thread>1</thread>
  <message>Start action : containsString(Response, \&amp;quot;The application has encountered an error, Please retry.\&amp;quot;, false)</message>
  <nestedLevel>1</nestedLevel>
  <property name="startLine">20</property>
  <property name="stepIndex">2</property>
</record>
<record>
  <date>2019-03-05T16:08:43</date>
  <millis>1551782323350</millis>
  <sequence>191</sequence>
  <level>PASSED</level>
  <class>com.kms.katalon.core.logging.XmlKeywordLogger</class>
  <method>logMessage</method>
  <thread>1</thread>
  <message>Check contain string successfully</message>
  <nestedLevel>1</nestedLevel>
</record>
<record>
  <date>2019-03-05T16:08:43</date>
  <millis>1551782323351</millis>
  <sequence>192</sequence>
  <level>END</level>
  <class>com.kms.katalon.core.logging.XmlKeywordLogger</class>
  <method>endKeyword</method>
  <thread>1</thread>
  <message>End action : containsString(Response, \&amp;quot;The application has encountered an error, Please retry.\&amp;quot;, false)</message>
  <nestedLevel>1</nestedLevel>
</record>
<record>
  <date>2019-03-05T16:08:43</date>
  <millis>1551782323351</millis>
  <sequence>193</sequence>
  <level>PASSED</level>
  <class>com.kms.katalon.core.logging.XmlKeywordLogger</class>
  <method>logMessage</method>
  <thread>1</thread>
  <message>Test Cases/MercatusTestCases/ProjectTestCases/Create project without adding data for all assumptions</message>
  <nestedLevel>1</nestedLevel>
</record>
<record>
  <date>2019-03-05T16:08:43</date>
  <millis>1551782323352</millis>
  <sequence>194</sequence>
  <level>START</level>
  <class>com.kms.katalon.core.logging.XmlKeywordLogger</class>
  <method>startKeyword</method>
  <thread>1</thread>
  <message>Start listener action : afterTestCase</message>
  <nestedLevel>1</nestedLevel>
</record>
<record>
  <date>2019-03-05T16:08:43</date>
  <millis>1551782323352</millis>
  <sequence>196</sequence>
  <level>START</level>
  <class>com.kms.katalon.core.logging.XmlKeywordLogger</class>
  <method>startKeyword</method>
  <thread>1</thread>
  <message>Start action : try</message>
  <nestedLevel>1</nestedLevel>
  <property name="startLine">32</property>
  <property name="stepIndex">1</property>
</record>
<record>
  <date>2019-03-05T16:08:43</date>
  <millis>1551782323353</millis>
  <sequence>197</sequence>
  <level>START</level>
  <class>com.kms.katalon.core.logging.XmlKeywordLogger</class>
  <method>startKeyword</method>
  <thread>1</thread>
  <message>Start action : tc_ids = getTestCaseVariables()[\&amp;quot;testrail_tc_id\&amp;quot;].split(\&amp;quot;,\&amp;quot;)</message>
  <nestedLevel>2</nestedLevel>
  <property name="startLine">33</property>
  <property name="stepIndex">1</property>
</record>
<record>
  <date>2019-03-05T16:08:43</date>
  <millis>1551782323353</millis>
  <sequence>198</sequence>
  <level>END</level>
  <class>com.kms.katalon.core.logging.XmlKeywordLogger</class>
  <method>endKeyword</method>
  <thread>1</thread>
  <message>End action : tc_ids = getTestCaseVariables()[\&amp;quot;testrail_tc_id\&amp;quot;].split(\&amp;quot;,\&amp;quot;)</message>
  <nestedLevel>2</nestedLevel>
</record>
<record>
  <date>2019-03-05T16:08:43</date>
  <millis>1551782323354</millis>
  <sequence>199</sequence>
  <level>END</level>
  <class>com.kms.katalon.core.logging.XmlKeywordLogger</class>
  <method>endKeyword</method>
  <thread>1</thread>
  <message>End action : try</message>
  <nestedLevel>1</nestedLevel>
</record>
<record>
  <date>2019-03-05T16:08:43</date>
  <millis>1551782323354</millis>
  <sequence>200</sequence>
  <level>START</level>
  <class>com.kms.katalon.core.logging.XmlKeywordLogger</class>
  <method>startKeyword</method>
  <thread>1</thread>
  <message>Start action : catch (NullPointerException ex)</message>
  <nestedLevel>1</nestedLevel>
  <property name="startLine">38</property>
  <property name="stepIndex">2</property>
</record>
<record>
  <date>2019-03-05T16:08:43</date>
  <millis>1551782323354</millis>
  <sequence>202</sequence>
  <level>END</level>
  <class>com.kms.katalon.core.logging.XmlKeywordLogger</class>
  <method>endKeyword</method>
  <thread>1</thread>
  <message>End action : catch (NullPointerException ex)</message>
  <nestedLevel>1</nestedLevel>
</record>
<record>
  <date>2019-03-05T16:08:43</date>
  <millis>1551782323355</millis>
  <sequence>203</sequence>
  <level>END</level>
  <class>com.kms.katalon.core.logging.XmlKeywordLogger</class>
  <method>endKeyword</method>
  <thread>1</thread>
  <message>End listener action : afterTestCase</message>
  <nestedLevel>1</nestedLevel>
</record>
<record>
  <date>2019-03-05T16:08:43</date>
  <millis>1551782323355</millis>
  <sequence>204</sequence>
  <level>END</level>
  <class>com.kms.katalon.core.logging.XmlKeywordLogger</class>
  <method>endTest</method>
  <thread>1</thread>
  <message>End Test Case : Test Cases/MercatusTestCases/ProjectTestCases/Create project without adding data for all assumptions</message>
  <nestedLevel>0</nestedLevel>
</record>
<record>
  <date>2019-03-05T16:08:43</date>
  <millis>1551782323359</millis>
  <sequence>205</sequence>
  <level>START</level>
  <class>com.kms.katalon.core.logging.XmlKeywordLogger</class>
  <method>startTest</method>
  <thread>1</thread>
  <message>Start Test Case : Test Cases/MercatusTestCases/ProjectTestCases/Create project without project name</message>
  <nestedLevel>1</nestedLevel>
  <property name="name">Test Cases/MercatusTestCases/ProjectTestCases/Create project without project name</property>
  <property name="description">Create project without project name</property>
  <property name="id">Test Cases/MercatusTestCases/ProjectTestCases/Create project without project name</property>
  <property name="source">E:\\API-test\\Test Cases\\MercatusTestCases\\ProjectTestCases\\Create project without project name.tc</property>
  <property name="isOptional">false</property>
</record>
<record>
  <date>2019-03-05T16:08:43</date>
  <millis>1551782323622</millis>
  <sequence>207</sequence>
  <level>START</level>
  <class>com.kms.katalon.core.logging.XmlKeywordLogger</class>
  <method>startKeyword</method>
  <thread>1</thread>
  <message>Start action : Response = sendRequest(findTestObject(\&amp;quot;Mercatus/Projects/Create Entity/Create project without project name\&amp;quot;, [\&amp;quot;Authorization\&amp;quot;:Authorization, \&amp;quot;url3\&amp;quot;:findTestData(\&amp;quot;Create Entity\&amp;quot;).getValue(1, 1), \&amp;quot;OrgId\&amp;quot;:findTestData(\&amp;quot;Create Entity\&amp;quot;).getValue(2, 1)]))</message>
  <nestedLevel>1</nestedLevel>
  <property name="startLine">16</property>
  <property name="stepIndex">1</property>
</record>
<record>
  <date>2019-03-05T16:08:53</date>
  <millis>1551782333463</millis>
  <sequence>219</sequence>
  <level>INFO</level>
  <class>com.kms.katalon.core.logging.XmlKeywordLogger</class>
  <method>logMessage</method>
  <thread>1</thread>
  <message>HAR: E:\\API-test\\Reports\\New Test Suite\\20190305_160815\\requests\\main\\6.har</message>
  <nestedLevel>1</nestedLevel>
  <property name="harId">9f41be9e-64ca-4055-afbc-4479df78f7d8</property>
</record>
<record>
  <date>2019-03-05T16:08:53</date>
  <millis>1551782333514</millis>
  <sequence>220</sequence>
  <level>PASSED</level>
  <class>com.kms.katalon.core.logging.XmlKeywordLogger</class>
  <method>logMessage</method>
  <thread>1</thread>
  <message>Send request successfully</message>
  <nestedLevel>1</nestedLevel>
</record>
<record>
  <date>2019-03-05T16:08:53</date>
  <millis>1551782333515</millis>
  <sequence>221</sequence>
  <level>END</level>
  <class>com.kms.katalon.core.logging.XmlKeywordLogger</class>
  <method>endKeyword</method>
  <thread>1</thread>
  <message>End action : Response = sendRequest(findTestObject(\&amp;quot;Mercatus/Projects/Create Entity/Create project without project name\&amp;quot;, [\&amp;quot;Authorization\&amp;quot;:Authorization, \&amp;quot;url3\&amp;quot;:findTestData(\&amp;quot;Create Entity\&amp;quot;).getValue(1, 1), \&amp;quot;OrgId\&amp;quot;:findTestData(\&amp;quot;Create Entity\&amp;quot;).getValue(2, 1)]))</message>
  <nestedLevel>1</nestedLevel>
</record>
<record>
  <date>2019-03-05T16:08:53</date>
  <millis>1551782333516</millis>
  <sequence>222</sequence>
  <level>START</level>
  <class>com.kms.katalon.core.logging.XmlKeywordLogger</class>
  <method>startKeyword</method>
  <thread>1</thread>
  <message>Start action : verifyResponseStatusCode(Response, 200)</message>
  <nestedLevel>1</nestedLevel>
  <property name="startLine">20</property>
  <property name="stepIndex">2</property>
</record>
<record>
  <date>2019-03-05T16:08:53</date>
  <millis>1551782333540</millis>
  <sequence>224</sequence>
  <level>PASSED</level>
  <class>com.kms.katalon.core.logging.XmlKeywordLogger</class>
  <method>logMessage</method>
  <thread>1</thread>
  <message>Verify response status code successfully</message>
  <nestedLevel>1</nestedLevel>
</record>
<record>
  <date>2019-03-05T16:08:53</date>
  <millis>1551782333540</millis>
  <sequence>225</sequence>
  <level>END</level>
  <class>com.kms.katalon.core.logging.XmlKeywordLogger</class>
  <method>endKeyword</method>
  <thread>1</thread>
  <message>End action : verifyResponseStatusCode(Response, 200)</message>
  <nestedLevel>1</nestedLevel>
</record>
<record>
  <date>2019-03-05T16:08:53</date>
  <millis>1551782333541</millis>
  <sequence>226</sequence>
  <level>PASSED</level>
  <class>com.kms.katalon.core.logging.XmlKeywordLogger</class>
  <method>logMessage</method>
  <thread>1</thread>
  <message>Test Cases/MercatusTestCases/ProjectTestCases/Create project without project name</message>
  <nestedLevel>1</nestedLevel>
</record>
<record>
  <date>2019-03-05T16:08:53</date>
  <millis>1551782333542</millis>
  <sequence>227</sequence>
  <level>START</level>
  <class>com.kms.katalon.core.logging.XmlKeywordLogger</class>
  <method>startKeyword</method>
  <thread>1</thread>
  <message>Start listener action : afterTestCase</message>
  <nestedLevel>1</nestedLevel>
</record>
<record>
  <date>2019-03-05T16:08:53</date>
  <millis>1551782333542</millis>
  <sequence>229</sequence>
  <level>START</level>
  <class>com.kms.katalon.core.logging.XmlKeywordLogger</class>
  <method>startKeyword</method>
  <thread>1</thread>
  <message>Start action : try</message>
  <nestedLevel>1</nestedLevel>
  <property name="startLine">32</property>
  <property name="stepIndex">1</property>
</record>
<record>
  <date>2019-03-05T16:08:53</date>
  <millis>1551782333545</millis>
  <sequence>230</sequence>
  <level>START</level>
  <class>com.kms.katalon.core.logging.XmlKeywordLogger</class>
  <method>startKeyword</method>
  <thread>1</thread>
  <message>Start action : tc_ids = getTestCaseVariables()[\&amp;quot;testrail_tc_id\&amp;quot;].split(\&amp;quot;,\&amp;quot;)</message>
  <nestedLevel>2</nestedLevel>
  <property name="startLine">33</property>
  <property name="stepIndex">1</property>
</record>
<record>
  <date>2019-03-05T16:08:53</date>
  <millis>1551782333548</millis>
  <sequence>231</sequence>
  <level>END</level>
  <class>com.kms.katalon.core.logging.XmlKeywordLogger</class>
  <method>endKeyword</method>
  <thread>1</thread>
  <message>End action : tc_ids = getTestCaseVariables()[\&amp;quot;testrail_tc_id\&amp;quot;].split(\&amp;quot;,\&amp;quot;)</message>
  <nestedLevel>2</nestedLevel>
</record>
<record>
  <date>2019-03-05T16:08:53</date>
  <millis>1551782333548</millis>
  <sequence>232</sequence>
  <level>END</level>
  <class>com.kms.katalon.core.logging.XmlKeywordLogger</class>
  <method>endKeyword</method>
  <thread>1</thread>
  <message>End action : try</message>
  <nestedLevel>1</nestedLevel>
</record>
<record>
  <date>2019-03-05T16:08:53</date>
  <millis>1551782333549</millis>
  <sequence>233</sequence>
  <level>START</level>
  <class>com.kms.katalon.core.logging.XmlKeywordLogger</class>
  <method>startKeyword</method>
  <thread>1</thread>
  <message>Start action : catch (NullPointerException ex)</message>
  <nestedLevel>1</nestedLevel>
  <property name="startLine">38</property>
  <property name="stepIndex">2</property>
</record>
<record>
  <date>2019-03-05T16:08:53</date>
  <millis>1551782333550</millis>
  <sequence>235</sequence>
  <level>END</level>
  <class>com.kms.katalon.core.logging.XmlKeywordLogger</class>
  <method>endKeyword</method>
  <thread>1</thread>
  <message>End action : catch (NullPointerException ex)</message>
  <nestedLevel>1</nestedLevel>
</record>
<record>
  <date>2019-03-05T16:08:53</date>
  <millis>1551782333550</millis>
  <sequence>236</sequence>
  <level>END</level>
  <class>com.kms.katalon.core.logging.XmlKeywordLogger</class>
  <method>endKeyword</method>
  <thread>1</thread>
  <message>End listener action : afterTestCase</message>
  <nestedLevel>1</nestedLevel>
</record>
<record>
  <date>2019-03-05T16:08:53</date>
  <millis>1551782333551</millis>
  <sequence>237</sequence>
  <level>END</level>
  <class>com.kms.katalon.core.logging.XmlKeywordLogger</class>
  <method>endTest</method>
  <thread>1</thread>
  <message>End Test Case : Test Cases/MercatusTestCases/ProjectTestCases/Create project without project name</message>
  <nestedLevel>0</nestedLevel>
</record>
<record>
  <date>2019-03-05T16:08:53</date>
  <millis>1551782333551</millis>
  <sequence>238</sequence>
  <level>START</level>
  <class>com.kms.katalon.core.logging.XmlKeywordLogger</class>
  <method>startKeyword</method>
  <thread>1</thread>
  <message>Start listener action : afterTestSuite</message>
  <nestedLevel>0</nestedLevel>
</record>
<record>
  <date>2019-03-05T16:08:53</date>
  <millis>1551782333553</millis>
  <sequence>240</sequence>
  <level>START</level>
  <class>com.kms.katalon.core.logging.XmlKeywordLogger</class>
  <method>startKeyword</method>
  <thread>1</thread>
  <message>Start action : callTestCase(findTestCase(\&amp;quot;Test Cases/TestRail_Update_Run_With_Results\&amp;quot;), [:], CONTINUE_ON_FAILURE)</message>
  <nestedLevel>1</nestedLevel>
  <property name="startLine">54</property>
  <property name="stepIndex">1</property>
  <property name="description">push results to testrail</property>
</record>
<record>
  <date>2019-03-05T16:08:53</date>
  <millis>1551782333708</millis>
  <sequence>243</sequence>
  <level>START</level>
  <class>com.kms.katalon.core.logging.XmlKeywordLogger</class>
  <method>startTest</method>
  <thread>1</thread>
  <message>Start Test Case : Test Cases/TestRail_Update_Run_With_Results</message>
  <nestedLevel>1</nestedLevel>
  <property name="name">Test Cases/TestRail_Update_Run_With_Results</property>
  <property name="description">Handle communivation between Katalon Studio and TestRail</property>
  <property name="id">Test Cases/TestRail_Update_Run_With_Results</property>
  <property name="source">E:\\API-test\\Test Cases\\TestRail_Update_Run_With_Results.tc</property>
  <property name="isOptional">false</property>
</record>
<record>
  <date>2019-03-05T16:08:54</date>
  <millis>1551782334482</millis>
  <sequence>245</sequence>
  <level>START</level>
  <class>com.kms.katalon.core.logging.XmlKeywordLogger</class>
  <method>startKeyword</method>
  <thread>1</thread>
  <message>Start action : response = Testrail.get_tests(G_testrail_run_id)</message>
  <nestedLevel>1</nestedLevel>
  <property name="startLine">30</property>
  <property name="stepIndex">1</property>
</record>
<record>
  <date>2019-03-05T16:08:54</date>
  <millis>1551782334545</millis>
  <sequence>246</sequence>
  <level>ERROR</level>
  <class>com.kms.katalon.core.logging.XmlKeywordLogger</class>
  <method>logMessage</method>
  <thread>1</thread>
  <message>No such property: ConditionType for class: Testrail</message>
  <nestedLevel>1</nestedLevel>
</record>
<record>
  <date>2019-03-05T16:08:54</date>
  <millis>1551782334566</millis>
  <sequence>248</sequence>
  <logger>com.kms.katalon.core.logging.XmlKeywordLogger</logger>
  <level>ERROR</level>
  <class>com.kms.katalon.core.logging.XmlKeywordLogger</class>
  <method>logMessage</method>
  <thread>1</thread>
  <message>response = Testrail.get_tests(G_testrail_run_id) FAILED.\nReason:\ngroovy.lang.MissingPropertyException: No such property: ConditionType for class: Testrail\r\n\tat Testrail.get_tests(Testrail.groovy:17)\r\n\tat Testrail.invokeMethod(Testrail.groovy)\r\n\tat com.kms.katalon.core.main.CustomKeywordDelegatingMetaClass.invokeStaticMethod(CustomKeywordDelegatingMetaClass.java:49)\r\n\tat TestRail_Update_Run_With_Results.run(TestRail_Update_Run_With_Results:30)\r\n\tat com.kms.katalon.core.main.ScriptEngine.run(ScriptEngine.java:194)\r\n\tat com.kms.katalon.core.main.ScriptEngine.runScriptAsRawText(ScriptEngine.java:119)\r\n\tat com.kms.katalon.core.main.TestCaseExecutor.runScript(TestCaseExecutor.java:328)\r\n\tat com.kms.katalon.core.main.TestCaseExecutor.doExecute(TestCaseExecutor.java:319)\r\n\tat com.kms.katalon.core.main.TestCaseExecutor.processExecutionPhase(TestCaseExecutor.java:298)\r\n\tat com.kms.katalon.core.main.TestCaseExecutor.accessMainPhase(TestCaseExecutor.java:290)\r\n\tat com.kms.katalon.core.main.TestCaseExecutor.execute(TestCaseExecutor.java:224)\r\n\tat com.kms.katalon.core.main.TestCaseMain.runTestCase(TestCaseMain.java:106)\r\n\tat com.kms.katalon.core.keyword.builtin.CallTestCaseKeyword$_callTestCase_closure1.doCall(CallTestCaseKeyword.groovy:59)\r\n\tat com.kms.katalon.core.keyword.builtin.CallTestCaseKeyword$_callTestCase_closure1.call(CallTestCaseKeyword.groovy)\r\n\tat com.kms.katalon.core.keyword.internal.KeywordMain.runKeyword(KeywordMain.groovy:54)\r\n\tat com.kms.katalon.core.keyword.builtin.CallTestCaseKeyword.callTestCase(CallTestCaseKeyword.groovy:80)\r\n\tat com.kms.katalon.core.keyword.builtin.CallTestCaseKeyword.execute(CallTestCaseKeyword.groovy:44)\r\n\tat com.kms.katalon.core.keyword.internal.KeywordExecutor.executeKeywordForPlatform(KeywordExecutor.groovy:53)\r\n\tat com.kms.katalon.core.keyword.BuiltinKeywords.callTestCase(BuiltinKeywords.groovy:334)\r\n\tat QA_Testrail_Listener.afterTestSuite(QA_Testrail_Listener.groovy:54)\r\n\tat QA_Testrail_Listener.invokeMethod(QA_Testrail_Listener.groovy)\r\n\tat com.kms.katalon.core.context.internal.TestHooker.invokeMethod(TestHooker.java:132)\r\n\tat com.kms.katalon.core.context.internal.TestHooker.lambda$3(TestHooker.java:116)\r\n\tat com.kms.katalon.core.context.internal.TestHooker.invokeContextMethods(TestHooker.java:115)\r\n\tat com.kms.katalon.core.context.internal.TestListenerCollector.lambda$3(TestListenerCollector.java:60)\r\n\tat com.kms.katalon.core.context.internal.TestListenerCollector.handleListenerEvent(TestListenerCollector.java:57)\r\n\tat com.kms.katalon.core.context.internal.ExecutionEventManager.publicEvent(ExecutionEventManager.java:36)\r\n\tat com.kms.katalon.core.main.TestSuiteExecutor.execute(TestSuiteExecutor.java:89)\r\n\tat com.kms.katalon.core.main.TestCaseMain.startTestSuite(TestCaseMain.java:149)\r\n\tat com.kms.katalon.core.main.TestCaseMain$startTestSuite$0.call(Unknown Source)\r\n\tat TempTestSuite1551782295450.run(TempTestSuite1551782295450.groovy:36)\r\n</message>
  <exception>
    <message>groovy.lang.MissingPropertyException: No such property: ConditionType for class: Testrail</message>
    <frame>
      <class>Testrail</class>
      <method>get_tests</method>
      <line>17</line>
    </frame>
    <frame>
      <class>Testrail</class>
      <method>invokeMethod</method>
    </frame>
    <frame>
      <class>com.kms.katalon.core.main.CustomKeywordDelegatingMetaClass</class>
      <method>invokeStaticMethod</method>
      <line>49</line>
    </frame>
    <frame>
      <class>TestRail_Update_Run_With_Results</class>
      <method>run</method>
      <line>30</line>
    </frame>
    <frame>
      <class>com.kms.katalon.core.main.ScriptEngine</class>
      <method>run</method>
      <line>194</line>
    </frame>
    <frame>
      <class>com.kms.katalon.core.main.ScriptEngine</class>
      <method>runScriptAsRawText</method>
      <line>119</line>
    </frame>
    <frame>
      <class>com.kms.katalon.core.main.TestCaseExecutor</class>
      <method>runScript</method>
      <line>328</line>
    </frame>
    <frame>
      <class>com.kms.katalon.core.main.TestCaseExecutor</class>
      <method>doExecute</method>
      <line>319</line>
    </frame>
    <frame>
      <class>com.kms.katalon.core.main.TestCaseExecutor</class>
      <method>processExecutionPhase</method>
      <line>298</line>
    </frame>
    <frame>
      <class>com.kms.katalon.core.main.TestCaseExecutor</class>
      <method>accessMainPhase</method>
      <line>290</line>
    </frame>
    <frame>
      <class>com.kms.katalon.core.main.TestCaseExecutor</class>
      <method>execute</method>
      <line>224</line>
    </frame>
    <frame>
      <class>com.kms.katalon.core.main.TestCaseMain</class>
      <method>runTestCase</method>
      <line>106</line>
    </frame>
    <frame>
      <class>com.kms.katalon.core.keyword.builtin.CallTestCaseKeyword$_callTestCase_closure1</class>
      <method>doCall</method>
      <line>59</line>
    </frame>
    <frame>
      <class>com.kms.katalon.core.keyword.builtin.CallTestCaseKeyword$_callTestCase_closure1</class>
      <method>call</method>
    </frame>
    <frame>
      <class>com.kms.katalon.core.keyword.internal.KeywordMain</class>
      <method>runKeyword</method>
      <line>54</line>
    </frame>
    <frame>
      <class>com.kms.katalon.core.keyword.builtin.CallTestCaseKeyword</class>
      <method>callTestCase</method>
      <line>80</line>
    </frame>
    <frame>
      <class>com.kms.katalon.core.keyword.builtin.CallTestCaseKeyword</class>
      <method>execute</method>
      <line>44</line>
    </frame>
    <frame>
      <class>com.kms.katalon.core.keyword.internal.KeywordExecutor</class>
      <method>executeKeywordForPlatform</method>
      <line>53</line>
    </frame>
    <frame>
      <class>com.kms.katalon.core.keyword.BuiltinKeywords</class>
      <method>callTestCase</method>
      <line>334</line>
    </frame>
    <frame>
      <class>QA_Testrail_Listener</class>
      <method>afterTestSuite</method>
      <line>54</line>
    </frame>
    <frame>
      <class>QA_Testrail_Listener</class>
      <method>invokeMethod</method>
    </frame>
    <frame>
      <class>com.kms.katalon.core.context.internal.TestHooker</class>
      <method>invokeMethod</method>
      <line>132</line>
    </frame>
    <frame>
      <class>com.kms.katalon.core.context.internal.TestHooker</class>
      <method>lambda$3</method>
      <line>116</line>
    </frame>
    <frame>
      <class>com.kms.katalon.core.context.internal.TestHooker</class>
      <method>invokeContextMethods</method>
      <line>115</line>
    </frame>
    <frame>
      <class>com.kms.katalon.core.context.internal.TestListenerCollector</class>
      <method>lambda$3</method>
      <line>60</line>
    </frame>
    <frame>
      <class>com.kms.katalon.core.context.internal.TestListenerCollector</class>
      <method>handleListenerEvent</method>
      <line>57</line>
    </frame>
    <frame>
      <class>com.kms.katalon.core.context.internal.ExecutionEventManager</class>
      <method>publicEvent</method>
      <line>36</line>
    </frame>
    <frame>
      <class>com.kms.katalon.core.main.TestSuiteExecutor</class>
      <method>execute</method>
      <line>89</line>
    </frame>
    <frame>
      <class>com.kms.katalon.core.main.TestCaseMain</class>
      <method>startTestSuite</method>
      <line>149</line>
    </frame>
    <frame>
      <class>com.kms.katalon.core.main.TestCaseMain$startTestSuite$0</class>
      <method>call</method>
    </frame>
    <frame>
      <class>TempTestSuite1551782295450</class>
      <method>run</method>
      <line>36</line>
    </frame>
  </exception>
  <nestedLevel>0</nestedLevel>
</record>
<record>
  <date>2019-03-05T16:08:54</date>
  <millis>1551782334573</millis>
  <sequence>249</sequence>
  <level>END</level>
  <class>com.kms.katalon.core.logging.XmlKeywordLogger</class>
  <method>endKeyword</method>
  <thread>1</thread>
  <message>End action : response = Testrail.get_tests(G_testrail_run_id)</message>
  <nestedLevel>1</nestedLevel>
</record>
<record>
  <date>2019-03-05T16:08:54</date>
  <millis>1551782334583</millis>
  <sequence>251</sequence>
  <logger>com.kms.katalon.core.logging.XmlKeywordLogger</logger>
  <level>ERROR</level>
  <class>com.kms.katalon.core.logging.XmlKeywordLogger</class>
  <method>logMessage</method>
  <thread>1</thread>
  <message>Test Cases/TestRail_Update_Run_With_Results FAILED.\nReason:\ngroovy.lang.MissingPropertyException: No such property: ConditionType for class: Testrail\r\n\tat Testrail.get_tests(Testrail.groovy:17)\r\n\tat Testrail.invokeMethod(Testrail.groovy)\r\n\tat com.kms.katalon.core.main.CustomKeywordDelegatingMetaClass.invokeStaticMethod(CustomKeywordDelegatingMetaClass.java:49)\r\n\tat TestRail_Update_Run_With_Results.run(TestRail_Update_Run_With_Results:30)\r\n\tat com.kms.katalon.core.main.ScriptEngine.run(ScriptEngine.java:194)\r\n\tat com.kms.katalon.core.main.ScriptEngine.runScriptAsRawText(ScriptEngine.java:119)\r\n\tat com.kms.katalon.core.main.TestCaseExecutor.runScript(TestCaseExecutor.java:328)\r\n\tat com.kms.katalon.core.main.TestCaseExecutor.doExecute(TestCaseExecutor.java:319)\r\n\tat com.kms.katalon.core.main.TestCaseExecutor.processExecutionPhase(TestCaseExecutor.java:298)\r\n\tat com.kms.katalon.core.main.TestCaseExecutor.accessMainPhase(TestCaseExecutor.java:290)\r\n\tat com.kms.katalon.core.main.TestCaseExecutor.execute(TestCaseExecutor.java:224)\r\n\tat com.kms.katalon.core.main.TestCaseMain.runTestCase(TestCaseMain.java:106)\r\n\tat com.kms.katalon.core.keyword.builtin.CallTestCaseKeyword$_callTestCase_closure1.doCall(CallTestCaseKeyword.groovy:59)\r\n\tat com.kms.katalon.core.keyword.builtin.CallTestCaseKeyword$_callTestCase_closure1.call(CallTestCaseKeyword.groovy)\r\n\tat com.kms.katalon.core.keyword.internal.KeywordMain.runKeyword(KeywordMain.groovy:54)\r\n\tat com.kms.katalon.core.keyword.builtin.CallTestCaseKeyword.callTestCase(CallTestCaseKeyword.groovy:80)\r\n\tat com.kms.katalon.core.keyword.builtin.CallTestCaseKeyword.execute(CallTestCaseKeyword.groovy:44)\r\n\tat com.kms.katalon.core.keyword.internal.KeywordExecutor.executeKeywordForPlatform(KeywordExecutor.groovy:53)\r\n\tat com.kms.katalon.core.keyword.BuiltinKeywords.callTestCase(BuiltinKeywords.groovy:334)\r\n\tat QA_Testrail_Listener.afterTestSuite(QA_Testrail_Listener.groovy:54)\r\n\tat QA_Testrail_Listener.invokeMethod(QA_Testrail_Listener.groovy)\r\n\tat com.kms.katalon.core.context.internal.TestHooker.invokeMethod(TestHooker.java:132)\r\n\tat com.kms.katalon.core.context.internal.TestHooker.lambda$3(TestHooker.java:116)\r\n\tat com.kms.katalon.core.context.internal.TestHooker.invokeContextMethods(TestHooker.java:115)\r\n\tat com.kms.katalon.core.context.internal.TestListenerCollector.lambda$3(TestListenerCollector.java:60)\r\n\tat com.kms.katalon.core.context.internal.TestListenerCollector.handleListenerEvent(TestListenerCollector.java:57)\r\n\tat com.kms.katalon.core.context.internal.ExecutionEventManager.publicEvent(ExecutionEventManager.java:36)\r\n\tat com.kms.katalon.core.main.TestSuiteExecutor.execute(TestSuiteExecutor.java:89)\r\n\tat com.kms.katalon.core.main.TestCaseMain.startTestSuite(TestCaseMain.java:149)\r\n\tat com.kms.katalon.core.main.TestCaseMain$startTestSuite$0.call(Unknown Source)\r\n\tat TempTestSuite1551782295450.run(TempTestSuite1551782295450.groovy:36)\r\n</message>
  <exception>
    <message>groovy.lang.MissingPropertyException: No such property: ConditionType for class: Testrail</message>
    <frame>
      <class>Testrail</class>
      <method>get_tests</method>
      <line>17</line>
    </frame>
    <frame>
      <class>Testrail</class>
      <method>invokeMethod</method>
    </frame>
    <frame>
      <class>com.kms.katalon.core.main.CustomKeywordDelegatingMetaClass</class>
      <method>invokeStaticMethod</method>
      <line>49</line>
    </frame>
    <frame>
      <class>TestRail_Update_Run_With_Results</class>
      <method>run</method>
      <line>30</line>
    </frame>
    <frame>
      <class>com.kms.katalon.core.main.ScriptEngine</class>
      <method>run</method>
      <line>194</line>
    </frame>
    <frame>
      <class>com.kms.katalon.core.main.ScriptEngine</class>
      <method>runScriptAsRawText</method>
      <line>119</line>
    </frame>
    <frame>
      <class>com.kms.katalon.core.main.TestCaseExecutor</class>
      <method>runScript</method>
      <line>328</line>
    </frame>
    <frame>
      <class>com.kms.katalon.core.main.TestCaseExecutor</class>
      <method>doExecute</method>
      <line>319</line>
    </frame>
    <frame>
      <class>com.kms.katalon.core.main.TestCaseExecutor</class>
      <method>processExecutionPhase</method>
      <line>298</line>
    </frame>
    <frame>
      <class>com.kms.katalon.core.main.TestCaseExecutor</class>
      <method>accessMainPhase</method>
      <line>290</line>
    </frame>
    <frame>
      <class>com.kms.katalon.core.main.TestCaseExecutor</class>
      <method>execute</method>
      <line>224</line>
    </frame>
    <frame>
      <class>com.kms.katalon.core.main.TestCaseMain</class>
      <method>runTestCase</method>
      <line>106</line>
    </frame>
    <frame>
      <class>com.kms.katalon.core.keyword.builtin.CallTestCaseKeyword$_callTestCase_closure1</class>
      <method>doCall</method>
      <line>59</line>
    </frame>
    <frame>
      <class>com.kms.katalon.core.keyword.builtin.CallTestCaseKeyword$_callTestCase_closure1</class>
      <method>call</method>
    </frame>
    <frame>
      <class>com.kms.katalon.core.keyword.internal.KeywordMain</class>
      <method>runKeyword</method>
      <line>54</line>
    </frame>
    <frame>
      <class>com.kms.katalon.core.keyword.builtin.CallTestCaseKeyword</class>
      <method>callTestCase</method>
      <line>80</line>
    </frame>
    <frame>
      <class>com.kms.katalon.core.keyword.builtin.CallTestCaseKeyword</class>
      <method>execute</method>
      <line>44</line>
    </frame>
    <frame>
      <class>com.kms.katalon.core.keyword.internal.KeywordExecutor</class>
      <method>executeKeywordForPlatform</method>
      <line>53</line>
    </frame>
    <frame>
      <class>com.kms.katalon.core.keyword.BuiltinKeywords</class>
      <method>callTestCase</method>
      <line>334</line>
    </frame>
    <frame>
      <class>QA_Testrail_Listener</class>
      <method>afterTestSuite</method>
      <line>54</line>
    </frame>
    <frame>
      <class>QA_Testrail_Listener</class>
      <method>invokeMethod</method>
    </frame>
    <frame>
      <class>com.kms.katalon.core.context.internal.TestHooker</class>
      <method>invokeMethod</method>
      <line>132</line>
    </frame>
    <frame>
      <class>com.kms.katalon.core.context.internal.TestHooker</class>
      <method>lambda$3</method>
      <line>116</line>
    </frame>
    <frame>
      <class>com.kms.katalon.core.context.internal.TestHooker</class>
      <method>invokeContextMethods</method>
      <line>115</line>
    </frame>
    <frame>
      <class>com.kms.katalon.core.context.internal.TestListenerCollector</class>
      <method>lambda$3</method>
      <line>60</line>
    </frame>
    <frame>
      <class>com.kms.katalon.core.context.internal.TestListenerCollector</class>
      <method>handleListenerEvent</method>
      <line>57</line>
    </frame>
    <frame>
      <class>com.kms.katalon.core.context.internal.ExecutionEventManager</class>
      <method>publicEvent</method>
      <line>36</line>
    </frame>
    <frame>
      <class>com.kms.katalon.core.main.TestSuiteExecutor</class>
      <method>execute</method>
      <line>89</line>
    </frame>
    <frame>
      <class>com.kms.katalon.core.main.TestCaseMain</class>
      <method>startTestSuite</method>
      <line>149</line>
    </frame>
    <frame>
      <class>com.kms.katalon.core.main.TestCaseMain$startTestSuite$0</class>
      <method>call</method>
    </frame>
    <frame>
      <class>TempTestSuite1551782295450</class>
      <method>run</method>
      <line>36</line>
    </frame>
  </exception>
  <nestedLevel>0</nestedLevel>
</record>
<record>
  <date>2019-03-05T16:08:54</date>
  <millis>1551782334585</millis>
  <sequence>252</sequence>
  <level>END</level>
  <class>com.kms.katalon.core.logging.XmlKeywordLogger</class>
  <method>endTest</method>
  <thread>1</thread>
  <message>End Test Case : Test Cases/TestRail_Update_Run_With_Results</message>
  <nestedLevel>0</nestedLevel>
</record>
<record>
  <date>2019-03-05T16:08:54</date>
  <millis>1551782334596</millis>
  <sequence>253</sequence>
  <level>FAILED</level>
  <class>com.kms.katalon.core.logging.XmlKeywordLogger</class>
  <method>logMessage</method>
  <thread>1</thread>
  <message>Unable to call Test Case &amp;apos;Test Cases/TestRail_Update_Run_With_Results&amp;apos; (Root cause: com.kms.katalon.core.exception.StepErrorException: Call Test Case &amp;apos;Test Cases/TestRail_Update_Run_With_Results&amp;apos; failed because of error(s))</message>
  <nestedLevel>0</nestedLevel>
</record>
<record>
  <date>2019-03-05T16:08:54</date>
  <millis>1551782334597</millis>
  <sequence>255</sequence>
  <level>END</level>
  <class>com.kms.katalon.core.logging.XmlKeywordLogger</class>
  <method>endKeyword</method>
  <thread>1</thread>
  <message>End action : callTestCase(findTestCase(\&amp;quot;Test Cases/TestRail_Update_Run_With_Results\&amp;quot;), [:], CONTINUE_ON_FAILURE)</message>
  <nestedLevel>1</nestedLevel>
</record>
<record>
  <date>2019-03-05T16:08:54</date>
  <millis>1551782334598</millis>
  <sequence>256</sequence>
  <level>END</level>
  <class>com.kms.katalon.core.logging.XmlKeywordLogger</class>
  <method>endKeyword</method>
  <thread>1</thread>
  <message>End listener action : afterTestSuite</message>
  <nestedLevel>0</nestedLevel>
</record>
<record>
  <date>2019-03-05T16:08:54</date>
  <millis>1551782334734</millis>
  <sequence>257</sequence>
  <level>END</level>
  <class>com.kms.katalon.core.logging.XmlKeywordLogger</class>
  <method>endSuite</method>
  <thread>1</thread>
  <message>End Test Suite : Test Suites/New Test Suite</message>
  <nestedLevel>0</nestedLevel>
</record>
</log>